#BEGIN: [Tue Apr 25 17:43:51 2023]
#HOST: mini13.local
#TIMELIMIT: 10800
#MEMLIMIT: 0
#FREQ: 10
#SOLVER: saf230420-16h03m-sat4j
#CSP: benchmark/automata-network/abdallah17amb/FGF_pathway.an
#K: 1
#COMMAND: /Users/soh/app/util/wrap.sh java -Xms16g -Xmx16g -jar /Users/soh/app/saf230420-16h03m/saf.jar -k 1 benchmark/automata-network/abdallah17amb/FGF_pathway.an
Using Sat4j SAT Solver

Aop,Aos,Cbl,Cic,Cnk,Der,Drk,Dsor1,Gap1,Gro,Kek,Ksr,Msk,PLCg,Pnt,Raf,Ras,Rl,Shc,Sos,Spi,Src42,Sty,Targets,Vein
k: 1, #Var: 145, #Clause: 518
#1
0000122210011122221221011
#2
0100111110011111111121011
#3
0000111110111111111121011
#4
0000122110011111111221111
#5
0000111110011111111111011
#6
0010111110011111111121011
#7
0110111110011111111121011
#8
0010111110111111111121011
#9
0110111110111111111121011
#10
0100111110111111111121011
#11
1011111111110101101121001
#12
1001000001000000000000000
#13
1101000001000000000000000
#14
1011000001000000000000000
#15
1111000001000000000000000
#16
1011100001000000000000000
#17
1001100001000000000000000
#18
1101100001000000000000000
#19
1111100001000000000000000
#20
1011100001100000000000000
#21
1001000001100000000000000
#22
1101000001100000000000000
#23
1011000001100000000000000
#24
1111000001100000000000000
#25
1111100001100000000000000
#26
1001100001100000000000000
#27
1101100001100000000000000
#28
1011100001110000000000000
#29
1001000001010000000000000
#30
1101000001010000000000000
#31
1011000001010000000000000
#32
1111000001010000000000000
#33
1011100001010000000000000
#34
1001100001010000000000000
#35
1101100001010000000000000
#36
1111100001010000000000000
#37
1111100001110000000000000
#38
1001000001110000000000000
#39
1101000001110000000000000
#40
1011000001110000000000000
#41
1111000001110000000000000
#42
1001100001110000000000000
#43
1101100001110000000000000
#44
1001100001111000000000000
#45
1001000001001000000000000
#46
1101000001001000000000000
#47
1011000001001000000000000
#48
1111000001001000000000000
#49
1011100001001000000000000
#50
1001100001001000000000000
#51
1101100001001000000000000
#52
1111100001001000000000000
#53
1011100001101000000000000
#54
1001000001101000000000000
#55
1101000001101000000000000
#56
1011000001101000000000000
#57
1111000001101000000000000
#58
1111100001101000000000000
#59
1001100001101000000000000
#60
1101100001101000000000000
#61
1011100001111000000000000
#62
1001000001011000000000000
#63
1101000001011000000000000
#64
1011000001011000000000000
#65
1111000001011000000000000
#66
1011100001011000000000000
#67
1001100001011000000000000
#68
1101100001011000000000000
#69
1111100001011000000000000
#70
1111100001111000000000000
#71
1001000001111000000000000
#72
1101000001111000000000000
#73
1011000001111000000000000
#74
1111000001111000000000000
#75
1101100001111000000000000
#76
1001100001111000001000000
#77
1001000001000000001000000
#78
1101000001000000001000000
#79
1011000001000000001000000
#80
1111000001000000001000000
#81
1011100001000000001000000
#82
1001100001000000001000000
#83
1101100001000000001000000
#84
1111100001000000001000000
#85
1011100001100000001000000
#86
1001000001100000001000000
#87
1101000001100000001000000
#88
1011000001100000001000000
#89
1111000001100000001000000
#90
1111100001100000001000000
#91
1001100001100000001000000
#92
1101100001100000001000000
#93
1011100001110000001000000
#94
1001000001010000001000000
#95
1101000001010000001000000
#96
1011000001010000001000000
#97
1111000001010000001000000
#98
1011100001010000001000000
#99
1001100001010000001000000
#100
1101100001010000001000000
#101
1111100001010000001000000
#102
1111100001110000001000000
#103
1001000001110000001000000
#104
1101000001110000001000000
#105
1011000001110000001000000
#106
1111000001110000001000000
#107
1001100001110000001000000
#108
1101100001110000001000000
#109
1101100001111000001000000
#110
1001000001001000001000000
#111
1101000001001000001000000
#112
1011000001001000001000000
#113
1111000001001000001000000
#114
1011100001001000001000000
#115
1001100001001000001000000
#116
1101100001001000001000000
#117
1111100001001000001000000
#118
1011100001101000001000000
#119
1001000001101000001000000
#120
1101000001101000001000000
#121
1011000001101000001000000
#122
1111000001101000001000000
#123
1111100001101000001000000
#124
1001100001101000001000000
#125
1101100001101000001000000
#126
1011100001111000001000000
#127
1001000001011000001000000
#128
1101000001011000001000000
#129
1011000001011000001000000
#130
1111000001011000001000000
#131
1011100001011000001000000
#132
1001100001011000001000000
#133
1101100001011000001000000
#134
1111100001011000001000000
#135
1111100001111000001000000
#136
1001000001111000001000000
#137
1101000001111000001000000
#138
1011000001111000001000000
#139
1111000001111000001000000
#140
1001100001111000001010000
#141
1001000001000000000010000
#142
1101000001000000000010000
#143
1011000001000000000010000
#144
1111000001000000000010000
#145
1011100001000000000010000
#146
1001100001000000000010000
#147
1101100001000000000010000
#148
1111100001000000000010000
#149
1011100001100000000010000
#150
1001000001100000000010000
#151
1101000001100000000010000
#152
1011000001100000000010000
#153
1111000001100000000010000
#154
1111100001100000000010000
#155
1001100001100000000010000
#156
1101100001100000000010000
#157
1011100001110000000010000
#158
1001000001010000000010000
#159
1101000001010000000010000
#160
1011000001010000000010000
#161
1111000001010000000010000
#162
1011100001010000000010000
#163
1001100001010000000010000
#164
1101100001010000000010000
#165
1111100001010000000010000
#166
1111100001110000000010000
#167
1001000001110000000010000
#168
1101000001110000000010000
#169
1011000001110000000010000
#170
1111000001110000000010000
#171
1001100001110000000010000
#172
1101100001110000000010000
#173
1001100001111000000010000
#174
1001000001001000000010000
#175
1101000001001000000010000
#176
1011000001001000000010000
#177
1111000001001000000010000
#178
1011100001001000000010000
#179
1001100001001000000010000
#180
1101100001001000000010000
#181
1111100001001000000010000
#182
1011100001101000000010000
#183
1001000001101000000010000
#184
1101000001101000000010000
#185
1011000001101000000010000
#186
1111000001101000000010000
#187
1111100001101000000010000
#188
1001100001101000000010000
#189
1101100001101000000010000
#190
1011100001111000000010000
#191
1001000001011000000010000
#192
1101000001011000000010000
#193
1011000001011000000010000
#194
1111000001011000000010000
#195
1011100001011000000010000
#196
1001100001011000000010000
#197
1101100001011000000010000
#198
1111100001011000000010000
#199
1111100001111000000010000
#200
1001000001111000000010000
#201
1101000001111000000010000
#202
1011000001111000000010000
#203
1111000001111000000010000
#204
1101100001111000000010000
#205
1101100001111000001010000
#206
1101000001000000001010000
#207
1011000001000000001010000
#208
1111000001000000001010000
#209
1011100001000000001010000
#210
1101100001000000001010000
#211
1111100001000000001010000
#212
1011100001100000001010000
#213
1001000001100000001010000
#214
1101000001100000001010000
#215
1011000001100000001010000
#216
1111000001100000001010000
#217
1111100001100000001010000
#218
1001100001100000001010000
#219
1101100001100000001010000
#220
1011100001110000001010000
#221
1101000001010000001010000
#222
1011000001010000001010000
#223
1111000001010000001010000
#224
1011100001010000001010000
#225
1101100001010000001010000
#226
1111100001010000001010000
#227
1111100001110000001010000
#228
1001000001110000001010000
#229
1101000001110000001010000
#230
1011000001110000001010000
#231
1111000001110000001010000
#232
1001100001110000001010000
#233
1101100001110000001010000
#234
1001000001111000001010000
#235
1101000001001000001010000
#236
1011000001001000001010000
#237
1111000001001000001010000
#238
1011100001001000001010000
#239
1101100001001000001010000
#240
1111100001001000001010000
#241
1011100001101000001010000
#242
1001000001101000001010000
#243
1101000001101000001010000
#244
1011000001101000001010000
#245
1111000001101000001010000
#246
1111100001101000001010000
#247
1001100001101000001010000
#248
1101100001101000001010000
#249
1011100001111000001010000
#250
1101000001011000001010000
#251
1011000001011000001010000
#252
1111000001011000001010000
#253
1011100001011000001010000
#254
1101100001011000001010000
#255
1111100001011000001010000
#256
1111100001111000001010000
#257
1101000001111000001010000
#258
1011000001111000001010000
#259
1111000001111000001010000
#260
1011100001111000000020000
#261
1001000001000000000020000
#262
1101000001000000000020000
#263
1011000001000000000020000
#264
1111000001000000000020000
#265
1011100001000000000020000
#266
1001100001000000000020000
#267
1101100001000000000020000
#268
1111100001000000000020000
#269
1011100001100000000020000
#270
1001000001100000000020000
#271
1101000001100000000020000
#272
1011000001100000000020000
#273
1111000001100000000020000
#274
1111100001100000000020000
#275
1001100001100000000020000
#276
1101100001100000000020000
#277
1011100001110000000020000
#278
1001000001010000000020000
#279
1101000001010000000020000
#280
1011000001010000000020000
#281
1111000001010000000020000
#282
1011100001010000000020000
#283
1001100001010000000020000
#284
1101100001010000000020000
#285
1111100001010000000020000
#286
1111100001110000000020000
#287
1001000001110000000020000
#288
1101000001110000000020000
#289
1011000001110000000020000
#290
1111000001110000000020000
#291
1001100001110000000020000
#292
1101100001110000000020000
#293
1001100001111000000020000
#294
1001000001001000000020000
#295
1101000001001000000020000
#296
1011000001001000000020000
#297
1111000001001000000020000
#298
1011100001001000000020000
#299
1001100001001000000020000
#300
1101100001001000000020000
#301
1111100001001000000020000
#302
1011100001101000000020000
#303
1001000001101000000020000
#304
1101000001101000000020000
#305
1011000001101000000020000
#306
1111000001101000000020000
#307
1111100001101000000020000
#308
1001100001101000000020000
#309
1101100001101000000020000
#310
1111100001111000000020000
#311
1001000001011000000020000
#312
1101000001011000000020000
#313
1011000001011000000020000
#314
1111000001011000000020000
#315
1011100001011000000020000
#316
1001100001011000000020000
#317
1101100001011000000020000
#318
1111100001011000000020000
#319
1011000001111000000020000
#320
1001000001111000000020000
#321
1101000001111000000020000
#322
1111000001111000000020000
#323
1101100001111000000020000
#324
1001100001111000000021000
#325
1001000001000000000001000
#326
1101000001000000000001000
#327
1011000001000000000001000
#328
1111000001000000000001000
#329
1011100001000000000001000
#330
1001100001000000000001000
#331
1101100001000000000001000
#332
1111100001000000000001000
#333
1011100001100000000001000
#334
1001000001100000000001000
#335
1101000001100000000001000
#336
1011000001100000000001000
#337
1111000001100000000001000
#338
1111100001100000000001000
#339
1001100001100000000001000
#340
1101100001100000000001000
#341
1011100001110000000001000
#342
1001000001010000000001000
#343
1101000001010000000001000
#344
1011000001010000000001000
#345
1111000001010000000001000
#346
1011100001010000000001000
#347
1001100001010000000001000
#348
1101100001010000000001000
#349
1111100001010000000001000
#350
1111100001110000000001000
#351
1001000001110000000001000
#352
1101000001110000000001000
#353
1011000001110000000001000
#354
1111000001110000000001000
#355
1001100001110000000001000
#356
1101100001110000000001000
#357
1001100001111000000001000
#358
1001000001001000000001000
#359
1101000001001000000001000
#360
1011000001001000000001000
#361
1111000001001000000001000
#362
1011100001001000000001000
#363
1001100001001000000001000
#364
1101100001001000000001000
#365
1111100001001000000001000
#366
1011100001101000000001000
#367
1001000001101000000001000
#368
1101000001101000000001000
#369
1011000001101000000001000
#370
1111000001101000000001000
#371
1111100001101000000001000
#372
1001100001101000000001000
#373
1101100001101000000001000
#374
1011100001111000000001000
#375
1001000001011000000001000
#376
1101000001011000000001000
#377
1011000001011000000001000
#378
1111000001011000000001000
#379
1011100001011000000001000
#380
1001100001011000000001000
#381
1101100001011000000001000
#382
1111100001011000000001000
#383
1111100001111000000001000
#384
1001000001111000000001000
#385
1101000001111000000001000
#386
1011000001111000000001000
#387
1111000001111000000001000
#388
1101100001111000000001000
#389
1001100001111000001001000
#390
1001000001000000001001000
#391
1101000001000000001001000
#392
1011000001000000001001000
#393
1111000001000000001001000
#394
1011100001000000001001000
#395
1001100001000000001001000
#396
1101100001000000001001000
#397
1111100001000000001001000
#398
1011100001100000001001000
#399
1001000001100000001001000
#400
1101000001100000001001000
#401
1011000001100000001001000
#402
1111000001100000001001000
#403
1111100001100000001001000
#404
1001100001100000001001000
#405
1101100001100000001001000
#406
1011100001110000001001000
#407
1001000001010000001001000
#408
1101000001010000001001000
#409
1011000001010000001001000
#410
1111000001010000001001000
#411
1011100001010000001001000
#412
1001100001010000001001000
#413
1101100001010000001001000
#414
1111100001010000001001000
#415
1111100001110000001001000
#416
1001000001110000001001000
#417
1101000001110000001001000
#418
1011000001110000001001000
#419
1111000001110000001001000
#420
1001100001110000001001000
#421
1101100001110000001001000
#422
1101100001111000001001000
#423
1001000001001000001001000
#424
1101000001001000001001000
#425
1011000001001000001001000
#426
1111000001001000001001000
#427
1011100001001000001001000
#428
1001100001001000001001000
#429
1101100001001000001001000
#430
1111100001001000001001000
#431
1011100001101000001001000
#432
1001000001101000001001000
#433
1101000001101000001001000
#434
1011000001101000001001000
#435
1111000001101000001001000
#436
1111100001101000001001000
#437
1001100001101000001001000
#438
1101100001101000001001000
#439
1011100001111000001001000
#440
1001000001011000001001000
#441
1101000001011000001001000
#442
1011000001011000001001000
#443
1111000001011000001001000
#444
1011100001011000001001000
#445
1001100001011000001001000
#446
1101100001011000001001000
#447
1111100001011000001001000
#448
1111100001111000001001000
#449
1001000001111000001001000
#450
1101000001111000001001000
#451
1011000001111000001001000
#452
1111000001111000001001000
#453
1001100001111000001011000
#454
1001000001000000000011000
#455
1101000001000000000011000
#456
1011000001000000000011000
#457
1111000001000000000011000
#458
1011100001000000000011000
#459
1001100001000000000011000
#460
1101100001000000000011000
#461
1111100001000000000011000
#462
1011100001100000000011000
#463
1001000001100000000011000
#464
1101000001100000000011000
#465
1011000001100000000011000
#466
1111000001100000000011000
#467
1111100001100000000011000
#468
1001100001100000000011000
#469
1101100001100000000011000
#470
1011100001110000000011000
#471
1001000001010000000011000
#472
1101000001010000000011000
#473
1011000001010000000011000
#474
1111000001010000000011000
#475
1011100001010000000011000
#476
1001100001010000000011000
#477
1101100001010000000011000
#478
1111100001010000000011000
#479
1111100001110000000011000
#480
1001000001110000000011000
#481
1101000001110000000011000
#482
1011000001110000000011000
#483
1111000001110000000011000
#484
1001100001110000000011000
#485
1101100001110000000011000
#486
1001100001111000000011000
#487
1001000001001000000011000
#488
1101000001001000000011000
#489
1011000001001000000011000
#490
1111000001001000000011000
#491
1011100001001000000011000
#492
1001100001001000000011000
#493
1101100001001000000011000
#494
1111100001001000000011000
#495
1011100001101000000011000
#496
1001000001101000000011000
#497
1101000001101000000011000
#498
1011000001101000000011000
#499
1111000001101000000011000
#500
1111100001101000000011000
#501
1001100001101000000011000
#502
1101100001101000000011000
#503
1011100001111000000011000
#504
1001000001011000000011000
#505
1101000001011000000011000
#506
1011000001011000000011000
#507
1111000001011000000011000
#508
1011100001011000000011000
#509
1001100001011000000011000
#510
1101100001011000000011000
#511
1111100001011000000011000
#512
1111100001111000000011000
#513
1001000001111000000011000
#514
1101000001111000000011000
#515
1011000001111000000011000
#516
1111000001111000000011000
#517
1101100001111000000011000
#518
1101100001111000001011000
#519
1101000001000000001011000
#520
1011000001000000001011000
#521
1111000001000000001011000
#522
1011100001000000001011000
#523
1101100001000000001011000
#524
1111100001000000001011000
#525
1011100001100000001011000
#526
1001000001100000001011000
#527
1101000001100000001011000
#528
1011000001100000001011000
#529
1111000001100000001011000
#530
1111100001100000001011000
#531
1001100001100000001011000
#532
1101100001100000001011000
#533
1011100001110000001011000
#534
1101000001010000001011000
#535
1011000001010000001011000
#536
1111000001010000001011000
#537
1011100001010000001011000
#538
1101100001010000001011000
#539
1111100001010000001011000
#540
1111100001110000001011000
#541
1001000001110000001011000
#542
1101000001110000001011000
#543
1011000001110000001011000
#544
1111000001110000001011000
#545
1001100001110000001011000
#546
1101100001110000001011000
#547
1001000001111000001011000
#548
1101000001001000001011000
#549
1011000001001000001011000
#550
1111000001001000001011000
#551
1011100001001000001011000
#552
1101100001001000001011000
#553
1111100001001000001011000
#554
1011100001101000001011000
#555
1001000001101000001011000
#556
1101000001101000001011000
#557
1011000001101000001011000
#558
1111000001101000001011000
#559
1111100001101000001011000
#560
1001100001101000001011000
#561
1101100001101000001011000
#562
1011100001111000001011000
#563
1101000001011000001011000
#564
1011000001011000001011000
#565
1111000001011000001011000
#566
1011100001011000001011000
#567
1101100001011000001011000
#568
1111100001011000001011000
#569
1111100001111000001011000
#570
1101000001111000001011000
#571
1011000001111000001011000
#572
1111000001111000001011000
#573
1011100001111000000021000
#574
1001000001000000000021000
#575
1101000001000000000021000
#576
1011000001000000000021000
#577
1111000001000000000021000
#578
1011100001000000000021000
#579
1001100001000000000021000
#580
1101100001000000000021000
#581
1111100001000000000021000
#582
1011100001100000000021000
#583
1001000001100000000021000
#584
1101000001100000000021000
#585
1011000001100000000021000
#586
1111000001100000000021000
#587
1111100001100000000021000
#588
1001100001100000000021000
#589
1101100001100000000021000
#590
1011100001110000000021000
#591
1001000001010000000021000
#592
1101000001010000000021000
#593
1011000001010000000021000
#594
1111000001010000000021000
#595
1011100001010000000021000
#596
1001100001010000000021000
#597
1101100001010000000021000
#598
1111100001010000000021000
#599
1111100001110000000021000
#600
1001000001110000000021000
#601
1101000001110000000021000
#602
1011000001110000000021000
#603
1111000001110000000021000
#604
1001100001110000000021000
#605
1101100001110000000021000
#606
1101100001111000000021000
#607
1001000001001000000021000
#608
1101000001001000000021000
#609
1011000001001000000021000
#610
1111000001001000000021000
#611
1011100001001000000021000
#612
1001100001001000000021000
#613
1101100001001000000021000
#614
1111100001001000000021000
#615
1011100001101000000021000
#616
1001000001101000000021000
#617
1101000001101000000021000
#618
1011000001101000000021000
#619
1111000001101000000021000
#620
1111100001101000000021000
#621
1001100001101000000021000
#622
1101100001101000000021000
#623
1111100001111000000021000
#624
1001000001011000000021000
#625
1101000001011000000021000
#626
1011000001011000000021000
#627
1111000001011000000021000
#628
1011100001011000000021000
#629
1001100001011000000021000
#630
1101100001011000000021000
#631
1111100001011000000021000
#632
1011000001111000000021000
#633
1001000001111000000021000
#634
1101000001111000000021000
#635
1111000001111000000021000
#636
1011100001111000000021100
#637
1001000001000000000000100
#638
1101000001000000000000100
#639
1011000001000000000000100
#640
1111000001000000000000100
#641
1011100001000000000000100
#642
1001100001000000000000100
#643
1101100001000000000000100
#644
1111100001000000000000100
#645
1011100001100000000000100
#646
1001000001100000000000100
#647
1101000001100000000000100
#648
1011000001100000000000100
#649
1111000001100000000000100
#650
1111100001100000000000100
#651
1001100001100000000000100
#652
1101100001100000000000100
#653
1011100001110000000000100
#654
1001000001010000000000100
#655
1101000001010000000000100
#656
1011000001010000000000100
#657
1111000001010000000000100
#658
1011100001010000000000100
#659
1001100001010000000000100
#660
1101100001010000000000100
#661
1111100001010000000000100
#662
1111100001110000000000100
#663
1001000001110000000000100
#664
1101000001110000000000100
#665
1011000001110000000000100
#666
1111000001110000000000100
#667
1001100001110000000000100
#668
1101100001110000000000100
#669
1001100001111000000000100
#670
1001000001001000000000100
#671
1101000001001000000000100
#672
1011000001001000000000100
#673
1111000001001000000000100
#674
1011100001001000000000100
#675
1001100001001000000000100
#676
1101100001001000000000100
#677
1111100001001000000000100
#678
1011100001101000000000100
#679
1001000001101000000000100
#680
1101000001101000000000100
#681
1011000001101000000000100
#682
1111000001101000000000100
#683
1111100001101000000000100
#684
1001100001101000000000100
#685
1101100001101000000000100
#686
1011100001111000000000100
#687
1001000001011000000000100
#688
1101000001011000000000100
#689
1011000001011000000000100
#690
1111000001011000000000100
#691
1011100001011000000000100
#692
1001100001011000000000100
#693
1101100001011000000000100
#694
1111100001011000000000100
#695
1111100001111000000000100
#696
1001000001111000000000100
#697
1101000001111000000000100
#698
1011000001111000000000100
#699
1111000001111000000000100
#700
1101100001111000000000100
#701
1001100001111000001000100
#702
1001000001000000001000100
#703
1101000001000000001000100
#704
1011000001000000001000100
#705
1111000001000000001000100
#706
1011100001000000001000100
#707
1001100001000000001000100
#708
1101100001000000001000100
#709
1111100001000000001000100
#710
1011100001100000001000100
#711
1001000001100000001000100
#712
1101000001100000001000100
#713
1011000001100000001000100
#714
1111000001100000001000100
#715
1111100001100000001000100
#716
1001100001100000001000100
#717
1101100001100000001000100
#718
1011100001110000001000100
#719
1001000001010000001000100
#720
1101000001010000001000100
#721
1011000001010000001000100
#722
1111000001010000001000100
#723
1011100001010000001000100
#724
1001100001010000001000100
#725
1101100001010000001000100
#726
1111100001010000001000100
#727
1111100001110000001000100
#728
1001000001110000001000100
#729
1101000001110000001000100
#730
1011000001110000001000100
#731
1111000001110000001000100
#732
1001100001110000001000100
#733
1101100001110000001000100
#734
1101100001111000001000100
#735
1001000001001000001000100
#736
1101000001001000001000100
#737
1011000001001000001000100
#738
1111000001001000001000100
#739
1011100001001000001000100
#740
1001100001001000001000100
#741
1101100001001000001000100
#742
1111100001001000001000100
#743
1011100001101000001000100
#744
1001000001101000001000100
#745
1101000001101000001000100
#746
1011000001101000001000100
#747
1111000001101000001000100
#748
1111100001101000001000100
#749
1001100001101000001000100
#750
1101100001101000001000100
#751
1011100001111000001000100
#752
1001000001011000001000100
#753
1101000001011000001000100
#754
1011000001011000001000100
#755
1111000001011000001000100
#756
1011100001011000001000100
#757
1001100001011000001000100
#758
1101100001011000001000100
#759
1111100001011000001000100
#760
1111100001111000001000100
#761
1001000001111000001000100
#762
1101000001111000001000100
#763
1011000001111000001000100
#764
1111000001111000001000100
#765
1001100001111000001010100
#766
1001000001000000000010100
#767
1101000001000000000010100
#768
1011000001000000000010100
#769
1111000001000000000010100
#770
1011100001000000000010100
#771
1001100001000000000010100
#772
1101100001000000000010100
#773
1111100001000000000010100
#774
1011100001100000000010100
#775
1001000001100000000010100
#776
1101000001100000000010100
#777
1011000001100000000010100
#778
1111000001100000000010100
#779
1111100001100000000010100
#780
1001100001100000000010100
#781
1101100001100000000010100
#782
1011100001110000000010100
#783
1001000001010000000010100
#784
1101000001010000000010100
#785
1011000001010000000010100
#786
1111000001010000000010100
#787
1011100001010000000010100
#788
1001100001010000000010100
#789
1101100001010000000010100
#790
1111100001010000000010100
#791
1111100001110000000010100
#792
1001000001110000000010100
#793
1101000001110000000010100
#794
1011000001110000000010100
#795
1111000001110000000010100
#796
1001100001110000000010100
#797
1101100001110000000010100
#798
1001100001111000000010100
#799
1001000001001000000010100
#800
1101000001001000000010100
#801
1011000001001000000010100
#802
1111000001001000000010100
#803
1011100001001000000010100
#804
1001100001001000000010100
#805
1101100001001000000010100
#806
1111100001001000000010100
#807
1011100001101000000010100
#808
1001000001101000000010100
#809
1101000001101000000010100
#810
1011000001101000000010100
#811
1111000001101000000010100
#812
1111100001101000000010100
#813
1001100001101000000010100
#814
1101100001101000000010100
#815
1011100001111000000010100
#816
1001000001011000000010100
#817
1101000001011000000010100
#818
1011000001011000000010100
#819
1111000001011000000010100
#820
1011100001011000000010100
#821
1001100001011000000010100
#822
1101100001011000000010100
#823
1111100001011000000010100
#824
1111100001111000000010100
#825
1001000001111000000010100
#826
1101000001111000000010100
#827
1011000001111000000010100
#828
1111000001111000000010100
#829
1101100001111000000010100
#830
1101100001111000001010100
#831
1101000001000000001010100
#832
1011000001000000001010100
#833
1111000001000000001010100
#834
1011100001000000001010100
#835
1101100001000000001010100
#836
1111100001000000001010100
#837
1011100001100000001010100
#838
1001000001100000001010100
#839
1101000001100000001010100
#840
1011000001100000001010100
#841
1111000001100000001010100
#842
1111100001100000001010100
#843
1001100001100000001010100
#844
1101100001100000001010100
#845
1011100001110000001010100
#846
1101000001010000001010100
#847
1011000001010000001010100
#848
1111000001010000001010100
#849
1011100001010000001010100
#850
1101100001010000001010100
#851
1111100001010000001010100
#852
1111100001110000001010100
#853
1001000001110000001010100
#854
1101000001110000001010100
#855
1011000001110000001010100
#856
1111000001110000001010100
#857
1001100001110000001010100
#858
1101100001110000001010100
#859
1001000001111000001010100
#860
1101000001001000001010100
#861
1011000001001000001010100
#862
1111000001001000001010100
#863
1011100001001000001010100
#864
1101100001001000001010100
#865
1111100001001000001010100
#866
1011100001101000001010100
#867
1001000001101000001010100
#868
1101000001101000001010100
#869
1011000001101000001010100
#870
1111000001101000001010100
#871
1111100001101000001010100
#872
1001100001101000001010100
#873
1101100001101000001010100
#874
1011100001111000001010100
#875
1101000001011000001010100
#876
1011000001011000001010100
#877
1111000001011000001010100
#878
1011100001011000001010100
#879
1101100001011000001010100
#880
1111100001011000001010100
#881
1111100001111000001010100
#882
1101000001111000001010100
#883
1011000001111000001010100
#884
1111000001111000001010100
#885
1011100001111000000020100
#886
1001000001000000000020100
#887
1101000001000000000020100
#888
1011000001000000000020100
#889
1111000001000000000020100
#890
1011100001000000000020100
#891
1001100001000000000020100
#892
1101100001000000000020100
#893
1111100001000000000020100
#894
1011100001100000000020100
#895
1001000001100000000020100
#896
1101000001100000000020100
#897
1011000001100000000020100
#898
1111000001100000000020100
#899
1111100001100000000020100
#900
1001100001100000000020100
#901
1101100001100000000020100
#902
1011100001110000000020100
#903
1001000001010000000020100
#904
1101000001010000000020100
#905
1011000001010000000020100
#906
1111000001010000000020100
#907
1011100001010000000020100
#908
1001100001010000000020100
#909
1101100001010000000020100
#910
1111100001010000000020100
#911
1111100001110000000020100
#912
1001000001110000000020100
#913
1101000001110000000020100
#914
1011000001110000000020100
#915
1111000001110000000020100
#916
1001100001110000000020100
#917
1101100001110000000020100
#918
1001100001111000000020100
#919
1001000001001000000020100
#920
1101000001001000000020100
#921
1011000001001000000020100
#922
1111000001001000000020100
#923
1011100001001000000020100
#924
1001100001001000000020100
#925
1101100001001000000020100
#926
1111100001001000000020100
#927
1011100001101000000020100
#928
1001000001101000000020100
#929
1101000001101000000020100
#930
1011000001101000000020100
#931
1111000001101000000020100
#932
1111100001101000000020100
#933
1001100001101000000020100
#934
1101100001101000000020100
#935
1111100001111000000020100
#936
1001000001011000000020100
#937
1101000001011000000020100
#938
1011000001011000000020100
#939
1111000001011000000020100
#940
1011100001011000000020100
#941
1001100001011000000020100
#942
1101100001011000000020100
#943
1111100001011000000020100
#944
1011000001111000000020100
#945
1001000001111000000020100
#946
1101000001111000000020100
#947
1111000001111000000020100
#948
1101100001111000000020100
#949
1001100001111000000021100
#950
1001000001000000000001100
#951
1101000001000000000001100
#952
1011000001000000000001100
#953
1111000001000000000001100
#954
1011100001000000000001100
#955
1001100001000000000001100
#956
1101100001000000000001100
#957
1111100001000000000001100
#958
1011100001100000000001100
#959
1001000001100000000001100
#960
1101000001100000000001100
#961
1011000001100000000001100
#962
1111000001100000000001100
#963
1111100001100000000001100
#964
1001100001100000000001100
#965
1101100001100000000001100
#966
1011100001110000000001100
#967
1001000001010000000001100
#968
1101000001010000000001100
#969
1011000001010000000001100
#970
1111000001010000000001100
#971
1011100001010000000001100
#972
1001100001010000000001100
#973
1101100001010000000001100
#974
1111100001010000000001100
#975
1111100001110000000001100
#976
1001000001110000000001100
#977
1101000001110000000001100
#978
1011000001110000000001100
#979
1111000001110000000001100
#980
1001100001110000000001100
#981
1101100001110000000001100
#982
1001100001111000000001100
#983
1001000001001000000001100
#984
1101000001001000000001100
#985
1011000001001000000001100
#986
1111000001001000000001100
#987
1011100001001000000001100
#988
1001100001001000000001100
#989
1101100001001000000001100
#990
1111100001001000000001100
#991
1011100001101000000001100
#992
1001000001101000000001100
#993
1101000001101000000001100
#994
1011000001101000000001100
#995
1111000001101000000001100
#996
1111100001101000000001100
#997
1001100001101000000001100
#998
1101100001101000000001100
#999
1011100001111000000001100
#1000
1001000001011000000001100
#1001
1101000001011000000001100
#1002
1011000001011000000001100
#1003
1111000001011000000001100
#1004
1011100001011000000001100
#1005
1001100001011000000001100
#1006
1101100001011000000001100
#1007
1111100001011000000001100
#1008
1111100001111000000001100
#1009
1001000001111000000001100
#1010
1101000001111000000001100
#1011
1011000001111000000001100
#1012
1111000001111000000001100
#1013
1101100001111000000001100
#1014
1001100001111000001001100
#1015
1001000001000000001001100
#1016
1101000001000000001001100
#1017
1011000001000000001001100
#1018
1111000001000000001001100
#1019
1011100001000000001001100
#1020
1001100001000000001001100
#1021
1101100001000000001001100
#1022
1111100001000000001001100
#1023
1011100001100000001001100
#1024
1001000001100000001001100
#1025
1101000001100000001001100
#1026
1011000001100000001001100
#1027
1111000001100000001001100
#1028
1111100001100000001001100
#1029
1001100001100000001001100
#1030
1101100001100000001001100
#1031
1011100001110000001001100
#1032
1001000001010000001001100
#1033
1101000001010000001001100
#1034
1011000001010000001001100
#1035
1111000001010000001001100
#1036
1011100001010000001001100
#1037
1001100001010000001001100
#1038
1101100001010000001001100
#1039
1111100001010000001001100
#1040
1111100001110000001001100
#1041
1001000001110000001001100
#1042
1101000001110000001001100
#1043
1011000001110000001001100
#1044
1111000001110000001001100
#1045
1001100001110000001001100
#1046
1101100001110000001001100
#1047
1101100001111000001001100
#1048
1001000001001000001001100
#1049
1101000001001000001001100
#1050
1011000001001000001001100
#1051
1111000001001000001001100
#1052
1011100001001000001001100
#1053
1001100001001000001001100
#1054
1101100001001000001001100
#1055
1111100001001000001001100
#1056
1011100001101000001001100
#1057
1001000001101000001001100
#1058
1101000001101000001001100
#1059
1011000001101000001001100
#1060
1111000001101000001001100
#1061
1111100001101000001001100
#1062
1001100001101000001001100
#1063
1101100001101000001001100
#1064
1011100001111000001001100
#1065
1001000001011000001001100
#1066
1101000001011000001001100
#1067
1011000001011000001001100
#1068
1111000001011000001001100
#1069
1011100001011000001001100
#1070
1001100001011000001001100
#1071
1101100001011000001001100
#1072
1111100001011000001001100
#1073
1111100001111000001001100
#1074
1001000001111000001001100
#1075
1101000001111000001001100
#1076
1011000001111000001001100
#1077
1111000001111000001001100
#1078
1001100001111000001011100
#1079
1001000001000000000011100
#1080
1101000001000000000011100
#1081
1011000001000000000011100
#1082
1111000001000000000011100
#1083
1011100001000000000011100
#1084
1001100001000000000011100
#1085
1101100001000000000011100
#1086
1111100001000000000011100
#1087
1011100001100000000011100
#1088
1001000001100000000011100
#1089
1101000001100000000011100
#1090
1011000001100000000011100
#1091
1111000001100000000011100
#1092
1111100001100000000011100
#1093
1001100001100000000011100
#1094
1101100001100000000011100
#1095
1011100001110000000011100
#1096
1001000001010000000011100
#1097
1101000001010000000011100
#1098
1011000001010000000011100
#1099
1111000001010000000011100
#1100
1011100001010000000011100
#1101
1001100001010000000011100
#1102
1101100001010000000011100
#1103
1111100001010000000011100
#1104
1111100001110000000011100
#1105
1001000001110000000011100
#1106
1101000001110000000011100
#1107
1011000001110000000011100
#1108
1111000001110000000011100
#1109
1001100001110000000011100
#1110
1101100001110000000011100
#1111
1001100001111000000011100
#1112
1001000001001000000011100
#1113
1101000001001000000011100
#1114
1011000001001000000011100
#1115
1111000001001000000011100
#1116
1011100001001000000011100
#1117
1001100001001000000011100
#1118
1101100001001000000011100
#1119
1111100001001000000011100
#1120
1011100001101000000011100
#1121
1001000001101000000011100
#1122
1101000001101000000011100
#1123
1011000001101000000011100
#1124
1111000001101000000011100
#1125
1111100001101000000011100
#1126
1001100001101000000011100
#1127
1101100001101000000011100
#1128
1011100001111000000011100
#1129
1001000001011000000011100
#1130
1101000001011000000011100
#1131
1011000001011000000011100
#1132
1111000001011000000011100
#1133
1011100001011000000011100
#1134
1001100001011000000011100
#1135
1101100001011000000011100
#1136
1111100001011000000011100
#1137
1111100001111000000011100
#1138
1001000001111000000011100
#1139
1101000001111000000011100
#1140
1011000001111000000011100
#1141
1111000001111000000011100
#1142
1101100001111000000011100
#1143
1101100001111000001011100
#1144
1101000001000000001011100
#1145
1011000001000000001011100
#1146
1111000001000000001011100
#1147
1011100001000000001011100
#1148
1101100001000000001011100
#1149
1111100001000000001011100
#1150
1011100001100000001011100
#1151
1001000001100000001011100
#1152
1101000001100000001011100
#1153
1011000001100000001011100
#1154
1111000001100000001011100
#1155
1111100001100000001011100
#1156
1001100001100000001011100
#1157
1101100001100000001011100
#1158
1011100001110000001011100
#1159
1101000001010000001011100
#1160
1011000001010000001011100
#1161
1111000001010000001011100
#1162
1011100001010000001011100
#1163
1101100001010000001011100
#1164
1111100001010000001011100
#1165
1111100001110000001011100
#1166
1001000001110000001011100
#1167
1101000001110000001011100
#1168
1011000001110000001011100
#1169
1111000001110000001011100
#1170
1001100001110000001011100
#1171
1101100001110000001011100
#1172
1001000001111000001011100
#1173
1101000001001000001011100
#1174
1011000001001000001011100
#1175
1111000001001000001011100
#1176
1011100001001000001011100
#1177
1101100001001000001011100
#1178
1111100001001000001011100
#1179
1011100001101000001011100
#1180
1001000001101000001011100
#1181
1101000001101000001011100
#1182
1011000001101000001011100
#1183
1111000001101000001011100
#1184
1111100001101000001011100
#1185
1001100001101000001011100
#1186
1101100001101000001011100
#1187
1011100001111000001011100
#1188
1101000001011000001011100
#1189
1011000001011000001011100
#1190
1111000001011000001011100
#1191
1011100001011000001011100
#1192
1101100001011000001011100
#1193
1111100001011000001011100
#1194
1111100001111000001011100
#1195
1101000001111000001011100
#1196
1011000001111000001011100
#1197
1111000001111000001011100
#1198
1111100001111000000021100
#1199
1001000001000000000021100
#1200
1101000001000000000021100
#1201
1011000001000000000021100
#1202
1111000001000000000021100
#1203
1011100001000000000021100
#1204
1001100001000000000021100
#1205
1101100001000000000021100
#1206
1111100001000000000021100
#1207
1011100001100000000021100
#1208
1001000001100000000021100
#1209
1101000001100000000021100
#1210
1011000001100000000021100
#1211
1111000001100000000021100
#1212
1111100001100000000021100
#1213
1001100001100000000021100
#1214
1101100001100000000021100
#1215
1011100001110000000021100
#1216
1001000001010000000021100
#1217
1101000001010000000021100
#1218
1011000001010000000021100
#1219
1111000001010000000021100
#1220
1011100001010000000021100
#1221
1001100001010000000021100
#1222
1101100001010000000021100
#1223
1111100001010000000021100
#1224
1111100001110000000021100
#1225
1001000001110000000021100
#1226
1101000001110000000021100
#1227
1011000001110000000021100
#1228
1111000001110000000021100
#1229
1001100001110000000021100
#1230
1101100001110000000021100
#1231
1101100001111000000021100
#1232
1001000001001000000021100
#1233
1101000001001000000021100
#1234
1011000001001000000021100
#1235
1111000001001000000021100
#1236
1011100001001000000021100
#1237
1001100001001000000021100
#1238
1101100001001000000021100
#1239
1111100001001000000021100
#1240
1011100001101000000021100
#1241
1001000001101000000021100
#1242
1101000001101000000021100
#1243
1011000001101000000021100
#1244
1111000001101000000021100
#1245
1111100001101000000021100
#1246
1001100001101000000021100
#1247
1101100001101000000021100
#1248
1011000001111000000021100
#1249
1001000001011000000021100
#1250
1101000001011000000021100
#1251
1011000001011000000021100
#1252
1111000001011000000021100
#1253
1011100001011000000021100
#1254
1001100001011000000021100
#1255
1101100001011000000021100
#1256
1111100001011000000021100
#1257
1111000001111000000021100
#1258
1001000001111000000021100
#1259
1101000001111000000021100
#1260
1011111011111100001121101
#1261
1001011011000100101110001
#1262
1001111011000100101110001
#1263
1001011011010100101110001
#1264
1001111011010100101110001
#1265
1001011011011100101110001
#1266
1001011011001100101110001
#1267
1001111011001100101110001
#1268
1001111011011100101110001
#1269
1001011011111100101120001
#1270
1011011011000100001120101
#1271
1101011011000100101120001
#1272
1011011011000100101120001
#1273
1111011011000100101120001
#1274
1011111011000100101120001
#1275
1101111011000100101120001
#1276
1111111011000100101120001
#1277
1011111011100100101120001
#1278
1001011011100100101120001
#1279
1101011011100100101120001
#1280
1011011011100100101120001
#1281
1111011011100100101120001
#1282
1111111011100100101120001
#1283
1001111011100100101120001
#1284
1101111011100100101120001
#1285
1011111011110100101120001
#1286
1101011011010100101120001
#1287
1011011011010100101120001
#1288
1111011011010100101120001
#1289
1011111011010100101120001
#1290
1101111011010100101120001
#1291
1111111011010100101120001
#1292
1111111011110100101120001
#1293
1001011011110100101120001
#1294
1101011011110100101120001
#1295
1011011011110100101120001
#1296
1111011011110100101120001
#1297
1001111011110100101120001
#1298
1101111011110100101120001
#1299
1001111011111100101120001
#1300
1101011011001100101120001
#1301
1011011011001100101120001
#1302
1111011011001100101120001
#1303
1011111011001100101120001
#1304
1101111011001100101120001
#1305
1111111011001100101120001
#1306
1011111011101100101120001
#1307
1001011011101100101120001
#1308
1101011011101100101120001
#1309
1011011011101100101120001
#1310
1111011011101100101120001
#1311
1111111011101100101120001
#1312
1001111011101100101120001
#1313
1101111011101100101120001
#1314
1011111011111100101120001
#1315
1101011011011100101120001
#1316
1011011011011100101120001
#1317
1111011011011100101120001
#1318
1011111011011100101120001
#1319
1101111011011100101120001
#1320
1111111011011100101120001
#1321
1111111011111100101120001
#1322
1101011011111100101120001
#1323
1011011011111100101120001
#1324
1111011011111100101120001
#1325
1101111011111100101120001
#1326
1001122011011100201220001
#1327
1001022011000100201220001
#1328
1001122011000100201220001
#1329
1001022011010100201220001
#1330
1001122011010100201220001
#1331
1001022011011100201220001
#1332
1001022011001100201220001
#1333
1001122011001100201220001
#1334
1001022011011100201221001
#1335
1001011011000100101111001
#1336
1001111011000100101111001
#1337
1001011011010100101111001
#1338
1001011011011100101111001
#1339
1001011011001100101111001
#1340
1001111011001100101111001
#1341
1001111111010101101111001
#1342
1001111111110101101121001
#1343
1101011011000100101121001
#1344
1011011011000100101121001
#1345
1111011011000100101121001
#1346
1011111011000100101121001
#1347
1101111011000100101121001
#1348
1111111011000100101121001
#1349
1011111011100100101121001
#1350
1001011011100100101121001
#1351
1101011011100100101121001
#1352
1011011011100100101121001
#1353
1111011011100100101121001
#1354
1111111011100100101121001
#1355
1001111011100100101121001
#1356
1101111011100100101121001
#1357
1011011011110100101121001
#1358
1101011011010100101121001
#1359
1011011011010100101121001
#1360
1111011011010100101121001
#1361
1111011011110100101121001
#1362
1001011011110100101121001
#1363
1101011011110100101121001
#1364
1011011011111100101121001
#1365
1101011011001100101121001
#1366
1011011011001100101121001
#1367
1111011011001100101121001
#1368
1011111011001100101121001
#1369
1101111011001100101121001
#1370
1111111011001100101121001
#1371
1011111011101100101121001
#1372
1001011011101100101121001
#1373
1101011011101100101121001
#1374
1011011011101100101121001
#1375
1111011011101100101121001
#1376
1111111011101100101121001
#1377
1001111011101100101121001
#1378
1101111011101100101121001
#1379
1111011011111100101121001
#1380
1101011011011100101121001
#1381
1011011011011100101121001
#1382
1111011011011100101121001
#1383
1001011011111100101121001
#1384
1101011011111100101121001
#1385
1101111111110101101121001
#1386
1101111111010101101121001
#1387
1011111111010101101121001
#1388
1111111111010101101121001
#1389
1111111111110101101121001
#1390
1001122211010102201221001
#1391
1001022011000100201221001
#1392
1001122011000100201221001
#1393
1001022011010100201221001
#1394
1001022011001100201221001
#1395
1001122011001100201221001
#1396
1001122111010101101221101
#1397
1001011011000100001110101
#1398
1001111011000100001110101
#1399
1001011011010100001110101
#1400
1001111011010100001110101
#1401
1001011011011100001110101
#1402
1001011011001100001110101
#1403
1001111011001100001110101
#1404
1001111011011100001110101
#1405
1001011011111100001120101
#1406
1101011011000100001120101
#1407
1111011011000100001120101
#1408
1011111011000100001120101
#1409
1101111011000100001120101
#1410
1111111011000100001120101
#1411
1011111011100100001120101
#1412
1001011011100100001120101
#1413
1101011011100100001120101
#1414
1011011011100100001120101
#1415
1111011011100100001120101
#1416
1111111011100100001120101
#1417
1001111011100100001120101
#1418
1101111011100100001120101
#1419
1011111011110100001120101
#1420
1101011011010100001120101
#1421
1011011011010100001120101
#1422
1111011011010100001120101
#1423
1011111011010100001120101
#1424
1101111011010100001120101
#1425
1111111011010100001120101
#1426
1111111011110100001120101
#1427
1001011011110100001120101
#1428
1101011011110100001120101
#1429
1011011011110100001120101
#1430
1111011011110100001120101
#1431
1001111011110100001120101
#1432
1101111011110100001120101
#1433
1001111011111100001120101
#1434
1101011011001100001120101
#1435
1011011011001100001120101
#1436
1111011011001100001120101
#1437
1011111011001100001120101
#1438
1101111011001100001120101
#1439
1111111011001100001120101
#1440
1011111011101100001120101
#1441
1001011011101100001120101
#1442
1101011011101100001120101
#1443
1011011011101100001120101
#1444
1111011011101100001120101
#1445
1111111011101100001120101
#1446
1001111011101100001120101
#1447
1101111011101100001120101
#1448
1011111011111100001120101
#1449
1101011011011100001120101
#1450
1011011011011100001120101
#1451
1111011011011100001120101
#1452
1011111011011100001120101
#1453
1101111011011100001120101
#1454
1111111011011100001120101
#1455
1111111011111100001120101
#1456
1101011011111100001120101
#1457
1011011011111100001120101
#1458
1111011011111100001120101
#1459
1101111011111100001120101
#1460
1001122011011100101220101
#1461
1001022011000100101220101
#1462
1001122011000100101220101
#1463
1001022011010100101220101
#1464
1001122011010100101220101
#1465
1001022011011100101220101
#1466
1001022011001100101220101
#1467
1001122011001100101220101
#1468
1001022011011100101221101
#1469
1001011011000100001111101
#1470
1001111011000100001111101
#1471
1001011011010100001111101
#1472
1001111011010100001111101
#1473
1001011011011100001111101
#1474
1001011011001100001111101
#1475
1001111011001100001111101
#1476
1001111011011100001111101
#1477
1001011011111100001121101
#1478
1101011011000100001121101
#1479
1011011011000100001121101
#1480
1111011011000100001121101
#1481
1011111011000100001121101
#1482
1101111011000100001121101
#1483
1111111011000100001121101
#1484
1011111011100100001121101
#1485
1001011011100100001121101
#1486
1101011011100100001121101
#1487
1011011011100100001121101
#1488
1111011011100100001121101
#1489
1111111011100100001121101
#1490
1001111011100100001121101
#1491
1101111011100100001121101
#1492
1011111011110100001121101
#1493
1101011011010100001121101
#1494
1011011011010100001121101
#1495
1111011011010100001121101
#1496
1011111011010100001121101
#1497
1101111011010100001121101
#1498
1111111011010100001121101
#1499
1111111011110100001121101
#1500
1001011011110100001121101
#1501
1101011011110100001121101
#1502
1011011011110100001121101
#1503
1111011011110100001121101
#1504
1001111011110100001121101
#1505
1101111011110100001121101
#1506
1001111011111100001121101
#1507
1101011011001100001121101
#1508
1011011011001100001121101
#1509
1111011011001100001121101
#1510
1011111011001100001121101
#1511
1101111011001100001121101
#1512
1111111011001100001121101
#1513
1011111011101100001121101
#1514
1001011011101100001121101
#1515
1101011011101100001121101
#1516
1011011011101100001121101
#1517
1111011011101100001121101
#1518
1111111011101100001121101
#1519
1001111011101100001121101
#1520
1101111011101100001121101
#1521
1111111011111100001121101
#1522
1101011011011100001121101
#1523
1011011011011100001121101
#1524
1111011011011100001121101
#1525
1011111011011100001121101
#1526
1101111011011100001121101
#1527
1111111011011100001121101
#1528
1011011011111100001121101
#1529
1101011011111100001121101
#1530
1111011011111100001121101
#1531
1101111011111100001121101
#1532
1001122011001100101221101
#1533
1001022011000100101221101
#1534
1001122011000100101221101
#1535
1001022011010100101221101
#1536
1001022011001100101221101
	Command being timed: "/Users/soh/app/util/wrap.sh java -Xms16g -Xmx16g -jar /Users/soh/app/saf230420-16h03m/saf.jar -k 1 benchmark/automata-network/abdallah17amb/FGF_pathway.an"
	User time (seconds): 3.86
	System time (seconds): 0.32
	Percent of CPU this job got: 242%
	Elapsed (wall clock) time (h:mm:ss or m:ss): 0:01.72
	Average shared text size (kbytes): 0
	Average unshared data size (kbytes): 0
	Average stack size (kbytes): 0
	Average total size (kbytes): 0
	Maximum resident set size (kbytes): 854540288
	Average resident set size (kbytes): 0
	Major (requiring I/O) page faults: 223
	Minor (reclaiming a frame) page faults: 78639
	Voluntary context switches: 241
	Involuntary context switches: 21215
	Swaps: 0
	File system inputs: 0
	File system outputs: 0
	Socket messages sent: 19
	Socket messages received: 0
	Signals delivered: 1
	Page size (bytes): 4096
	Exit status: 0
FINISHED CPU 4.18 MEM 0 MAXMEM 0 STALE 1
#RESULT: UNK
#FIN: FIN
#CPU: 4.18
#MAXMEM: 0
c 
#END: [Tue Apr 25 17:43:52 2023]
