#BEGIN: [Tue Apr 25 20:13:34 2023]
#HOST: mini07.local
#TIMELIMIT: 10800
#MEMLIMIT: 0
#FREQ: 10
#SOLVER: saf230420-16h03m-bddcadical
#CSP: benchmark/automata-network/abdallah17amb/FGF_pathway.an
#K: 1
#COMMAND: /Users/soh/app/util/wrap.sh java -Xms16g -Xmx16g -jar /Users/soh/app/saf230420-16h03m/saf.jar -k 1 -k1solver /Users/soh/app/saf230420-16h03m/bdd_minisat_all-1.0.2/bdd_minisat_all_release -libname cadical -libpath /Users/soh/app/saf230420-16h03m/cadical/build/ benchmark/automata-network/abdallah17amb/FGF_pathway.an
Using IPASIR SAT Solver and AllSAT Solver
Libpath: /Users/soh/app/saf230420-16h03m/cadical/build/
Libname: cadical
K1solver: /Users/soh/app/saf230420-16h03m/bdd_minisat_all-1.0.2/bdd_minisat_all_release

Aop,Aos,Cbl,Cic,Cnk,Der,Drk,Dsor1,Gap1,Gro,Kek,Ksr,Msk,PLCg,Pnt,Raf,Ras,Rl,Shc,Sos,Spi,Src42,Sty,Targets,Vein
0000100100100110011100100100100110010011011
0000100100101010011101001001001010010011111
0000101001001010011101001001001010100101011
0000101001001010111101001001001010100011011
0010101001001010011101001001001010100011011
0010101001001010111101001001001010100011011
0100101001001010011101001001001010100011011
0100101001001010111101001001001010100011011
0110101001001010011101001001001010100011011
0110101001001010111101001001001010100011011
1001000100110011000110010000110010010010001
1001000100110011000110010000110010010011001
1001000100110011000110010001010010010010101
1001000100110011000110010001010010010011101
1001000100110011001110010000110010010010001
1001000100110011001110010000110010010011001
1001000100110011001110010001010010010010101
1001000100110011001110010001010010010011101
1001000100110011010110010000110010010010001
1001000100110011010110010000110010010011001
1001000100110011010110010001010010010010101
1001000100110011010110010001010010010011101
1001000100110011011110010000110010010010001
1001000100110011011110010000110010010011001
1001000100110011011110010001010010010010101
1001000100110011011110010001010010010011101
1001001001010011000110010001010010100100001
1001001001010011000110010001010010100101001
1001001001010011000110010010010010100100101
1001001001010011000110010010010010100101101
1001001001010011001110010001010010100100001
1001001001010011001110010001010010100101001
1001001001010011001110010010010010100100101
1001001001010011001110010010010010100101101
1001001001010011010110010001010010100100001
1001001001010011010110010001010010100101001
1001001001010011010110010010010010100100101
1001001001010011010110010010010010100101101
1001001001010011011110010001010010100100001
1001001001010011011110010001010010100101001
1001001001010011011110010010010010100100101
1001001001010011011110010010010010100101101
1001001001010011100110010001010010100010001
1001001001010011100110010001010010100011001
1001001001010011100110010010010010100010101
1001001001010011100110010010010010100011101
1001001001010011101110010001010010100010001
1001001001010011101110010001010010100011001
1001001001010011101110010010010010100010101
1001001001010011101110010010010010100011101
1001001001010011110110010001010010100010001
1001001001010011110110010001010010100011001
1001001001010011110110010010010010100010101
1001001001010011110110010010010010100011101
1001001001010011111110010001010010100010001
1001001001010011111110010001010010100011001
1001001001010011111110010010010010100010101
1001001001010011111110010010010010100011101
1001010010010001000010010010010001000010000
1001010010010001000010010010010001000010100
1001010010010001000010010010010001000011000
1001010010010001000010010010010001000011100
1001010010010001000010010010010001000100000
1001010010010001000010010010010001000100100
1001010010010001000010010010010001000101000
1001010010010001000010010010010001000101100
1001010010010001000010010010010001001000000
1001010010010001000010010010010001001000100
1001010010010001000010010010010001001001000
1001010010010001000010010010010001001001100
1001010010010001000010010010010011001000000
1001010010010001000010010010010011001000100
1001010010010001000010010010010011001001000
1001010010010001000010010010010011001001100
1001010010010001001010010010010001000010000
1001010010010001001010010010010001000010100
1001010010010001001010010010010001000011000
1001010010010001001010010010010001000011100
1001010010010001001010010010010001000100000
1001010010010001001010010010010001000100100
1001010010010001001010010010010001000101000
1001010010010001001010010010010001000101100
1001010010010001001010010010010001001000000
1001010010010001001010010010010001001000100
1001010010010001001010010010010001001001000
1001010010010001001010010010010001001001100
1001010010010001001010010010010011001000000
1001010010010001001010010010010011001000100
1001010010010001001010010010010011001001000
1001010010010001001010010010010011001001100
1001010010010001010010010010010001000010000
1001010010010001010010010010010001000010100
1001010010010001010010010010010001000011000
1001010010010001010010010010010001000011100
1001010010010001010010010010010001000100000
1001010010010001010010010010010001000100100
1001010010010001010010010010010001000101000
1001010010010001010010010010010001000101100
1001010010010001010010010010010001001000000
1001010010010001010010010010010001001000100
1001010010010001010010010010010001001001000
1001010010010001010010010010010001001001100
1001010010010001010010010010010011001000000
1001010010010001010010010010010011001000100
1001010010010001010010010010010011001001000
1001010010010001010010010010010011001001100
1001010010010001011010010010010001000010000
1001010010010001011010010010010001000010100
1001010010010001011010010010010001000011000
1001010010010001011010010010010001000011100
1001010010010001011010010010010001000100000
1001010010010001011010010010010001000100100
1001010010010001011010010010010001000101000
1001010010010001011010010010010001000101100
1001010010010001011010010010010001001000000
1001010010010001011010010010010001001000100
1001010010010001011010010010010001001001000
1001010010010001011010010010010001001001100
1001010010010001011010010010010011001000000
1001010010010001011010010010010011001000100
1001010010010001011010010010010011001001000
1001010010010001011010010010010011001001100
1001010010010001100010010010010001000010000
1001010010010001100010010010010001000010100
1001010010010001100010010010010001000011000
1001010010010001100010010010010001000011100
1001010010010001100010010010010001000100000
1001010010010001100010010010010001000100100
1001010010010001100010010010010001000101000
1001010010010001100010010010010001000101100
1001010010010001100010010010010001001000000
1001010010010001100010010010010001001000100
1001010010010001100010010010010001001001000
1001010010010001100010010010010001001001100
1001010010010001100010010010010011000100000
1001010010010001100010010010010011000100100
1001010010010001100010010010010011000101000
1001010010010001100010010010010011000101100
1001010010010001100010010010010011001000000
1001010010010001100010010010010011001000100
1001010010010001100010010010010011001001000
1001010010010001100010010010010011001001100
1001010010010001101010010010010001000010000
1001010010010001101010010010010001000010100
1001010010010001101010010010010001000011000
1001010010010001101010010010010001000011100
1001010010010001101010010010010001000100000
1001010010010001101010010010010001000100100
1001010010010001101010010010010001000101000
1001010010010001101010010010010001000101100
1001010010010001101010010010010001001000000
1001010010010001101010010010010001001000100
1001010010010001101010010010010001001001000
1001010010010001101010010010010001001001100
1001010010010001101010010010010011000100000
1001010010010001101010010010010011000100100
1001010010010001101010010010010011000101000
1001010010010001101010010010010011000101100
1001010010010001101010010010010011001000000
1001010010010001101010010010010011001000100
1001010010010001101010010010010011001001000
1001010010010001101010010010010011001001100
1001010010010001110010010010010001000010000
1001010010010001110010010010010001000010100
1001010010010001110010010010010001000011000
1001010010010001110010010010010001000011100
1001010010010001110010010010010001000100000
1001010010010001110010010010010001000100100
1001010010010001110010010010010001000101000
1001010010010001110010010010010001000101100
1001010010010001110010010010010001001000000
1001010010010001110010010010010001001000100
1001010010010001110010010010010001001001000
1001010010010001110010010010010001001001100
1001010010010001110010010010010011000100000
1001010010010001110010010010010011000100100
1001010010010001110010010010010011000101000
1001010010010001110010010010010011000101100
1001010010010001110010010010010011001000000
1001010010010001110010010010010011001000100
1001010010010001110010010010010011001001000
1001010010010001110010010010010011001001100
1001010010010001111010010010010001000010000
1001010010010001111010010010010001000010100
1001010010010001111010010010010001000011000
1001010010010001111010010010010001000011100
1001010010010001111010010010010001000100000
1001010010010001111010010010010001000100100
1001010010010001111010010010010001000101000
1001010010010001111010010010010001000101100
1001010010010001111010010010010001001000000
1001010010010001111010010010010001001000100
1001010010010001111010010010010001001001000
1001010010010001111010010010010001001001100
1001010010010001111010010010010011000100000
1001010010010001111010010010010011000100100
1001010010010001111010010010010011000101000
1001010010010001111010010010010011000101100
1001010010010001111010010010010011001000000
1001010010010001111010010010010011001000100
1001010010010001111010010010010011001001000
1001010010010001111010010010010011001001100
1001100100100111010110000100110010010011001
1001100100101011010110001001010010010011101
1001100100110011000110010000110010010010001
1001100100110011000110010000110010010011001
1001100100110011000110010001010010010010101
1001100100110011000110010001010010010011101
1001100100110011001110010000110010010010001
1001100100110011001110010000110010010011001
1001100100110011001110010001010010010010101
1001100100110011001110010001010010010011101
1001100100110011010110010000110010010010001
1001100100110011010110010001010010010010101
1001100100110011011110010000110010010010001
1001100100110011011110010001010010010010101
1001101001001011010110001001010010100101001
1001101001001011110110001001010010100011001
1001101001010011000110010001010010100100001
1001101001010011000110010001010010100101001
1001101001010011000110010010010010100100101
1001101001010011000110010010010010100101101
1001101001010011001110010001010010100100001
1001101001010011001110010001010010100101001
1001101001010011001110010010010010100100101
1001101001010011001110010010010010100101101
1001101001010011010110010001010010100100001
1001101001010011010110010010010010100100101
1001101001010011010110010010010010100101101
1001101001010011011110010001010010100100001
1001101001010011011110010010010010100100101
1001101001010011011110010010010010100101101
1001101001010011100110010001010010100010001
1001101001010011100110010001010010100011001
1001101001010011100110010010010010100010101
1001101001010011100110010010010010100011101
1001101001010011101110010001010010100010001
1001101001010011101110010001010010100011001
1001101001010011101110010010010010100010101
1001101001010011101110010010010010100011101
1001101001010011110110010001010010100010001
1001101001010011110110010010010010100010101
1001101001010011110110010010010010100011101
1001101001010011111110010001010010100010001
1001101001010011111110010010010010100010101
1001101001010011111110010010010010100011101
1001110010010001000010010010010001000010000
1001110010010001000010010010010001000010100
1001110010010001000010010010010001000011000
1001110010010001000010010010010001000011100
1001110010010001000010010010010001000100000
1001110010010001000010010010010001000100100
1001110010010001000010010010010001000101000
1001110010010001000010010010010001000101100
1001110010010001000010010010010001001000000
1001110010010001000010010010010001001000100
1001110010010001000010010010010001001001000
1001110010010001000010010010010001001001100
1001110010010001000010010010010011001000000
1001110010010001000010010010010011001000100
1001110010010001000010010010010011001001000
1001110010010001000010010010010011001001100
1001110010010001001010010010010001000010000
1001110010010001001010010010010001000010100
1001110010010001001010010010010001000011000
1001110010010001001010010010010001000011100
1001110010010001001010010010010001000100000
1001110010010001001010010010010001000100100
1001110010010001001010010010010001000101000
1001110010010001001010010010010001000101100
1001110010010001001010010010010001001000000
1001110010010001001010010010010001001000100
1001110010010001001010010010010001001001000
1001110010010001001010010010010001001001100
1001110010010001001010010010010011001000000
1001110010010001001010010010010011001000100
1001110010010001001010010010010011001001000
1001110010010001001010010010010011001001100
1001110010010001010010010010010001000010000
1001110010010001010010010010010001000010100
1001110010010001010010010010010001000011000
1001110010010001010010010010010001000011100
1001110010010001010010010010010001000100000
1001110010010001010010010010010001000100100
1001110010010001010010010010010001000101000
1001110010010001010010010010010001000101100
1001110010010001010010010010010001001000000
1001110010010001010010010010010001001000100
1001110010010001010010010010010001001001000
1001110010010001010010010010010001001001100
1001110010010001010010010010010011001000000
1001110010010001010010010010010011001000100
1001110010010001010010010010010011001001000
1001110010010001010010010010010011001001100
1001110010010001011010010010010001000010000
1001110010010001011010010010010001000010100
1001110010010001011010010010010001000011000
1001110010010001011010010010010001000011100
1001110010010001011010010010010001000100000
1001110010010001011010010010010001000100100
1001110010010001011010010010010001000101000
1001110010010001011010010010010001000101100
1001110010010001011010010010010001001000000
1001110010010001011010010010010001001000100
1001110010010001011010010010010001001001000
1001110010010001011010010010010001001001100
1001110010010001011010010010010011001000000
1001110010010001011010010010010011001000100
1001110010010001011010010010010011001001000
1001110010010001011010010010010011001001100
1001110010010001100010010010010001000010000
1001110010010001100010010010010001000010100
1001110010010001100010010010010001000011000
1001110010010001100010010010010001000011100
1001110010010001100010010010010001000100000
1001110010010001100010010010010001000100100
1001110010010001100010010010010001000101000
1001110010010001100010010010010001000101100
1001110010010001100010010010010001001000000
1001110010010001100010010010010001001000100
1001110010010001100010010010010001001001000
1001110010010001100010010010010001001001100
1001110010010001100010010010010011000100000
1001110010010001100010010010010011000100100
1001110010010001100010010010010011000101000
1001110010010001100010010010010011000101100
1001110010010001100010010010010011001000000
1001110010010001100010010010010011001000100
1001110010010001100010010010010011001001000
1001110010010001100010010010010011001001100
1001110010010001101010010010010001000010000
1001110010010001101010010010010001000010100
1001110010010001101010010010010001000011000
1001110010010001101010010010010001000011100
1001110010010001101010010010010001000100000
1001110010010001101010010010010001000100100
1001110010010001101010010010010001000101000
1001110010010001101010010010010001000101100
1001110010010001101010010010010001001000000
1001110010010001101010010010010001001000100
1001110010010001101010010010010001001001000
1001110010010001101010010010010001001001100
1001110010010001101010010010010011000100000
1001110010010001101010010010010011000100100
1001110010010001101010010010010011000101000
1001110010010001101010010010010011000101100
1001110010010001101010010010010011001000000
1001110010010001101010010010010011001000100
1001110010010001101010010010010011001001000
1001110010010001101010010010010011001001100
1001110010010001110010010010010001000010000
1001110010010001110010010010010001000010100
1001110010010001110010010010010001000011000
1001110010010001110010010010010001000011100
1001110010010001110010010010010001000100000
1001110010010001110010010010010001000100100
1001110010010001110010010010010001000101000
1001110010010001110010010010010001000101100
1001110010010001110010010010010001001000000
1001110010010001110010010010010001001000100
1001110010010001110010010010010001001001000
1001110010010001110010010010010001001001100
1001110010010001110010010010010011000100000
1001110010010001110010010010010011000100100
1001110010010001110010010010010011000101000
1001110010010001110010010010010011000101100
1001110010010001110010010010010011001000000
1001110010010001110010010010010011001000100
1001110010010001110010010010010011001001000
1001110010010001110010010010010011001001100
1001110010010001111010010010010001000010000
1001110010010001111010010010010001000010100
1001110010010001111010010010010001000011000
1001110010010001111010010010010001000011100
1001110010010001111010010010010001000100000
1001110010010001111010010010010001000100100
1001110010010001111010010010010001000101000
1001110010010001111010010010010001000101100
1001110010010001111010010010010001001000000
1001110010010001111010010010010001001000100
1001110010010001111010010010010001001001000
1001110010010001111010010010010001001001100
1001110010010001111010010010010011000100000
1001110010010001111010010010010011000100100
1001110010010001111010010010010011000101000
1001110010010001111010010010010011000101100
1001110010010001111010010010010011001000000
1001110010010001111010010010010011001000100
1001110010010001111010010010010011001001000
1001110010010001111010010010010011001001100
1011001001010011000110010001010010100010001
1011001001010011000110010001010010100011001
1011001001010011000110010010010010100010101
1011001001010011000110010010010010100011101
1011001001010011001110010001010010100010001
1011001001010011001110010001010010100011001
1011001001010011001110010010010010100010101
1011001001010011001110010010010010100011101
1011001001010011010110010001010010100010001
1011001001010011010110010001010010100011001
1011001001010011010110010010010010100010101
1011001001010011010110010010010010100011101
1011001001010011011110010001010010100010001
1011001001010011011110010001010010100011001
1011001001010011011110010010010010100010101
1011001001010011011110010010010010100011101
1011001001010011100110010001010010100010001
1011001001010011100110010001010010100011001
1011001001010011100110010010010010100010101
1011001001010011100110010010010010100011101
1011001001010011101110010001010010100010001
1011001001010011101110010001010010100011001
1011001001010011101110010010010010100010101
1011001001010011101110010010010010100011101
1011001001010011110110010001010010100010001
1011001001010011110110010001010010100011001
1011001001010011110110010010010010100010101
1011001001010011110110010010010010100011101
1011001001010011111110010001010010100010001
1011001001010011111110010001010010100011001
1011001001010011111110010010010010100010101
1011001001010011111110010010010010100011101
1011010010010001000010010010010001000010000
1011010010010001000010010010010001000010100
1011010010010001000010010010010001000011000
1011010010010001000010010010010001000011100
1011010010010001000010010010010001000100000
1011010010010001000010010010010001000100100
1011010010010001000010010010010001000101000
1011010010010001000010010010010001000101100
1011010010010001000010010010010001001000000
1011010010010001000010010010010001001000100
1011010010010001000010010010010001001001000
1011010010010001000010010010010001001001100
1011010010010001000010010010010011000100000
1011010010010001000010010010010011000100100
1011010010010001000010010010010011000101000
1011010010010001000010010010010011000101100
1011010010010001000010010010010011001000000
1011010010010001000010010010010011001000100
1011010010010001000010010010010011001001000
1011010010010001000010010010010011001001100
1011010010010001001010010010010001000010000
1011010010010001001010010010010001000010100
1011010010010001001010010010010001000011000
1011010010010001001010010010010001000011100
1011010010010001001010010010010001000100000
1011010010010001001010010010010001000100100
1011010010010001001010010010010001000101000
1011010010010001001010010010010001000101100
1011010010010001001010010010010001001000000
1011010010010001001010010010010001001000100
1011010010010001001010010010010001001001000
1011010010010001001010010010010001001001100
1011010010010001001010010010010011000100000
1011010010010001001010010010010011000100100
1011010010010001001010010010010011000101000
1011010010010001001010010010010011000101100
1011010010010001001010010010010011001000000
1011010010010001001010010010010011001000100
1011010010010001001010010010010011001001000
1011010010010001001010010010010011001001100
1011010010010001010010010010010001000010000
1011010010010001010010010010010001000010100
1011010010010001010010010010010001000011000
1011010010010001010010010010010001000011100
1011010010010001010010010010010001000100000
1011010010010001010010010010010001000100100
1011010010010001010010010010010001000101000
1011010010010001010010010010010001000101100
1011010010010001010010010010010001001000000
1011010010010001010010010010010001001000100
1011010010010001010010010010010001001001000
1011010010010001010010010010010001001001100
1011010010010001010010010010010011000100000
1011010010010001010010010010010011000100100
1011010010010001010010010010010011000101000
1011010010010001010010010010010011000101100
1011010010010001010010010010010011001000000
1011010010010001010010010010010011001000100
1011010010010001010010010010010011001001000
1011010010010001010010010010010011001001100
1011010010010001011010010010010001000010000
1011010010010001011010010010010001000010100
1011010010010001011010010010010001000011000
1011010010010001011010010010010001000011100
1011010010010001011010010010010001000100000
1011010010010001011010010010010001000100100
1011010010010001011010010010010001000101000
1011010010010001011010010010010001000101100
1011010010010001011010010010010001001000000
1011010010010001011010010010010001001000100
1011010010010001011010010010010001001001000
1011010010010001011010010010010001001001100
1011010010010001011010010010010011000100000
1011010010010001011010010010010011000100100
1011010010010001011010010010010011000101000
1011010010010001011010010010010011000101100
1011010010010001011010010010010011001000000
1011010010010001011010010010010011001000100
1011010010010001011010010010010011001001000
1011010010010001011010010010010011001001100
1011010010010001100010010010010001000010000
1011010010010001100010010010010001000010100
1011010010010001100010010010010001000011000
1011010010010001100010010010010001000011100
1011010010010001100010010010010001000100000
1011010010010001100010010010010001000100100
1011010010010001100010010010010001000101000
1011010010010001100010010010010001000101100
1011010010010001100010010010010001001000000
1011010010010001100010010010010001001000100
1011010010010001100010010010010001001001000
1011010010010001100010010010010001001001100
1011010010010001100010010010010011000100000
1011010010010001100010010010010011000100100
1011010010010001100010010010010011000101000
1011010010010001100010010010010011000101100
1011010010010001100010010010010011001000000
1011010010010001100010010010010011001000100
1011010010010001100010010010010011001001000
1011010010010001100010010010010011001001100
1011010010010001101010010010010001000010000
1011010010010001101010010010010001000010100
1011010010010001101010010010010001000011000
1011010010010001101010010010010001000011100
1011010010010001101010010010010001000100000
1011010010010001101010010010010001000100100
1011010010010001101010010010010001000101000
1011010010010001101010010010010001000101100
1011010010010001101010010010010001001000000
1011010010010001101010010010010001001000100
1011010010010001101010010010010001001001000
1011010010010001101010010010010001001001100
1011010010010001101010010010010011000100000
1011010010010001101010010010010011000100100
1011010010010001101010010010010011000101000
1011010010010001101010010010010011000101100
1011010010010001101010010010010011001000000
1011010010010001101010010010010011001000100
1011010010010001101010010010010011001001000
1011010010010001101010010010010011001001100
1011010010010001110010010010010001000010000
1011010010010001110010010010010001000010100
1011010010010001110010010010010001000011000
1011010010010001110010010010010001000011100
1011010010010001110010010010010001000100000
1011010010010001110010010010010001000100100
1011010010010001110010010010010001000101000
1011010010010001110010010010010001000101100
1011010010010001110010010010010001001000000
1011010010010001110010010010010001001000100
1011010010010001110010010010010001001001000
1011010010010001110010010010010001001001100
1011010010010001110010010010010011000100000
1011010010010001110010010010010011000100100
1011010010010001110010010010010011000101000
1011010010010001110010010010010011000101100
1011010010010001110010010010010011001000000
1011010010010001110010010010010011001000100
1011010010010001110010010010010011001001000
1011010010010001110010010010010011001001100
1011010010010001111010010010010001000010000
1011010010010001111010010010010001000010100
1011010010010001111010010010010001000011000
1011010010010001111010010010010001000011100
1011010010010001111010010010010001000100000
1011010010010001111010010010010001000100100
1011010010010001111010010010010001000101000
1011010010010001111010010010010001000101100
1011010010010001111010010010010001001000000
1011010010010001111010010010010001001000100
1011010010010001111010010010010001001001000
1011010010010001111010010010010001001001100
1011010010010001111010010010010011000100000
1011010010010001111010010010010011000100100
1011010010010001111010010010010011000101000
1011010010010001111010010010010011000101100
1011010010010001111010010010010011001000000
1011010010010001111010010010010011001000100
1011010010010001111010010010010011001001000
1011010010010001111010010010010011001001100
1011101001001011010110001001010010100011001
1011101001001011110110001001010010100011001
1011101001010011000110010001010010100010001
1011101001010011000110010001010010100011001
1011101001010011000110010010010010100010101
1011101001010011000110010010010010100011101
1011101001010011001110010001010010100010001
1011101001010011001110010001010010100011001
1011101001010011001110010010010010100010101
1011101001010011001110010010010010100011101
1011101001010011010110010001010010100010001
1011101001010011010110010010010010100010101
1011101001010011010110010010010010100011101
1011101001010011011110010001010010100010001
1011101001010011011110010010010010100010101
1011101001010011011110010010010010100011101
1011101001010011100110010001010010100010001
1011101001010011100110010001010010100011001
1011101001010011100110010010010010100010101
1011101001010011100110010010010010100011101
1011101001010011101110010001010010100010001
1011101001010011101110010001010010100011001
1011101001010011101110010010010010100010101
1011101001010011101110010010010010100011101
1011101001010011110110010001010010100010001
1011101001010011110110010010010010100010101
1011101001010011110110010010010010100011101
1011101001010011111110010001010010100010001
1011101001010011111110010010010010100010101
1011101001010011111110010010010010100011101
1011110010010001000010010010010001000010000
1011110010010001000010010010010001000010100
1011110010010001000010010010010001000011000
1011110010010001000010010010010001000011100
1011110010010001000010010010010001000100000
1011110010010001000010010010010001000100100
1011110010010001000010010010010001000101000
1011110010010001000010010010010001000101100
1011110010010001000010010010010001001000000
1011110010010001000010010010010001001000100
1011110010010001000010010010010001001001000
1011110010010001000010010010010001001001100
1011110010010001000010010010010011000100000
1011110010010001000010010010010011000100100
1011110010010001000010010010010011000101000
1011110010010001000010010010010011000101100
1011110010010001000010010010010011001000000
1011110010010001000010010010010011001000100
1011110010010001000010010010010011001001000
1011110010010001000010010010010011001001100
1011110010010001001010010010010001000010000
1011110010010001001010010010010001000010100
1011110010010001001010010010010001000011000
1011110010010001001010010010010001000011100
1011110010010001001010010010010001000100000
1011110010010001001010010010010001000100100
1011110010010001001010010010010001000101000
1011110010010001001010010010010001000101100
1011110010010001001010010010010001001000000
1011110010010001001010010010010001001000100
1011110010010001001010010010010001001001000
1011110010010001001010010010010001001001100
1011110010010001001010010010010011000100000
1011110010010001001010010010010011000100100
1011110010010001001010010010010011000101000
1011110010010001001010010010010011000101100
1011110010010001001010010010010011001000000
1011110010010001001010010010010011001000100
1011110010010001001010010010010011001001000
1011110010010001001010010010010011001001100
1011110010010001010010010010010001000010000
1011110010010001010010010010010001000010100
1011110010010001010010010010010001000011000
1011110010010001010010010010010001000011100
1011110010010001010010010010010001000100000
1011110010010001010010010010010001000100100
1011110010010001010010010010010001000101000
1011110010010001010010010010010001000101100
1011110010010001010010010010010001001000000
1011110010010001010010010010010001001000100
1011110010010001010010010010010001001001000
1011110010010001010010010010010001001001100
1011110010010001010010010010010011000100000
1011110010010001010010010010010011000100100
1011110010010001010010010010010011000101000
1011110010010001010010010010010011000101100
1011110010010001010010010010010011001000000
1011110010010001010010010010010011001000100
1011110010010001010010010010010011001001000
1011110010010001010010010010010011001001100
1011110010010001011010010010010001000010000
1011110010010001011010010010010001000010100
1011110010010001011010010010010001000011000
1011110010010001011010010010010001000011100
1011110010010001011010010010010001000100000
1011110010010001011010010010010001000100100
1011110010010001011010010010010001000101000
1011110010010001011010010010010001000101100
1011110010010001011010010010010001001000000
1011110010010001011010010010010001001000100
1011110010010001011010010010010001001001000
1011110010010001011010010010010001001001100
1011110010010001011010010010010011000100000
1011110010010001011010010010010011000100100
1011110010010001011010010010010011000101000
1011110010010001011010010010010011000101100
1011110010010001011010010010010011001000000
1011110010010001011010010010010011001000100
1011110010010001011010010010010011001001000
1011110010010001011010010010010011001001100
1011110010010001100010010010010001000010000
1011110010010001100010010010010001000010100
1011110010010001100010010010010001000011000
1011110010010001100010010010010001000011100
1011110010010001100010010010010001000100000
1011110010010001100010010010010001000100100
1011110010010001100010010010010001000101000
1011110010010001100010010010010001000101100
1011110010010001100010010010010001001000000
1011110010010001100010010010010001001000100
1011110010010001100010010010010001001001000
1011110010010001100010010010010001001001100
1011110010010001100010010010010011000100000
1011110010010001100010010010010011000100100
1011110010010001100010010010010011000101000
1011110010010001100010010010010011000101100
1011110010010001100010010010010011001000000
1011110010010001100010010010010011001000100
1011110010010001100010010010010011001001000
1011110010010001100010010010010011001001100
1011110010010001101010010010010001000010000
1011110010010001101010010010010001000010100
1011110010010001101010010010010001000011000
1011110010010001101010010010010001000011100
1011110010010001101010010010010001000100000
1011110010010001101010010010010001000100100
1011110010010001101010010010010001000101000
1011110010010001101010010010010001000101100
1011110010010001101010010010010001001000000
1011110010010001101010010010010001001000100
1011110010010001101010010010010001001001000
1011110010010001101010010010010001001001100
1011110010010001101010010010010011000100000
1011110010010001101010010010010011000100100
1011110010010001101010010010010011000101000
1011110010010001101010010010010011000101100
1011110010010001101010010010010011001000000
1011110010010001101010010010010011001000100
1011110010010001101010010010010011001001000
1011110010010001101010010010010011001001100
1011110010010001110010010010010001000010000
1011110010010001110010010010010001000010100
1011110010010001110010010010010001000011000
1011110010010001110010010010010001000011100
1011110010010001110010010010010001000100000
1011110010010001110010010010010001000100100
1011110010010001110010010010010001000101000
1011110010010001110010010010010001000101100
1011110010010001110010010010010001001000000
1011110010010001110010010010010001001000100
1011110010010001110010010010010001001001000
1011110010010001110010010010010001001001100
1011110010010001110010010010010011000100000
1011110010010001110010010010010011000100100
1011110010010001110010010010010011000101000
1011110010010001110010010010010011000101100
1011110010010001110010010010010011001000000
1011110010010001110010010010010011001000100
1011110010010001110010010010010011001001000
1011110010010001110010010010010011001001100
1011110010010001111010010010010001000010000
1011110010010001111010010010010001000010100
1011110010010001111010010010010001000011000
1011110010010001111010010010010001000011100
1011110010010001111010010010010001000100000
1011110010010001111010010010010001000100100
1011110010010001111010010010010001000101000
1011110010010001111010010010010001000101100
1011110010010001111010010010010001001000000
1011110010010001111010010010010001001000100
1011110010010001111010010010010001001001000
1011110010010001111010010010010001001001100
1011110010010001111010010010010011000100000
1011110010010001111010010010010011000100100
1011110010010001111010010010010011000101000
1011110010010001111010010010010011000101100
1011110010010001111010010010010011001000000
1011110010010001111010010010010011001000100
1011110010010001111010010010010011001001000
1011110010010001111010010010010011001001100
1101001001010011000110010001010010100010001
1101001001010011000110010001010010100011001
1101001001010011000110010010010010100010101
1101001001010011000110010010010010100011101
1101001001010011001110010001010010100010001
1101001001010011001110010001010010100011001
1101001001010011001110010010010010100010101
1101001001010011001110010010010010100011101
1101001001010011010110010001010010100010001
1101001001010011010110010001010010100011001
1101001001010011010110010010010010100010101
1101001001010011010110010010010010100011101
1101001001010011011110010001010010100010001
1101001001010011011110010001010010100011001
1101001001010011011110010010010010100010101
1101001001010011011110010010010010100011101
1101001001010011100110010001010010100010001
1101001001010011100110010001010010100011001
1101001001010011100110010010010010100010101
1101001001010011100110010010010010100011101
1101001001010011101110010001010010100010001
1101001001010011101110010001010010100011001
1101001001010011101110010010010010100010101
1101001001010011101110010010010010100011101
1101001001010011110110010001010010100010001
1101001001010011110110010001010010100011001
1101001001010011110110010010010010100010101
1101001001010011110110010010010010100011101
1101001001010011111110010001010010100010001
1101001001010011111110010001010010100011001
1101001001010011111110010010010010100010101
1101001001010011111110010010010010100011101
1101010010010001000010010010010001000010000
1101010010010001000010010010010001000010100
1101010010010001000010010010010001000011000
1101010010010001000010010010010001000011100
1101010010010001000010010010010001000100000
1101010010010001000010010010010001000100100
1101010010010001000010010010010001000101000
1101010010010001000010010010010001000101100
1101010010010001000010010010010001001000000
1101010010010001000010010010010001001000100
1101010010010001000010010010010001001001000
1101010010010001000010010010010001001001100
1101010010010001000010010010010011000100000
1101010010010001000010010010010011000100100
1101010010010001000010010010010011000101000
1101010010010001000010010010010011000101100
1101010010010001000010010010010011001000000
1101010010010001000010010010010011001000100
1101010010010001000010010010010011001001000
1101010010010001000010010010010011001001100
1101010010010001001010010010010001000010000
1101010010010001001010010010010001000010100
1101010010010001001010010010010001000011000
1101010010010001001010010010010001000011100
1101010010010001001010010010010001000100000
1101010010010001001010010010010001000100100
1101010010010001001010010010010001000101000
1101010010010001001010010010010001000101100
1101010010010001001010010010010001001000000
1101010010010001001010010010010001001000100
1101010010010001001010010010010001001001000
1101010010010001001010010010010001001001100
1101010010010001001010010010010011000100000
1101010010010001001010010010010011000100100
1101010010010001001010010010010011000101000
1101010010010001001010010010010011000101100
1101010010010001001010010010010011001000000
1101010010010001001010010010010011001000100
1101010010010001001010010010010011001001000
1101010010010001001010010010010011001001100
1101010010010001010010010010010001000010000
1101010010010001010010010010010001000010100
1101010010010001010010010010010001000011000
1101010010010001010010010010010001000011100
1101010010010001010010010010010001000100000
1101010010010001010010010010010001000100100
1101010010010001010010010010010001000101000
1101010010010001010010010010010001000101100
1101010010010001010010010010010001001000000
1101010010010001010010010010010001001000100
1101010010010001010010010010010001001001000
1101010010010001010010010010010001001001100
1101010010010001010010010010010011000100000
1101010010010001010010010010010011000100100
1101010010010001010010010010010011000101000
1101010010010001010010010010010011000101100
1101010010010001010010010010010011001000000
1101010010010001010010010010010011001000100
1101010010010001010010010010010011001001000
1101010010010001010010010010010011001001100
1101010010010001011010010010010001000010000
1101010010010001011010010010010001000010100
1101010010010001011010010010010001000011000
1101010010010001011010010010010001000011100
1101010010010001011010010010010001000100000
1101010010010001011010010010010001000100100
1101010010010001011010010010010001000101000
1101010010010001011010010010010001000101100
1101010010010001011010010010010001001000000
1101010010010001011010010010010001001000100
1101010010010001011010010010010001001001000
1101010010010001011010010010010001001001100
1101010010010001011010010010010011000100000
1101010010010001011010010010010011000100100
1101010010010001011010010010010011000101000
1101010010010001011010010010010011000101100
1101010010010001011010010010010011001000000
1101010010010001011010010010010011001000100
1101010010010001011010010010010011001001000
1101010010010001011010010010010011001001100
1101010010010001100010010010010001000010000
1101010010010001100010010010010001000010100
1101010010010001100010010010010001000011000
1101010010010001100010010010010001000011100
1101010010010001100010010010010001000100000
1101010010010001100010010010010001000100100
1101010010010001100010010010010001000101000
1101010010010001100010010010010001000101100
1101010010010001100010010010010001001000000
1101010010010001100010010010010001001000100
1101010010010001100010010010010001001001000
1101010010010001100010010010010001001001100
1101010010010001100010010010010011000100000
1101010010010001100010010010010011000100100
1101010010010001100010010010010011000101000
1101010010010001100010010010010011000101100
1101010010010001100010010010010011001000000
1101010010010001100010010010010011001000100
1101010010010001100010010010010011001001000
1101010010010001100010010010010011001001100
1101010010010001101010010010010001000010000
1101010010010001101010010010010001000010100
1101010010010001101010010010010001000011000
1101010010010001101010010010010001000011100
1101010010010001101010010010010001000100000
1101010010010001101010010010010001000100100
1101010010010001101010010010010001000101000
1101010010010001101010010010010001000101100
1101010010010001101010010010010001001000000
1101010010010001101010010010010001001000100
1101010010010001101010010010010001001001000
1101010010010001101010010010010001001001100
1101010010010001101010010010010011000100000
1101010010010001101010010010010011000100100
1101010010010001101010010010010011000101000
1101010010010001101010010010010011000101100
1101010010010001101010010010010011001000000
1101010010010001101010010010010011001000100
1101010010010001101010010010010011001001000
1101010010010001101010010010010011001001100
1101010010010001110010010010010001000010000
1101010010010001110010010010010001000010100
1101010010010001110010010010010001000011000
1101010010010001110010010010010001000011100
1101010010010001110010010010010001000100000
1101010010010001110010010010010001000100100
1101010010010001110010010010010001000101000
1101010010010001110010010010010001000101100
1101010010010001110010010010010001001000000
1101010010010001110010010010010001001000100
1101010010010001110010010010010001001001000
1101010010010001110010010010010001001001100
1101010010010001110010010010010011000100000
1101010010010001110010010010010011000100100
1101010010010001110010010010010011000101000
1101010010010001110010010010010011000101100
1101010010010001110010010010010011001000000
1101010010010001110010010010010011001000100
1101010010010001110010010010010011001001000
1101010010010001110010010010010011001001100
1101010010010001111010010010010001000010000
1101010010010001111010010010010001000010100
1101010010010001111010010010010001000011000
1101010010010001111010010010010001000011100
1101010010010001111010010010010001000100000
1101010010010001111010010010010001000100100
1101010010010001111010010010010001000101000
1101010010010001111010010010010001000101100
1101010010010001111010010010010001001000000
1101010010010001111010010010010001001000100
1101010010010001111010010010010001001001000
1101010010010001111010010010010001001001100
1101010010010001111010010010010011000100000
1101010010010001111010010010010011000100100
1101010010010001111010010010010011000101000
1101010010010001111010010010010011000101100
1101010010010001111010010010010011001000000
1101010010010001111010010010010011001000100
1101010010010001111010010010010011001001000
1101010010010001111010010010010011001001100
1101101001001011010110001001010010100011001
1101101001001011110110001001010010100011001
1101101001010011000110010001010010100010001
1101101001010011000110010001010010100011001
1101101001010011000110010010010010100010101
1101101001010011000110010010010010100011101
1101101001010011001110010001010010100010001
1101101001010011001110010001010010100011001
1101101001010011001110010010010010100010101
1101101001010011001110010010010010100011101
1101101001010011010110010001010010100010001
1101101001010011010110010010010010100010101
1101101001010011010110010010010010100011101
1101101001010011011110010001010010100010001
1101101001010011011110010010010010100010101
1101101001010011011110010010010010100011101
1101101001010011100110010001010010100010001
1101101001010011100110010001010010100011001
1101101001010011100110010010010010100010101
1101101001010011100110010010010010100011101
1101101001010011101110010001010010100010001
1101101001010011101110010001010010100011001
1101101001010011101110010010010010100010101
1101101001010011101110010010010010100011101
1101101001010011110110010001010010100010001
1101101001010011110110010010010010100010101
1101101001010011110110010010010010100011101
1101101001010011111110010001010010100010001
1101101001010011111110010010010010100010101
1101101001010011111110010010010010100011101
1101110010010001000010010010010001000010000
1101110010010001000010010010010001000010100
1101110010010001000010010010010001000011000
1101110010010001000010010010010001000011100
1101110010010001000010010010010001000100000
1101110010010001000010010010010001000100100
1101110010010001000010010010010001000101000
1101110010010001000010010010010001000101100
1101110010010001000010010010010001001000000
1101110010010001000010010010010001001000100
1101110010010001000010010010010001001001000
1101110010010001000010010010010001001001100
1101110010010001000010010010010011000100000
1101110010010001000010010010010011000100100
1101110010010001000010010010010011000101000
1101110010010001000010010010010011000101100
1101110010010001000010010010010011001000000
1101110010010001000010010010010011001000100
1101110010010001000010010010010011001001000
1101110010010001000010010010010011001001100
1101110010010001001010010010010001000010000
1101110010010001001010010010010001000010100
1101110010010001001010010010010001000011000
1101110010010001001010010010010001000011100
1101110010010001001010010010010001000100000
1101110010010001001010010010010001000100100
1101110010010001001010010010010001000101000
1101110010010001001010010010010001000101100
1101110010010001001010010010010001001000000
1101110010010001001010010010010001001000100
1101110010010001001010010010010001001001000
1101110010010001001010010010010001001001100
1101110010010001001010010010010011000100000
1101110010010001001010010010010011000100100
1101110010010001001010010010010011000101000
1101110010010001001010010010010011000101100
1101110010010001001010010010010011001000000
1101110010010001001010010010010011001000100
1101110010010001001010010010010011001001000
1101110010010001001010010010010011001001100
1101110010010001010010010010010001000010000
1101110010010001010010010010010001000010100
1101110010010001010010010010010001000011000
1101110010010001010010010010010001000011100
1101110010010001010010010010010001000100000
1101110010010001010010010010010001000100100
1101110010010001010010010010010001000101000
1101110010010001010010010010010001000101100
1101110010010001010010010010010001001000000
1101110010010001010010010010010001001000100
1101110010010001010010010010010001001001000
1101110010010001010010010010010001001001100
1101110010010001010010010010010011000100000
1101110010010001010010010010010011000100100
1101110010010001010010010010010011000101000
1101110010010001010010010010010011000101100
1101110010010001010010010010010011001000000
1101110010010001010010010010010011001000100
1101110010010001010010010010010011001001000
1101110010010001010010010010010011001001100
1101110010010001011010010010010001000010000
1101110010010001011010010010010001000010100
1101110010010001011010010010010001000011000
1101110010010001011010010010010001000011100
1101110010010001011010010010010001000100000
1101110010010001011010010010010001000100100
1101110010010001011010010010010001000101000
1101110010010001011010010010010001000101100
1101110010010001011010010010010001001000000
1101110010010001011010010010010001001000100
1101110010010001011010010010010001001001000
1101110010010001011010010010010001001001100
1101110010010001011010010010010011000100000
1101110010010001011010010010010011000100100
1101110010010001011010010010010011000101000
1101110010010001011010010010010011000101100
1101110010010001011010010010010011001000000
1101110010010001011010010010010011001000100
1101110010010001011010010010010011001001000
1101110010010001011010010010010011001001100
1101110010010001100010010010010001000010000
1101110010010001100010010010010001000010100
1101110010010001100010010010010001000011000
1101110010010001100010010010010001000011100
1101110010010001100010010010010001000100000
1101110010010001100010010010010001000100100
1101110010010001100010010010010001000101000
1101110010010001100010010010010001000101100
1101110010010001100010010010010001001000000
1101110010010001100010010010010001001000100
1101110010010001100010010010010001001001000
1101110010010001100010010010010001001001100
1101110010010001100010010010010011000100000
1101110010010001100010010010010011000100100
1101110010010001100010010010010011000101000
1101110010010001100010010010010011000101100
1101110010010001100010010010010011001000000
1101110010010001100010010010010011001000100
1101110010010001100010010010010011001001000
1101110010010001100010010010010011001001100
1101110010010001101010010010010001000010000
1101110010010001101010010010010001000010100
1101110010010001101010010010010001000011000
1101110010010001101010010010010001000011100
1101110010010001101010010010010001000100000
1101110010010001101010010010010001000100100
1101110010010001101010010010010001000101000
1101110010010001101010010010010001000101100
1101110010010001101010010010010001001000000
1101110010010001101010010010010001001000100
1101110010010001101010010010010001001001000
1101110010010001101010010010010001001001100
1101110010010001101010010010010011000100000
1101110010010001101010010010010011000100100
1101110010010001101010010010010011000101000
1101110010010001101010010010010011000101100
1101110010010001101010010010010011001000000
1101110010010001101010010010010011001000100
1101110010010001101010010010010011001001000
1101110010010001101010010010010011001001100
1101110010010001110010010010010001000010000
1101110010010001110010010010010001000010100
1101110010010001110010010010010001000011000
1101110010010001110010010010010001000011100
1101110010010001110010010010010001000100000
1101110010010001110010010010010001000100100
1101110010010001110010010010010001000101000
1101110010010001110010010010010001000101100
1101110010010001110010010010010001001000000
1101110010010001110010010010010001001000100
1101110010010001110010010010010001001001000
1101110010010001110010010010010001001001100
1101110010010001110010010010010011000100000
1101110010010001110010010010010011000100100
1101110010010001110010010010010011000101000
1101110010010001110010010010010011000101100
1101110010010001110010010010010011001000000
1101110010010001110010010010010011001000100
1101110010010001110010010010010011001001000
1101110010010001110010010010010011001001100
1101110010010001111010010010010001000010000
1101110010010001111010010010010001000010100
1101110010010001111010010010010001000011000
1101110010010001111010010010010001000011100
1101110010010001111010010010010001000100000
1101110010010001111010010010010001000100100
1101110010010001111010010010010001000101000
1101110010010001111010010010010001000101100
1101110010010001111010010010010001001000000
1101110010010001111010010010010001001000100
1101110010010001111010010010010001001001000
1101110010010001111010010010010001001001100
1101110010010001111010010010010011000100000
1101110010010001111010010010010011000100100
1101110010010001111010010010010011000101000
1101110010010001111010010010010011000101100
1101110010010001111010010010010011001000000
1101110010010001111010010010010011001000100
1101110010010001111010010010010011001001000
1101110010010001111010010010010011001001100
1111001001010011000110010001010010100010001
1111001001010011000110010001010010100011001
1111001001010011000110010010010010100010101
1111001001010011000110010010010010100011101
1111001001010011001110010001010010100010001
1111001001010011001110010001010010100011001
1111001001010011001110010010010010100010101
1111001001010011001110010010010010100011101
1111001001010011010110010001010010100010001
1111001001010011010110010001010010100011001
1111001001010011010110010010010010100010101
1111001001010011010110010010010010100011101
1111001001010011011110010001010010100010001
1111001001010011011110010001010010100011001
1111001001010011011110010010010010100010101
1111001001010011011110010010010010100011101
1111001001010011100110010001010010100010001
1111001001010011100110010001010010100011001
1111001001010011100110010010010010100010101
1111001001010011100110010010010010100011101
1111001001010011101110010001010010100010001
1111001001010011101110010001010010100011001
1111001001010011101110010010010010100010101
1111001001010011101110010010010010100011101
1111001001010011110110010001010010100010001
1111001001010011110110010001010010100011001
1111001001010011110110010010010010100010101
1111001001010011110110010010010010100011101
1111001001010011111110010001010010100010001
1111001001010011111110010001010010100011001
1111001001010011111110010010010010100010101
1111001001010011111110010010010010100011101
1111010010010001000010010010010001000010000
1111010010010001000010010010010001000010100
1111010010010001000010010010010001000011000
1111010010010001000010010010010001000011100
1111010010010001000010010010010001000100000
1111010010010001000010010010010001000100100
1111010010010001000010010010010001000101000
1111010010010001000010010010010001000101100
1111010010010001000010010010010001001000000
1111010010010001000010010010010001001000100
1111010010010001000010010010010001001001000
1111010010010001000010010010010001001001100
1111010010010001000010010010010011000100000
1111010010010001000010010010010011000100100
1111010010010001000010010010010011000101000
1111010010010001000010010010010011000101100
1111010010010001000010010010010011001000000
1111010010010001000010010010010011001000100
1111010010010001000010010010010011001001000
1111010010010001000010010010010011001001100
1111010010010001001010010010010001000010000
1111010010010001001010010010010001000010100
1111010010010001001010010010010001000011000
1111010010010001001010010010010001000011100
1111010010010001001010010010010001000100000
1111010010010001001010010010010001000100100
1111010010010001001010010010010001000101000
1111010010010001001010010010010001000101100
1111010010010001001010010010010001001000000
1111010010010001001010010010010001001000100
1111010010010001001010010010010001001001000
1111010010010001001010010010010001001001100
1111010010010001001010010010010011000100000
1111010010010001001010010010010011000100100
1111010010010001001010010010010011000101000
1111010010010001001010010010010011000101100
1111010010010001001010010010010011001000000
1111010010010001001010010010010011001000100
1111010010010001001010010010010011001001000
1111010010010001001010010010010011001001100
1111010010010001010010010010010001000010000
1111010010010001010010010010010001000010100
1111010010010001010010010010010001000011000
1111010010010001010010010010010001000011100
1111010010010001010010010010010001000100000
1111010010010001010010010010010001000100100
1111010010010001010010010010010001000101000
1111010010010001010010010010010001000101100
1111010010010001010010010010010001001000000
1111010010010001010010010010010001001000100
1111010010010001010010010010010001001001000
1111010010010001010010010010010001001001100
1111010010010001010010010010010011000100000
1111010010010001010010010010010011000100100
1111010010010001010010010010010011000101000
1111010010010001010010010010010011000101100
1111010010010001010010010010010011001000000
1111010010010001010010010010010011001000100
1111010010010001010010010010010011001001000
1111010010010001010010010010010011001001100
1111010010010001011010010010010001000010000
1111010010010001011010010010010001000010100
1111010010010001011010010010010001000011000
1111010010010001011010010010010001000011100
1111010010010001011010010010010001000100000
1111010010010001011010010010010001000100100
1111010010010001011010010010010001000101000
1111010010010001011010010010010001000101100
1111010010010001011010010010010001001000000
1111010010010001011010010010010001001000100
1111010010010001011010010010010001001001000
1111010010010001011010010010010001001001100
1111010010010001011010010010010011000100000
1111010010010001011010010010010011000100100
1111010010010001011010010010010011000101000
1111010010010001011010010010010011000101100
1111010010010001011010010010010011001000000
1111010010010001011010010010010011001000100
1111010010010001011010010010010011001001000
1111010010010001011010010010010011001001100
1111010010010001100010010010010001000010000
1111010010010001100010010010010001000010100
1111010010010001100010010010010001000011000
1111010010010001100010010010010001000011100
1111010010010001100010010010010001000100000
1111010010010001100010010010010001000100100
1111010010010001100010010010010001000101000
1111010010010001100010010010010001000101100
1111010010010001100010010010010001001000000
1111010010010001100010010010010001001000100
1111010010010001100010010010010001001001000
1111010010010001100010010010010001001001100
1111010010010001100010010010010011000100000
1111010010010001100010010010010011000100100
1111010010010001100010010010010011000101000
1111010010010001100010010010010011000101100
1111010010010001100010010010010011001000000
1111010010010001100010010010010011001000100
1111010010010001100010010010010011001001000
1111010010010001100010010010010011001001100
1111010010010001101010010010010001000010000
1111010010010001101010010010010001000010100
1111010010010001101010010010010001000011000
1111010010010001101010010010010001000011100
1111010010010001101010010010010001000100000
1111010010010001101010010010010001000100100
1111010010010001101010010010010001000101000
1111010010010001101010010010010001000101100
1111010010010001101010010010010001001000000
1111010010010001101010010010010001001000100
1111010010010001101010010010010001001001000
1111010010010001101010010010010001001001100
1111010010010001101010010010010011000100000
1111010010010001101010010010010011000100100
1111010010010001101010010010010011000101000
1111010010010001101010010010010011000101100
1111010010010001101010010010010011001000000
1111010010010001101010010010010011001000100
1111010010010001101010010010010011001001000
1111010010010001101010010010010011001001100
1111010010010001110010010010010001000010000
1111010010010001110010010010010001000010100
1111010010010001110010010010010001000011000
1111010010010001110010010010010001000011100
1111010010010001110010010010010001000100000
1111010010010001110010010010010001000100100
1111010010010001110010010010010001000101000
1111010010010001110010010010010001000101100
1111010010010001110010010010010001001000000
1111010010010001110010010010010001001000100
1111010010010001110010010010010001001001000
1111010010010001110010010010010001001001100
1111010010010001110010010010010011000100000
1111010010010001110010010010010011000100100
1111010010010001110010010010010011000101000
1111010010010001110010010010010011000101100
1111010010010001110010010010010011001000000
1111010010010001110010010010010011001000100
1111010010010001110010010010010011001001000
1111010010010001110010010010010011001001100
1111010010010001111010010010010001000010000
1111010010010001111010010010010001000010100
1111010010010001111010010010010001000011000
1111010010010001111010010010010001000011100
1111010010010001111010010010010001000100000
1111010010010001111010010010010001000100100
1111010010010001111010010010010001000101000
1111010010010001111010010010010001000101100
1111010010010001111010010010010001001000000
1111010010010001111010010010010001001000100
1111010010010001111010010010010001001001000
1111010010010001111010010010010001001001100
1111010010010001111010010010010011000100000
1111010010010001111010010010010011000100100
1111010010010001111010010010010011000101000
1111010010010001111010010010010011000101100
1111010010010001111010010010010011001000000
1111010010010001111010010010010011001000100
1111010010010001111010010010010011001001000
1111010010010001111010010010010011001001100
1111101001001011010110001001010010100011001
1111101001001011110110001001010010100011001
1111101001010011000110010001010010100010001
1111101001010011000110010001010010100011001
1111101001010011000110010010010010100010101
1111101001010011000110010010010010100011101
1111101001010011001110010001010010100010001
1111101001010011001110010001010010100011001
1111101001010011001110010010010010100010101
1111101001010011001110010010010010100011101
1111101001010011010110010001010010100010001
1111101001010011010110010010010010100010101
1111101001010011010110010010010010100011101
1111101001010011011110010001010010100010001
1111101001010011011110010010010010100010101
1111101001010011011110010010010010100011101
1111101001010011100110010001010010100010001
1111101001010011100110010001010010100011001
1111101001010011100110010010010010100010101
1111101001010011100110010010010010100011101
1111101001010011101110010001010010100010001
1111101001010011101110010001010010100011001
1111101001010011101110010010010010100010101
1111101001010011101110010010010010100011101
1111101001010011110110010001010010100010001
1111101001010011110110010010010010100010101
1111101001010011110110010010010010100011101
1111101001010011111110010001010010100010001
1111101001010011111110010010010010100010101
1111101001010011111110010010010010100011101
1111110010010001000010010010010001000010000
1111110010010001000010010010010001000010100
1111110010010001000010010010010001000011000
1111110010010001000010010010010001000011100
1111110010010001000010010010010001000100000
1111110010010001000010010010010001000100100
1111110010010001000010010010010001000101000
1111110010010001000010010010010001000101100
1111110010010001000010010010010001001000000
1111110010010001000010010010010001001000100
1111110010010001000010010010010001001001000
1111110010010001000010010010010001001001100
1111110010010001000010010010010011000100000
1111110010010001000010010010010011000100100
1111110010010001000010010010010011000101000
1111110010010001000010010010010011000101100
1111110010010001000010010010010011001000000
1111110010010001000010010010010011001000100
1111110010010001000010010010010011001001000
1111110010010001000010010010010011001001100
1111110010010001001010010010010001000010000
1111110010010001001010010010010001000010100
1111110010010001001010010010010001000011000
1111110010010001001010010010010001000011100
1111110010010001001010010010010001000100000
1111110010010001001010010010010001000100100
1111110010010001001010010010010001000101000
1111110010010001001010010010010001000101100
1111110010010001001010010010010001001000000
1111110010010001001010010010010001001000100
1111110010010001001010010010010001001001000
1111110010010001001010010010010001001001100
1111110010010001001010010010010011000100000
1111110010010001001010010010010011000100100
1111110010010001001010010010010011000101000
1111110010010001001010010010010011000101100
1111110010010001001010010010010011001000000
1111110010010001001010010010010011001000100
1111110010010001001010010010010011001001000
1111110010010001001010010010010011001001100
1111110010010001010010010010010001000010000
1111110010010001010010010010010001000010100
1111110010010001010010010010010001000011000
1111110010010001010010010010010001000011100
1111110010010001010010010010010001000100000
1111110010010001010010010010010001000100100
1111110010010001010010010010010001000101000
1111110010010001010010010010010001000101100
1111110010010001010010010010010001001000000
1111110010010001010010010010010001001000100
1111110010010001010010010010010001001001000
1111110010010001010010010010010001001001100
1111110010010001010010010010010011000100000
1111110010010001010010010010010011000100100
1111110010010001010010010010010011000101000
1111110010010001010010010010010011000101100
1111110010010001010010010010010011001000000
1111110010010001010010010010010011001000100
1111110010010001010010010010010011001001000
1111110010010001010010010010010011001001100
1111110010010001011010010010010001000010000
1111110010010001011010010010010001000010100
1111110010010001011010010010010001000011000
1111110010010001011010010010010001000011100
1111110010010001011010010010010001000100000
1111110010010001011010010010010001000100100
1111110010010001011010010010010001000101000
1111110010010001011010010010010001000101100
1111110010010001011010010010010001001000000
1111110010010001011010010010010001001000100
1111110010010001011010010010010001001001000
1111110010010001011010010010010001001001100
1111110010010001011010010010010011000100000
1111110010010001011010010010010011000100100
1111110010010001011010010010010011000101000
1111110010010001011010010010010011000101100
1111110010010001011010010010010011001000000
1111110010010001011010010010010011001000100
1111110010010001011010010010010011001001000
1111110010010001011010010010010011001001100
1111110010010001100010010010010001000010000
1111110010010001100010010010010001000010100
1111110010010001100010010010010001000011000
1111110010010001100010010010010001000011100
1111110010010001100010010010010001000100000
1111110010010001100010010010010001000100100
1111110010010001100010010010010001000101000
1111110010010001100010010010010001000101100
1111110010010001100010010010010001001000000
1111110010010001100010010010010001001000100
1111110010010001100010010010010001001001000
1111110010010001100010010010010001001001100
1111110010010001100010010010010011000100000
1111110010010001100010010010010011000100100
1111110010010001100010010010010011000101000
1111110010010001100010010010010011000101100
1111110010010001100010010010010011001000000
1111110010010001100010010010010011001000100
1111110010010001100010010010010011001001000
1111110010010001100010010010010011001001100
1111110010010001101010010010010001000010000
1111110010010001101010010010010001000010100
1111110010010001101010010010010001000011000
1111110010010001101010010010010001000011100
1111110010010001101010010010010001000100000
1111110010010001101010010010010001000100100
1111110010010001101010010010010001000101000
1111110010010001101010010010010001000101100
1111110010010001101010010010010001001000000
1111110010010001101010010010010001001000100
1111110010010001101010010010010001001001000
1111110010010001101010010010010001001001100
1111110010010001101010010010010011000100000
1111110010010001101010010010010011000100100
1111110010010001101010010010010011000101000
1111110010010001101010010010010011000101100
1111110010010001101010010010010011001000000
1111110010010001101010010010010011001000100
1111110010010001101010010010010011001001000
1111110010010001101010010010010011001001100
1111110010010001110010010010010001000010000
1111110010010001110010010010010001000010100
1111110010010001110010010010010001000011000
1111110010010001110010010010010001000011100
1111110010010001110010010010010001000100000
1111110010010001110010010010010001000100100
1111110010010001110010010010010001000101000
1111110010010001110010010010010001000101100
1111110010010001110010010010010001001000000
1111110010010001110010010010010001001000100
1111110010010001110010010010010001001001000
1111110010010001110010010010010001001001100
1111110010010001110010010010010011000100000
1111110010010001110010010010010011000100100
1111110010010001110010010010010011000101000
1111110010010001110010010010010011000101100
1111110010010001110010010010010011001000000
1111110010010001110010010010010011001000100
1111110010010001110010010010010011001001000
1111110010010001110010010010010011001001100
1111110010010001111010010010010001000010000
1111110010010001111010010010010001000010100
1111110010010001111010010010010001000011000
1111110010010001111010010010010001000011100
1111110010010001111010010010010001000100000
1111110010010001111010010010010001000100100
1111110010010001111010010010010001000101000
1111110010010001111010010010010001000101100
1111110010010001111010010010010001001000000
1111110010010001111010010010010001001000100
1111110010010001111010010010010001001001000
1111110010010001111010010010010001001001100
1111110010010001111010010010010011000100000
1111110010010001111010010010010011000100100
1111110010010001111010010010010011000101000
1111110010010001111010010010010011000101100
1111110010010001111010010010010011001000000
1111110010010001111010010010010011001000100
1111110010010001111010010010010011001001000
1111110010010001111010010010010011001001100
	Command being timed: "/Users/soh/app/util/wrap.sh java -Xms16g -Xmx16g -jar /Users/soh/app/saf230420-16h03m/saf.jar -k 1 -k1solver /Users/soh/app/saf230420-16h03m/bdd_minisat_all-1.0.2/bdd_minisat_all_release -libname cadical -libpath /Users/soh/app/saf230420-16h03m/cadical/build/ benchmark/automata-network/abdallah17amb/FGF_pathway.an"
	User time (seconds): 1.90
	System time (seconds): 0.12
	Percent of CPU this job got: 199%
	Elapsed (wall clock) time (h:mm:ss or m:ss): 0:01.01
	Average shared text size (kbytes): 0
	Average unshared data size (kbytes): 0
	Average stack size (kbytes): 0
	Average total size (kbytes): 0
	Maximum resident set size (kbytes): 681738240
	Average resident set size (kbytes): 0
	Major (requiring I/O) page faults: 0
	Minor (reclaiming a frame) page faults: 47630
	Voluntary context switches: 23
	Involuntary context switches: 2794
	Swaps: 0
	File system inputs: 0
	File system outputs: 0
	Socket messages sent: 27
	Socket messages received: 0
	Signals delivered: 1
	Page size (bytes): 4096
	Exit status: 0
FINISHED CPU 2.02 MEM 0 MAXMEM 0 STALE 1
#RESULT: UNK
#FIN: FIN
#CPU: 2.02
#MAXMEM: 0
c 
#END: [Tue Apr 25 20:13:35 2023]
