#BEGIN: [Tue Apr 25 17:43:50 2023]
#HOST: mini09.local
#TIMELIMIT: 10800
#MEMLIMIT: 0
#FREQ: 10
#SOLVER: saf230420-16h03m-sat4j
#CSP: benchmark/automata-network/abdallah17amb/fisson-yeast.an
#K: 1
#COMMAND: /Users/soh/app/util/wrap.sh java -Xms16g -Xmx16g -jar /Users/soh/app/saf230420-16h03m/saf.jar -k 1 benchmark/automata-network/abdallah17amb/fisson-yeast.an
Using Sat4j SAT Solver

Start,SK,Cdc2_Cdc13,Ste9,Rum1,Slp1,Wee1_Mik1,Cdc25,PP
k: 1, #Var: 54, #Clause: 231
#1
000110100
	Command being timed: "/Users/soh/app/util/wrap.sh java -Xms16g -Xmx16g -jar /Users/soh/app/saf230420-16h03m/saf.jar -k 1 benchmark/automata-network/abdallah17amb/fisson-yeast.an"
	User time (seconds): 1.42
	System time (seconds): 0.10
	Percent of CPU this job got: 168%
	Elapsed (wall clock) time (h:mm:ss or m:ss): 0:00.90
	Average shared text size (kbytes): 0
	Average unshared data size (kbytes): 0
	Average stack size (kbytes): 0
	Average total size (kbytes): 0
	Maximum resident set size (kbytes): 632520704
	Average resident set size (kbytes): 0
	Major (requiring I/O) page faults: 0
	Minor (reclaiming a frame) page faults: 42573
	Voluntary context switches: 10
	Involuntary context switches: 2509
	Swaps: 0
	File system inputs: 0
	File system outputs: 0
	Socket messages sent: 19
	Socket messages received: 0
	Signals delivered: 1
	Page size (bytes): 4096
	Exit status: 0
FINISHED CPU 1.52 MEM 0 MAXMEM 0 STALE 1
#RESULT: UNK
#FIN: FIN
#CPU: 1.52
#MAXMEM: 0
c 
#END: [Tue Apr 25 17:43:51 2023]
