#BEGIN: [Tue Apr 25 17:43:50 2023]
#HOST: mini04.local
#TIMELIMIT: 10800
#MEMLIMIT: 0
#FREQ: 10
#SOLVER: saf230420-16h03m-sat4j
#CSP: benchmark/automata-network/abdallah17amb/mammalian.an
#K: 1
#COMMAND: /Users/soh/app/util/wrap.sh java -Xms16g -Xmx16g -jar /Users/soh/app/saf230420-16h03m/saf.jar -k 1 benchmark/automata-network/abdallah17amb/mammalian.an
Using Sat4j SAT Solver

CycD,CycE,Rb,E2F,CycA,p27,Cdc20,UbcH10,Cdh1,CycB
k: 1, #Var: 44, #Clause: 168
#1
0010010010
	Command being timed: "/Users/soh/app/util/wrap.sh java -Xms16g -Xmx16g -jar /Users/soh/app/saf230420-16h03m/saf.jar -k 1 benchmark/automata-network/abdallah17amb/mammalian.an"
	User time (seconds): 1.23
	System time (seconds): 0.10
	Percent of CPU this job got: 157%
	Elapsed (wall clock) time (h:mm:ss or m:ss): 0:00.84
	Average shared text size (kbytes): 0
	Average unshared data size (kbytes): 0
	Average stack size (kbytes): 0
	Average total size (kbytes): 0
	Maximum resident set size (kbytes): 623591424
	Average resident set size (kbytes): 0
	Major (requiring I/O) page faults: 0
	Minor (reclaiming a frame) page faults: 41484
	Voluntary context switches: 9
	Involuntary context switches: 2343
	Swaps: 0
	File system inputs: 0
	File system outputs: 0
	Socket messages sent: 17
	Socket messages received: 0
	Signals delivered: 1
	Page size (bytes): 4096
	Exit status: 0
FINISHED CPU 1.33 MEM 0 MAXMEM 0 STALE 1
#RESULT: UNK
#FIN: FIN
#CPU: 1.33
#MAXMEM: 0
c 
#END: [Tue Apr 25 17:43:51 2023]
