#BEGIN: [Tue Apr 25 17:43:51 2023]
#HOST: mini17.local
#TIMELIMIT: 10800
#MEMLIMIT: 0
#FREQ: 10
#SOLVER: saf230420-16h03m-sat4j
#CSP: benchmark/automata-network/star/star05.an
#K: 6
#COMMAND: /Users/soh/app/util/wrap.sh java -Xms16g -Xmx16g -jar /Users/soh/app/saf230420-16h03m/saf.jar -k 6 benchmark/automata-network/star/star05.an
Using Sat4j SAT Solver

A1,A2,A3,A4,A5
k: 1, #Var: 15, #Clause: 50
UNSAT
k: 2, #Var: 90, #Clause: 459
UNSAT
k: 3, #Var: 165, #Clause: 1046
UNSAT
k: 4, #Var: 265, #Clause: 1883
UNSAT
k: 5, #Var: 390, #Clause: 2970
UNSAT
k: 6, #Var: 540, #Clause: 4307
#1
00000 00001 00010 00100 01000 10000
	Command being timed: "/Users/soh/app/util/wrap.sh java -Xms16g -Xmx16g -jar /Users/soh/app/saf230420-16h03m/saf.jar -k 6 benchmark/automata-network/star/star05.an"
	User time (seconds): 1.72
	System time (seconds): 0.11
	Percent of CPU this job got: 181%
	Elapsed (wall clock) time (h:mm:ss or m:ss): 0:01.01
	Average shared text size (kbytes): 0
	Average unshared data size (kbytes): 0
	Average stack size (kbytes): 0
	Average total size (kbytes): 0
	Maximum resident set size (kbytes): 686702592
	Average resident set size (kbytes): 0
	Major (requiring I/O) page faults: 0
	Minor (reclaiming a frame) page faults: 46681
	Voluntary context switches: 10
	Involuntary context switches: 2869
	Swaps: 0
	File system inputs: 0
	File system outputs: 0
	Socket messages sent: 19
	Socket messages received: 0
	Signals delivered: 1
	Page size (bytes): 4096
	Exit status: 0
FINISHED CPU 1.83 MEM 0 MAXMEM 0 STALE 1
#RESULT: UNSAT
#FIN: FIN
#CPU: 1.83
#MAXMEM: 0
c 
#END: [Tue Apr 25 17:43:52 2023]
