#BEGIN: [Tue Apr 25 20:14:24 2023]
#HOST: mini07.local
#TIMELIMIT: 10800
#MEMLIMIT: 0
#FREQ: 10
#SOLVER: saf230420-16h03m-bddcadical
#CSP: benchmark/automata-network/star/star02.an
#K: 3
#COMMAND: /Users/soh/app/util/wrap.sh java -Xms16g -Xmx16g -jar /Users/soh/app/saf230420-16h03m/saf.jar -k 3 -k1solver /Users/soh/app/saf230420-16h03m/bdd_minisat_all-1.0.2/bdd_minisat_all_release -libname cadical -libpath /Users/soh/app/saf230420-16h03m/cadical/build/ benchmark/automata-network/star/star02.an
Using IPASIR SAT Solver and AllSAT Solver
Libpath: /Users/soh/app/saf230420-16h03m/cadical/build/
Libname: cadical
K1solver: /Users/soh/app/saf230420-16h03m/bdd_minisat_all-1.0.2/bdd_minisat_all_release

A1,A2
UNSAT
k: 2, #Var: 36, #Clause: 126
UNSAT
k: 3, #Var: 66, #Clause: 260
#1
00 01 10
	Command being timed: "/Users/soh/app/util/wrap.sh java -Xms16g -Xmx16g -jar /Users/soh/app/saf230420-16h03m/saf.jar -k 3 -k1solver /Users/soh/app/saf230420-16h03m/bdd_minisat_all-1.0.2/bdd_minisat_all_release -libname cadical -libpath /Users/soh/app/saf230420-16h03m/cadical/build/ benchmark/automata-network/star/star02.an"
	User time (seconds): 1.22
	System time (seconds): 0.10
	Percent of CPU this job got: 154%
	Elapsed (wall clock) time (h:mm:ss or m:ss): 0:00.86
	Average shared text size (kbytes): 0
	Average unshared data size (kbytes): 0
	Average stack size (kbytes): 0
	Average total size (kbytes): 0
	Maximum resident set size (kbytes): 633520128
	Average resident set size (kbytes): 0
	Major (requiring I/O) page faults: 0
	Minor (reclaiming a frame) page faults: 43096
	Voluntary context switches: 20
	Involuntary context switches: 2236
	Swaps: 0
	File system inputs: 0
	File system outputs: 0
	Socket messages sent: 26
	Socket messages received: 0
	Signals delivered: 2
	Page size (bytes): 4096
	Exit status: 0
FINISHED CPU 1.32 MEM 0 MAXMEM 0 STALE 1
#RESULT: UNSAT
#FIN: FIN
#CPU: 1.32
#MAXMEM: 0
c 
#END: [Tue Apr 25 20:14:25 2023]
