#BEGIN: [Tue Apr 25 17:43:51 2023]
#HOST: mini16.local
#TIMELIMIT: 10800
#MEMLIMIT: 0
#FREQ: 10
#SOLVER: saf230420-16h03m-sat4j
#CSP: benchmark/automata-network/star/star02.an
#K: 3
#COMMAND: /Users/soh/app/util/wrap.sh java -Xms16g -Xmx16g -jar /Users/soh/app/saf230420-16h03m/saf.jar -k 3 benchmark/automata-network/star/star02.an
Using Sat4j SAT Solver

A1,A2
k: 1, #Var: 6, #Clause: 14
UNSAT
k: 2, #Var: 36, #Clause: 126
UNSAT
k: 3, #Var: 66, #Clause: 260
#1
00 01 10
	Command being timed: "/Users/soh/app/util/wrap.sh java -Xms16g -Xmx16g -jar /Users/soh/app/saf230420-16h03m/saf.jar -k 3 benchmark/automata-network/star/star02.an"
	User time (seconds): 1.18
	System time (seconds): 0.10
	Percent of CPU this job got: 153%
	Elapsed (wall clock) time (h:mm:ss or m:ss): 0:00.83
	Average shared text size (kbytes): 0
	Average unshared data size (kbytes): 0
	Average stack size (kbytes): 0
	Average total size (kbytes): 0
	Maximum resident set size (kbytes): 617234432
	Average resident set size (kbytes): 0
	Major (requiring I/O) page faults: 0
	Minor (reclaiming a frame) page faults: 41003
	Voluntary context switches: 10
	Involuntary context switches: 2015
	Swaps: 0
	File system inputs: 0
	File system outputs: 0
	Socket messages sent: 18
	Socket messages received: 0
	Signals delivered: 1
	Page size (bytes): 4096
	Exit status: 0
FINISHED CPU 1.28 MEM 0 MAXMEM 0 STALE 1
#RESULT: UNSAT
#FIN: FIN
#CPU: 1.28
#MAXMEM: 0
c 
#END: [Tue Apr 25 17:43:52 2023]
