#BEGIN: [Tue Apr 25 17:43:51 2023]
#HOST: mini10.local
#TIMELIMIT: 10800
#MEMLIMIT: 0
#FREQ: 10
#SOLVER: saf230420-16h03m-sat4j
#CSP: benchmark/automata-network/star/star06.an
#K: 7
#COMMAND: /Users/soh/app/util/wrap.sh java -Xms16g -Xmx16g -jar /Users/soh/app/saf230420-16h03m/saf.jar -k 7 benchmark/automata-network/star/star06.an
Using Sat4j SAT Solver

A1,A2,A3,A4,A5,A6
k: 1, #Var: 18, #Clause: 66
UNSAT
k: 2, #Var: 108, #Clause: 610
UNSAT
k: 3, #Var: 198, #Clause: 1416
UNSAT
k: 4, #Var: 318, #Clause: 2570
UNSAT
k: 5, #Var: 468, #Clause: 4072
UNSAT
k: 6, #Var: 648, #Clause: 5922
UNSAT
k: 7, #Var: 858, #Clause: 8120
#1
000000 000001 000010 000100 001000 010000 100000
	Command being timed: "/Users/soh/app/util/wrap.sh java -Xms16g -Xmx16g -jar /Users/soh/app/saf230420-16h03m/saf.jar -k 7 benchmark/automata-network/star/star06.an"
	User time (seconds): 2.12
	System time (seconds): 0.13
	Percent of CPU this job got: 197%
	Elapsed (wall clock) time (h:mm:ss or m:ss): 0:01.14
	Average shared text size (kbytes): 0
	Average unshared data size (kbytes): 0
	Average stack size (kbytes): 0
	Average total size (kbytes): 0
	Maximum resident set size (kbytes): 761593856
	Average resident set size (kbytes): 0
	Major (requiring I/O) page faults: 0
	Minor (reclaiming a frame) page faults: 52598
	Voluntary context switches: 10
	Involuntary context switches: 2767
	Swaps: 0
	File system inputs: 0
	File system outputs: 0
	Socket messages sent: 19
	Socket messages received: 0
	Signals delivered: 1
	Page size (bytes): 4096
	Exit status: 0
FINISHED CPU 2.25 MEM 0 MAXMEM 0 STALE 1
#RESULT: UNSAT
#FIN: FIN
#CPU: 2.25
#MAXMEM: 0
c 
#END: [Tue Apr 25 17:43:52 2023]
