#BEGIN: [Tue Apr 25 17:43:51 2023]
#HOST: mini01.local
#TIMELIMIT: 10800
#MEMLIMIT: 0
#FREQ: 10
#SOLVER: saf230420-16h03m-sat4j
#CSP: benchmark/automata-network/star/star04.an
#K: 5
#COMMAND: /Users/soh/app/util/wrap.sh java -Xms16g -Xmx16g -jar /Users/soh/app/saf230420-16h03m/saf.jar -k 5 benchmark/automata-network/star/star04.an
Using Sat4j SAT Solver

A1,A2,A3,A4
k: 1, #Var: 12, #Clause: 36
UNSAT
k: 2, #Var: 72, #Clause: 328
UNSAT
k: 3, #Var: 132, #Clause: 730
UNSAT
k: 4, #Var: 212, #Clause: 1300
UNSAT
k: 5, #Var: 312, #Clause: 2038
#1
0000 0001 0010 0100 1000
	Command being timed: "/Users/soh/app/util/wrap.sh java -Xms16g -Xmx16g -jar /Users/soh/app/saf230420-16h03m/saf.jar -k 5 benchmark/automata-network/star/star04.an"
	User time (seconds): 1.47
	System time (seconds): 0.11
	Percent of CPU this job got: 168%
	Elapsed (wall clock) time (h:mm:ss or m:ss): 0:00.94
	Average shared text size (kbytes): 0
	Average unshared data size (kbytes): 0
	Average stack size (kbytes): 0
	Average total size (kbytes): 0
	Maximum resident set size (kbytes): 651034624
	Average resident set size (kbytes): 0
	Major (requiring I/O) page faults: 0
	Minor (reclaiming a frame) page faults: 44735
	Voluntary context switches: 14
	Involuntary context switches: 2472
	Swaps: 0
	File system inputs: 0
	File system outputs: 0
	Socket messages sent: 21
	Socket messages received: 0
	Signals delivered: 2
	Page size (bytes): 4096
	Exit status: 0
FINISHED CPU 1.58 MEM 0 MAXMEM 0 STALE 1
#RESULT: UNSAT
#FIN: FIN
#CPU: 1.58
#MAXMEM: 0
c 
#END: [Tue Apr 25 17:43:52 2023]
