#BEGIN: [Tue Apr 25 20:14:25 2023]
#HOST: mini07.local
#TIMELIMIT: 10800
#MEMLIMIT: 0
#FREQ: 10
#SOLVER: saf230420-16h03m-bddcadical
#CSP: benchmark/automata-network/star/star03.an
#K: 4
#COMMAND: /Users/soh/app/util/wrap.sh java -Xms16g -Xmx16g -jar /Users/soh/app/saf230420-16h03m/saf.jar -k 4 -k1solver /Users/soh/app/saf230420-16h03m/bdd_minisat_all-1.0.2/bdd_minisat_all_release -libname cadical -libpath /Users/soh/app/saf230420-16h03m/cadical/build/ benchmark/automata-network/star/star03.an
Using IPASIR SAT Solver and AllSAT Solver
Libpath: /Users/soh/app/saf230420-16h03m/cadical/build/
Libname: cadical
K1solver: /Users/soh/app/saf230420-16h03m/bdd_minisat_all-1.0.2/bdd_minisat_all_release

A1,A2,A3
UNSAT
k: 2, #Var: 54, #Clause: 217
UNSAT
k: 3, #Var: 99, #Clause: 468
UNSAT
k: 4, #Var: 159, #Clause: 821
#1
000 001 010 100
	Command being timed: "/Users/soh/app/util/wrap.sh java -Xms16g -Xmx16g -jar /Users/soh/app/saf230420-16h03m/saf.jar -k 4 -k1solver /Users/soh/app/saf230420-16h03m/bdd_minisat_all-1.0.2/bdd_minisat_all_release -libname cadical -libpath /Users/soh/app/saf230420-16h03m/cadical/build/ benchmark/automata-network/star/star03.an"
	User time (seconds): 1.31
	System time (seconds): 0.10
	Percent of CPU this job got: 159%
	Elapsed (wall clock) time (h:mm:ss or m:ss): 0:00.89
	Average shared text size (kbytes): 0
	Average unshared data size (kbytes): 0
	Average stack size (kbytes): 0
	Average total size (kbytes): 0
	Maximum resident set size (kbytes): 642449408
	Average resident set size (kbytes): 0
	Major (requiring I/O) page faults: 0
	Minor (reclaiming a frame) page faults: 43505
	Voluntary context switches: 19
	Involuntary context switches: 2383
	Swaps: 0
	File system inputs: 0
	File system outputs: 0
	Socket messages sent: 27
	Socket messages received: 0
	Signals delivered: 2
	Page size (bytes): 4096
	Exit status: 0
FINISHED CPU 1.41 MEM 0 MAXMEM 0 STALE 1
#RESULT: UNSAT
#FIN: FIN
#CPU: 1.41
#MAXMEM: 0
c 
#END: [Tue Apr 25 20:14:26 2023]
