#BEGIN: [Tue Apr 25 17:43:51 2023]
#HOST: mini11.local
#TIMELIMIT: 10800
#MEMLIMIT: 0
#FREQ: 10
#SOLVER: saf230420-16h03m-sat4j
#CSP: benchmark/automata-network/star/star07.an
#K: 8
#COMMAND: /Users/soh/app/util/wrap.sh java -Xms16g -Xmx16g -jar /Users/soh/app/saf230420-16h03m/saf.jar -k 8 benchmark/automata-network/star/star07.an
Using Sat4j SAT Solver

A1,A2,A3,A4,A5,A6,A7
k: 1, #Var: 21, #Clause: 84
UNSAT
k: 2, #Var: 126, #Clause: 781
UNSAT
k: 3, #Var: 231, #Clause: 1840
UNSAT
k: 4, #Var: 371, #Clause: 3361
UNSAT
k: 5, #Var: 546, #Clause: 5344
UNSAT
k: 6, #Var: 756, #Clause: 7789
UNSAT
k: 7, #Var: 1001, #Clause: 10696
UNSAT
k: 8, #Var: 1281, #Clause: 14065
#1
0000000 0000001 0000010 0000100 0001000 0010000 0100000 1000000
	Command being timed: "/Users/soh/app/util/wrap.sh java -Xms16g -Xmx16g -jar /Users/soh/app/saf230420-16h03m/saf.jar -k 8 benchmark/automata-network/star/star07.an"
	User time (seconds): 2.91
	System time (seconds): 0.16
	Percent of CPU this job got: 212%
	Elapsed (wall clock) time (h:mm:ss or m:ss): 0:01.44
	Average shared text size (kbytes): 0
	Average unshared data size (kbytes): 0
	Average stack size (kbytes): 0
	Average total size (kbytes): 0
	Maximum resident set size (kbytes): 865386496
	Average resident set size (kbytes): 0
	Major (requiring I/O) page faults: 221
	Minor (reclaiming a frame) page faults: 60980
	Voluntary context switches: 119
	Involuntary context switches: 3524
	Swaps: 0
	File system inputs: 0
	File system outputs: 0
	Socket messages sent: 20
	Socket messages received: 0
	Signals delivered: 1
	Page size (bytes): 4096
	Exit status: 0
FINISHED CPU 3.07 MEM 0 MAXMEM 0 STALE 1
#RESULT: UNSAT
#FIN: FIN
#CPU: 3.07
#MAXMEM: 0
c 
#END: [Tue Apr 25 17:43:53 2023]
