#BEGIN: [Sun Apr 30 11:51:22 2023]
#HOST: mini12.local
#TIMELIMIT: 10800
#MEMLIMIT: 0
#FREQ: 10
#SOLVER: saf230420-16h03m-sat4j
#CSP: benchmark/automata-network/star/star50.an
#K: 51
#COMMAND: /Users/soh/app/util/wrap.sh java -Xms16g -Xmx16g -jar /Users/soh/app/saf230420-16h03m/saf.jar -k 51 benchmark/automata-network/star/star50.an
Using Sat4j SAT Solver

A1,A2,A3,A4,A5,A6,A7,A8,A9,A10,A11,A12,A13,A14,A15,A16,A17,A18,A19,A20,A21,A22,A23,A24,A25,A26,A27,A28,A29,A30,A31,A32,A33,A34,A35,A36,A37,A38,A39,A40,A41,A42,A43,A44,A45,A46,A47,A48,A49,A50
k: 1, #Var: 150, #Clause: 2750
UNSAT
k: 2, #Var: 900, #Clause: 27054
UNSAT
k: 3, #Var: 1650, #Clause: 71156
UNSAT
k: 4, #Var: 2650, #Clause: 135758
UNSAT
k: 5, #Var: 3900, #Clause: 220860
UNSAT
k: 6, #Var: 5400, #Clause: 326462
UNSAT
k: 7, #Var: 7150, #Clause: 452564
UNSAT
k: 8, #Var: 9150, #Clause: 599166
UNSAT
k: 9, #Var: 11400, #Clause: 766268
UNSAT
k: 10, #Var: 13900, #Clause: 953870
UNSAT
k: 11, #Var: 16650, #Clause: 1161972
UNSAT
k: 12, #Var: 19650, #Clause: 1390574
UNSAT
k: 13, #Var: 22900, #Clause: 1639676
UNSAT
k: 14, #Var: 26400, #Clause: 1909278
UNSAT
k: 15, #Var: 30150, #Clause: 2199380
UNSAT
k: 16, #Var: 34150, #Clause: 2509982
UNSAT
k: 17, #Var: 38400, #Clause: 2841084
UNSAT
k: 18, #Var: 42900, #Clause: 3192686
UNSAT
k: 19, #Var: 47650, #Clause: 3564788
UNSAT
k: 20, #Var: 52650, #Clause: 3957390
UNSAT
k: 21, #Var: 57900, #Clause: 4370492
UNSAT
k: 22, #Var: 63400, #Clause: 4804094
UNSAT
k: 23, #Var: 69150, #Clause: 5258196
UNSAT
k: 24, #Var: 75150, #Clause: 5732798
UNSAT
k: 25, #Var: 81400, #Clause: 6227900
UNSAT
k: 26, #Var: 87900, #Clause: 6743502
UNSAT
k: 27, #Var: 94650, #Clause: 7279604
UNSAT
k: 28, #Var: 101650, #Clause: 7836206
UNSAT
k: 29, #Var: 108900, #Clause: 8413308
UNSAT
k: 30, #Var: 116400, #Clause: 9010910
UNSAT
k: 31, #Var: 124150, #Clause: 9629012
TIMEOUT CPU 10800 MEM 0 MAXMEM 0
#RESULT: UNSAT
#FIN: TO
#CPU: 10800
#MAXMEM: 0
c 41251 killed(2). 41252 killed(2). 41250 killed(2). 41251 killed(9). 41252 killed(9). 41250 killed(9). 
#END: [Sun Apr 30 14:51:23 2023]
