#BEGIN: [Tue Apr 25 20:15:07 2023]
#HOST: mini07.local
#TIMELIMIT: 10800
#MEMLIMIT: 0
#FREQ: 10
#SOLVER: saf230420-16h03m-bddcadical
#CSP: benchmark/automata-network/star/star17.an
#K: 18
#COMMAND: /Users/soh/app/util/wrap.sh java -Xms16g -Xmx16g -jar /Users/soh/app/saf230420-16h03m/saf.jar -k 18 -k1solver /Users/soh/app/saf230420-16h03m/bdd_minisat_all-1.0.2/bdd_minisat_all_release -libname cadical -libpath /Users/soh/app/saf230420-16h03m/cadical/build/ benchmark/automata-network/star/star17.an
Using IPASIR SAT Solver and AllSAT Solver
Libpath: /Users/soh/app/saf230420-16h03m/cadical/build/
Libname: cadical
K1solver: /Users/soh/app/saf230420-16h03m/bdd_minisat_all-1.0.2/bdd_minisat_all_release

A1,A2,A3,A4,A5,A6,A7,A8,A9,A10,A11,A12,A13,A14,A15,A16,A17
UNSAT
k: 2, #Var: 306, #Clause: 3591
UNSAT
k: 3, #Var: 561, #Clause: 9050
UNSAT
k: 4, #Var: 901, #Clause: 16991
UNSAT
k: 5, #Var: 1326, #Clause: 27414
UNSAT
k: 6, #Var: 1836, #Clause: 40319
UNSAT
k: 7, #Var: 2431, #Clause: 55706
UNSAT
k: 8, #Var: 3111, #Clause: 73575
UNSAT
k: 9, #Var: 3876, #Clause: 93926
UNSAT
k: 10, #Var: 4726, #Clause: 116759
UNSAT
k: 11, #Var: 5661, #Clause: 142074
UNSAT
k: 12, #Var: 6681, #Clause: 169871
UNSAT
k: 13, #Var: 7786, #Clause: 200150
UNSAT
k: 14, #Var: 8976, #Clause: 232911
UNSAT
k: 15, #Var: 10251, #Clause: 268154
UNSAT
k: 16, #Var: 11611, #Clause: 305879
UNSAT
k: 17, #Var: 13056, #Clause: 346086
UNSAT
k: 18, #Var: 14586, #Clause: 388775
#1
00000000000000000 00000000000000001 00000000000000010 00000000000000100 00000000000001000 00000000000010000 00000000000100000 00000000001000000 00000000010000000 00000000100000000 00000001000000000 00000010000000000 00000100000000000 00001000000000000 00010000000000000 00100000000000000 01000000000000000 10000000000000000
	Command being timed: "/Users/soh/app/util/wrap.sh java -Xms16g -Xmx16g -jar /Users/soh/app/saf230420-16h03m/saf.jar -k 18 -k1solver /Users/soh/app/saf230420-16h03m/bdd_minisat_all-1.0.2/bdd_minisat_all_release -libname cadical -libpath /Users/soh/app/saf230420-16h03m/cadical/build/ benchmark/automata-network/star/star17.an"
	User time (seconds): 13.99
	System time (seconds): 1.14
	Percent of CPU this job got: 120%
	Elapsed (wall clock) time (h:mm:ss or m:ss): 0:12.51
	Average shared text size (kbytes): 0
	Average unshared data size (kbytes): 0
	Average stack size (kbytes): 0
	Average total size (kbytes): 0
	Maximum resident set size (kbytes): 12130598912
	Average resident set size (kbytes): 0
	Major (requiring I/O) page faults: 21
	Minor (reclaiming a frame) page faults: 791211
	Voluntary context switches: 21
	Involuntary context switches: 4840
	Swaps: 0
	File system inputs: 0
	File system outputs: 0
	Socket messages sent: 28
	Socket messages received: 0
	Signals delivered: 6
	Page size (bytes): 4096
	Exit status: 0
FINISHED CPU 15.13 MEM 0 MAXMEM 0 STALE 1
#RESULT: UNSAT
#FIN: FIN
#CPU: 15.13
#MAXMEM: 0
c 
#END: [Tue Apr 25 20:15:20 2023]
