#BEGIN: [Tue Apr 25 20:14:40 2023]
#HOST: mini07.local
#TIMELIMIT: 10800
#MEMLIMIT: 0
#FREQ: 10
#SOLVER: saf230420-16h03m-bddcadical
#CSP: benchmark/automata-network/star/star12.an
#K: 13
#COMMAND: /Users/soh/app/util/wrap.sh java -Xms16g -Xmx16g -jar /Users/soh/app/saf230420-16h03m/saf.jar -k 13 -k1solver /Users/soh/app/saf230420-16h03m/bdd_minisat_all-1.0.2/bdd_minisat_all_release -libname cadical -libpath /Users/soh/app/saf230420-16h03m/cadical/build/ benchmark/automata-network/star/star12.an
Using IPASIR SAT Solver and AllSAT Solver
Libpath: /Users/soh/app/saf230420-16h03m/cadical/build/
Libname: cadical
K1solver: /Users/soh/app/saf230420-16h03m/bdd_minisat_all-1.0.2/bdd_minisat_all_release

A1,A2,A3,A4,A5,A6,A7,A8,A9,A10,A11,A12
UNSAT
k: 2, #Var: 216, #Clause: 1936
UNSAT
k: 3, #Var: 396, #Clause: 4770
UNSAT
k: 4, #Var: 636, #Clause: 8876
UNSAT
k: 5, #Var: 936, #Clause: 14254
UNSAT
k: 6, #Var: 1296, #Clause: 20904
UNSAT
k: 7, #Var: 1716, #Clause: 28826
UNSAT
k: 8, #Var: 2196, #Clause: 38020
UNSAT
k: 9, #Var: 2736, #Clause: 48486
UNSAT
k: 10, #Var: 3336, #Clause: 60224
UNSAT
k: 11, #Var: 3996, #Clause: 73234
UNSAT
k: 12, #Var: 4716, #Clause: 87516
UNSAT
k: 13, #Var: 5496, #Clause: 103070
#1
000000000000 000000000001 000000000010 000000000100 000000001000 000000010000 000000100000 000001000000 000010000000 000100000000 001000000000 010000000000 100000000000
	Command being timed: "/Users/soh/app/util/wrap.sh java -Xms16g -Xmx16g -jar /Users/soh/app/saf230420-16h03m/saf.jar -k 13 -k1solver /Users/soh/app/saf230420-16h03m/bdd_minisat_all-1.0.2/bdd_minisat_all_release -libname cadical -libpath /Users/soh/app/saf230420-16h03m/cadical/build/ benchmark/automata-network/star/star12.an"
	User time (seconds): 4.41
	System time (seconds): 0.32
	Percent of CPU this job got: 174%
	Elapsed (wall clock) time (h:mm:ss or m:ss): 0:02.71
	Average shared text size (kbytes): 0
	Average unshared data size (kbytes): 0
	Average stack size (kbytes): 0
	Average total size (kbytes): 0
	Maximum resident set size (kbytes): 2982723584
	Average resident set size (kbytes): 0
	Major (requiring I/O) page faults: 0
	Minor (reclaiming a frame) page faults: 191332
	Voluntary context switches: 19
	Involuntary context switches: 3570
	Swaps: 0
	File system inputs: 0
	File system outputs: 0
	Socket messages sent: 28
	Socket messages received: 0
	Signals delivered: 2
	Page size (bytes): 4096
	Exit status: 0
FINISHED CPU 4.73 MEM 0 MAXMEM 0 STALE 1
#RESULT: UNSAT
#FIN: FIN
#CPU: 4.73
#MAXMEM: 0
c 
#END: [Tue Apr 25 20:14:43 2023]
