#BEGIN: [Tue Apr 25 17:43:51 2023]
#HOST: mini03.local
#TIMELIMIT: 10800
#MEMLIMIT: 0
#FREQ: 10
#SOLVER: saf230420-16h03m-sat4j
#CSP: benchmark/automata-network/star/star12.an
#K: 13
#COMMAND: /Users/soh/app/util/wrap.sh java -Xms16g -Xmx16g -jar /Users/soh/app/saf230420-16h03m/saf.jar -k 13 benchmark/automata-network/star/star12.an
Using Sat4j SAT Solver

A1,A2,A3,A4,A5,A6,A7,A8,A9,A10,A11,A12
k: 1, #Var: 36, #Clause: 204
UNSAT
k: 2, #Var: 216, #Clause: 1936
UNSAT
k: 3, #Var: 396, #Clause: 4770
UNSAT
k: 4, #Var: 636, #Clause: 8876
UNSAT
k: 5, #Var: 936, #Clause: 14254
UNSAT
k: 6, #Var: 1296, #Clause: 20904
UNSAT
k: 7, #Var: 1716, #Clause: 28826
UNSAT
k: 8, #Var: 2196, #Clause: 38020
UNSAT
k: 9, #Var: 2736, #Clause: 48486
UNSAT
k: 10, #Var: 3336, #Clause: 60224
UNSAT
k: 11, #Var: 3996, #Clause: 73234
UNSAT
k: 12, #Var: 4716, #Clause: 87516
UNSAT
k: 13, #Var: 5496, #Clause: 103070
#1
000000000000 000000000001 000000000010 000000000100 000000001000 000000010000 000000100000 000001000000 000010000000 000100000000 001000000000 010000000000 100000000000
	Command being timed: "/Users/soh/app/util/wrap.sh java -Xms16g -Xmx16g -jar /Users/soh/app/saf230420-16h03m/saf.jar -k 13 benchmark/automata-network/star/star12.an"
	User time (seconds): 7.48
	System time (seconds): 0.35
	Percent of CPU this job got: 178%
	Elapsed (wall clock) time (h:mm:ss or m:ss): 0:04.39
	Average shared text size (kbytes): 0
	Average unshared data size (kbytes): 0
	Average stack size (kbytes): 0
	Average total size (kbytes): 0
	Maximum resident set size (kbytes): 2835529728
	Average resident set size (kbytes): 0
	Major (requiring I/O) page faults: 0
	Minor (reclaiming a frame) page faults: 194702
	Voluntary context switches: 9
	Involuntary context switches: 4275
	Swaps: 0
	File system inputs: 0
	File system outputs: 0
	Socket messages sent: 18
	Socket messages received: 0
	Signals delivered: 3
	Page size (bytes): 4096
	Exit status: 0
FINISHED CPU 7.83 MEM 0 MAXMEM 0 STALE 1
#RESULT: UNSAT
#FIN: FIN
#CPU: 7.83
#MAXMEM: 0
c 
#END: [Tue Apr 25 17:43:56 2023]
