#BEGIN: [Tue Apr 25 20:14:32 2023]
#HOST: mini07.local
#TIMELIMIT: 10800
#MEMLIMIT: 0
#FREQ: 10
#SOLVER: saf230420-16h03m-bddcadical
#CSP: benchmark/automata-network/star/star08.an
#K: 9
#COMMAND: /Users/soh/app/util/wrap.sh java -Xms16g -Xmx16g -jar /Users/soh/app/saf230420-16h03m/saf.jar -k 9 -k1solver /Users/soh/app/saf230420-16h03m/bdd_minisat_all-1.0.2/bdd_minisat_all_release -libname cadical -libpath /Users/soh/app/saf230420-16h03m/cadical/build/ benchmark/automata-network/star/star08.an
Using IPASIR SAT Solver and AllSAT Solver
Libpath: /Users/soh/app/saf230420-16h03m/cadical/build/
Libname: cadical
K1solver: /Users/soh/app/saf230420-16h03m/bdd_minisat_all-1.0.2/bdd_minisat_all_release

A1,A2,A3,A4,A5,A6,A7,A8
UNSAT
k: 2, #Var: 144, #Clause: 972
UNSAT
k: 3, #Var: 264, #Clause: 2318
UNSAT
k: 4, #Var: 424, #Clause: 4256
UNSAT
k: 5, #Var: 624, #Clause: 6786
UNSAT
k: 6, #Var: 864, #Clause: 9908
UNSAT
k: 7, #Var: 1144, #Clause: 13622
UNSAT
k: 8, #Var: 1464, #Clause: 17928
UNSAT
k: 9, #Var: 1824, #Clause: 22826
#1
00000000 00000001 00000010 00000100 00001000 00010000 00100000 01000000 10000000
	Command being timed: "/Users/soh/app/util/wrap.sh java -Xms16g -Xmx16g -jar /Users/soh/app/saf230420-16h03m/saf.jar -k 9 -k1solver /Users/soh/app/saf230420-16h03m/bdd_minisat_all-1.0.2/bdd_minisat_all_release -libname cadical -libpath /Users/soh/app/saf230420-16h03m/cadical/build/ benchmark/automata-network/star/star08.an"
	User time (seconds): 2.65
	System time (seconds): 0.16
	Percent of CPU this job got: 210%
	Elapsed (wall clock) time (h:mm:ss or m:ss): 0:01.33
	Average shared text size (kbytes): 0
	Average unshared data size (kbytes): 0
	Average stack size (kbytes): 0
	Average total size (kbytes): 0
	Maximum resident set size (kbytes): 1054867456
	Average resident set size (kbytes): 0
	Major (requiring I/O) page faults: 0
	Minor (reclaiming a frame) page faults: 71087
	Voluntary context switches: 21
	Involuntary context switches: 2975
	Swaps: 0
	File system inputs: 0
	File system outputs: 0
	Socket messages sent: 27
	Socket messages received: 0
	Signals delivered: 2
	Page size (bytes): 4096
	Exit status: 0
FINISHED CPU 2.81 MEM 0 MAXMEM 0 STALE 1
#RESULT: UNSAT
#FIN: FIN
#CPU: 2.81
#MAXMEM: 0
c 
#END: [Tue Apr 25 20:14:33 2023]
