#BEGIN: [Tue Apr 25 20:14:35 2023]
#HOST: mini07.local
#TIMELIMIT: 10800
#MEMLIMIT: 0
#FREQ: 10
#SOLVER: saf230420-16h03m-bddcadical
#CSP: benchmark/automata-network/star/star10.an
#K: 11
#COMMAND: /Users/soh/app/util/wrap.sh java -Xms16g -Xmx16g -jar /Users/soh/app/saf230420-16h03m/saf.jar -k 11 -k1solver /Users/soh/app/saf230420-16h03m/bdd_minisat_all-1.0.2/bdd_minisat_all_release -libname cadical -libpath /Users/soh/app/saf230420-16h03m/cadical/build/ benchmark/automata-network/star/star10.an
Using IPASIR SAT Solver and AllSAT Solver
Libpath: /Users/soh/app/saf230420-16h03m/cadical/build/
Libname: cadical
K1solver: /Users/soh/app/saf230420-16h03m/bdd_minisat_all-1.0.2/bdd_minisat_all_release

A1,A2,A3,A4,A5,A6,A7,A8,A9,A10
UNSAT
k: 2, #Var: 180, #Clause: 1414
UNSAT
k: 3, #Var: 330, #Clause: 3436
UNSAT
k: 4, #Var: 530, #Clause: 6358
UNSAT
k: 5, #Var: 780, #Clause: 10180
UNSAT
k: 6, #Var: 1080, #Clause: 14902
UNSAT
k: 7, #Var: 1430, #Clause: 20524
UNSAT
k: 8, #Var: 1830, #Clause: 27046
UNSAT
k: 9, #Var: 2280, #Clause: 34468
UNSAT
k: 10, #Var: 2780, #Clause: 42790
UNSAT
k: 11, #Var: 3330, #Clause: 52012
#1
0000000000 0000000001 0000000010 0000000100 0000001000 0000010000 0000100000 0001000000 0010000000 0100000000 1000000000
	Command being timed: "/Users/soh/app/util/wrap.sh java -Xms16g -Xmx16g -jar /Users/soh/app/saf230420-16h03m/saf.jar -k 11 -k1solver /Users/soh/app/saf230420-16h03m/bdd_minisat_all-1.0.2/bdd_minisat_all_release -libname cadical -libpath /Users/soh/app/saf230420-16h03m/cadical/build/ benchmark/automata-network/star/star10.an"
	User time (seconds): 3.77
	System time (seconds): 0.23
	Percent of CPU this job got: 219%
	Elapsed (wall clock) time (h:mm:ss or m:ss): 0:01.83
	Average shared text size (kbytes): 0
	Average unshared data size (kbytes): 0
	Average stack size (kbytes): 0
	Average total size (kbytes): 0
	Maximum resident set size (kbytes): 1694744576
	Average resident set size (kbytes): 0
	Major (requiring I/O) page faults: 3
	Minor (reclaiming a frame) page faults: 114752
	Voluntary context switches: 20
	Involuntary context switches: 3324
	Swaps: 0
	File system inputs: 0
	File system outputs: 0
	Socket messages sent: 28
	Socket messages received: 0
	Signals delivered: 2
	Page size (bytes): 4096
	Exit status: 0
FINISHED CPU 4 MEM 0 MAXMEM 0 STALE 1
#RESULT: UNSAT
#FIN: FIN
#CPU: 4
#MAXMEM: 0
c 
#END: [Tue Apr 25 20:14:37 2023]
