#BEGIN: [Tue Apr 25 20:31:21 2023]
#HOST: mini07.local
#TIMELIMIT: 10800
#MEMLIMIT: 0
#FREQ: 10
#SOLVER: saf230420-16h03m-bddcadical
#CSP: benchmark/automata-network/star/star40.an
#K: 41
#COMMAND: /Users/soh/app/util/wrap.sh java -Xms16g -Xmx16g -jar /Users/soh/app/saf230420-16h03m/saf.jar -k 41 -k1solver /Users/soh/app/saf230420-16h03m/bdd_minisat_all-1.0.2/bdd_minisat_all_release -libname cadical -libpath /Users/soh/app/saf230420-16h03m/cadical/build/ benchmark/automata-network/star/star40.an
Using IPASIR SAT Solver and AllSAT Solver
Libpath: /Users/soh/app/saf230420-16h03m/cadical/build/
Libname: cadical
K1solver: /Users/soh/app/saf230420-16h03m/bdd_minisat_all-1.0.2/bdd_minisat_all_release

A1,A2,A3,A4,A5,A6,A7,A8,A9,A10,A11,A12,A13,A14,A15,A16,A17,A18,A19,A20,A21,A22,A23,A24,A25,A26,A27,A28,A29,A30,A31,A32,A33,A34,A35,A36,A37,A38,A39,A40
UNSAT
k: 2, #Var: 720, #Clause: 17644
UNSAT
k: 3, #Var: 1320, #Clause: 46126
UNSAT
k: 4, #Var: 2120, #Clause: 87808
UNSAT
k: 5, #Var: 3120, #Clause: 142690
UNSAT
k: 6, #Var: 4320, #Clause: 210772
UNSAT
k: 7, #Var: 5720, #Clause: 292054
UNSAT
k: 8, #Var: 7320, #Clause: 386536
UNSAT
k: 9, #Var: 9120, #Clause: 494218
UNSAT
k: 10, #Var: 11120, #Clause: 615100
UNSAT
k: 11, #Var: 13320, #Clause: 749182
UNSAT
k: 12, #Var: 15720, #Clause: 896464
UNSAT
k: 13, #Var: 18320, #Clause: 1056946
UNSAT
k: 14, #Var: 21120, #Clause: 1230628
UNSAT
k: 15, #Var: 24120, #Clause: 1417510
UNSAT
k: 16, #Var: 27320, #Clause: 1617592
UNSAT
k: 17, #Var: 30720, #Clause: 1830874
UNSAT
k: 18, #Var: 34320, #Clause: 2057356
UNSAT
k: 19, #Var: 38120, #Clause: 2297038
UNSAT
k: 20, #Var: 42120, #Clause: 2549920
UNSAT
k: 21, #Var: 46320, #Clause: 2816002
UNSAT
k: 22, #Var: 50720, #Clause: 3095284
UNSAT
k: 23, #Var: 55320, #Clause: 3387766
UNSAT
k: 24, #Var: 60120, #Clause: 3693448
UNSAT
k: 25, #Var: 65120, #Clause: 4012330
UNSAT
k: 26, #Var: 70320, #Clause: 4344412
UNSAT
k: 27, #Var: 75720, #Clause: 4689694
UNSAT
k: 28, #Var: 81320, #Clause: 5048176
UNSAT
k: 29, #Var: 87120, #Clause: 5419858
UNSAT
k: 30, #Var: 93120, #Clause: 5804740
UNSAT
k: 31, #Var: 99320, #Clause: 6202822
UNSAT
k: 32, #Var: 105720, #Clause: 6614104
UNSAT
k: 33, #Var: 112320, #Clause: 7038586
UNSAT
k: 34, #Var: 119120, #Clause: 7476268
UNSAT
k: 35, #Var: 126120, #Clause: 7927150
UNSAT
k: 36, #Var: 133320, #Clause: 8391232
UNSAT
k: 37, #Var: 140720, #Clause: 8868514
UNSAT
k: 38, #Var: 148320, #Clause: 9358996
UNSAT
k: 39, #Var: 156120, #Clause: 9862678
UNSAT
k: 40, #Var: 164120, #Clause: 10379560
UNSAT
k: 41, #Var: 172320, #Clause: 10909642
#1
0000000000000000000000000000000000000000 0000000000000000000000000000000000000001 0000000000000000000000000000000000000010 0000000000000000000000000000000000000100 0000000000000000000000000000000000001000 0000000000000000000000000000000000010000 0000000000000000000000000000000000100000 0000000000000000000000000000000001000000 0000000000000000000000000000000010000000 0000000000000000000000000000000100000000 0000000000000000000000000000001000000000 0000000000000000000000000000010000000000 0000000000000000000000000000100000000000 0000000000000000000000000001000000000000 0000000000000000000000000010000000000000 0000000000000000000000000100000000000000 0000000000000000000000001000000000000000 0000000000000000000000010000000000000000 0000000000000000000000100000000000000000 0000000000000000000001000000000000000000 0000000000000000000010000000000000000000 0000000000000000000100000000000000000000 0000000000000000001000000000000000000000 0000000000000000010000000000000000000000 0000000000000000100000000000000000000000 0000000000000001000000000000000000000000 0000000000000010000000000000000000000000 0000000000000100000000000000000000000000 0000000000001000000000000000000000000000 0000000000010000000000000000000000000000 0000000000100000000000000000000000000000 0000000001000000000000000000000000000000 0000000010000000000000000000000000000000 0000000100000000000000000000000000000000 0000001000000000000000000000000000000000 0000010000000000000000000000000000000000 0000100000000000000000000000000000000000 0001000000000000000000000000000000000000 0010000000000000000000000000000000000000 0100000000000000000000000000000000000000 1000000000000000000000000000000000000000
c found falsified original clause
	Command being timed: "/Users/soh/app/util/wrap.sh java -Xms16g -Xmx16g -jar /Users/soh/app/saf230420-16h03m/saf.jar -k 41 -k1solver /Users/soh/app/saf230420-16h03m/bdd_minisat_all-1.0.2/bdd_minisat_all_release -libname cadical -libpath /Users/soh/app/saf230420-16h03m/cadical/build/ benchmark/automata-network/star/star40.an"
	User time (seconds): 8981.23
	System time (seconds): 348.70
	Percent of CPU this job got: 100%
	Elapsed (wall clock) time (h:mm:ss or m:ss): 2:35:22
	Average shared text size (kbytes): 0
	Average unshared data size (kbytes): 0
	Average stack size (kbytes): 0
	Average total size (kbytes): 0
	Maximum resident set size (kbytes): 59119009792
	Average resident set size (kbytes): 0
	Major (requiring I/O) page faults: 0
	Minor (reclaiming a frame) page faults: 143066299
	Voluntary context switches: 32
	Involuntary context switches: 910388
	Swaps: 0
	File system inputs: 0
	File system outputs: 0
	Socket messages sent: 32
	Socket messages received: 0
	Signals delivered: 15
	Page size (bytes): 4096
	Exit status: 0
FINISHED CPU 9329.93 MEM 0 MAXMEM 0 STALE 1
#RESULT: UNSAT
#FIN: FIN
#CPU: 9329.93
#MAXMEM: 0
c 
#END: [Tue Apr 25 23:06:44 2023]
