#BEGIN: [Tue Apr 25 20:15:40 2023]
#HOST: mini07.local
#TIMELIMIT: 10800
#MEMLIMIT: 0
#FREQ: 10
#SOLVER: saf230420-16h03m-bddcadical
#CSP: benchmark/automata-network/star/star19.an
#K: 20
#COMMAND: /Users/soh/app/util/wrap.sh java -Xms16g -Xmx16g -jar /Users/soh/app/saf230420-16h03m/saf.jar -k 20 -k1solver /Users/soh/app/saf230420-16h03m/bdd_minisat_all-1.0.2/bdd_minisat_all_release -libname cadical -libpath /Users/soh/app/saf230420-16h03m/cadical/build/ benchmark/automata-network/star/star19.an
Using IPASIR SAT Solver and AllSAT Solver
Libpath: /Users/soh/app/saf230420-16h03m/cadical/build/
Libname: cadical
K1solver: /Users/soh/app/saf230420-16h03m/bdd_minisat_all-1.0.2/bdd_minisat_all_release

A1,A2,A3,A4,A5,A6,A7,A8,A9,A10,A11,A12,A13,A14,A15,A16,A17,A18,A19
UNSAT
k: 2, #Var: 342, #Clause: 4393
UNSAT
k: 3, #Var: 627, #Clause: 11140
UNSAT
k: 4, #Var: 1007, #Clause: 20965
UNSAT
k: 5, #Var: 1482, #Clause: 33868
UNSAT
k: 6, #Var: 2052, #Clause: 49849
UNSAT
k: 7, #Var: 2717, #Clause: 68908
UNSAT
k: 8, #Var: 3477, #Clause: 91045
UNSAT
k: 9, #Var: 4332, #Clause: 116260
UNSAT
k: 10, #Var: 5282, #Clause: 144553
UNSAT
k: 11, #Var: 6327, #Clause: 175924
UNSAT
k: 12, #Var: 7467, #Clause: 210373
UNSAT
k: 13, #Var: 8702, #Clause: 247900
UNSAT
k: 14, #Var: 10032, #Clause: 288505
UNSAT
k: 15, #Var: 11457, #Clause: 332188
UNSAT
k: 16, #Var: 12977, #Clause: 378949
UNSAT
k: 17, #Var: 14592, #Clause: 428788
UNSAT
k: 18, #Var: 16302, #Clause: 481705
UNSAT
k: 19, #Var: 18107, #Clause: 537700
UNSAT
k: 20, #Var: 20007, #Clause: 596773
#1
0000000000000000000 0000000000000000001 0000000000000000010 0000000000000000100 0000000000000001000 0000000000000010000 0000000000000100000 0000000000001000000 0000000000010000000 0000000000100000000 0000000001000000000 0000000010000000000 0000000100000000000 0000001000000000000 0000010000000000000 0000100000000000000 0001000000000000000 0010000000000000000 0100000000000000000 1000000000000000000
c found falsified original clause
	Command being timed: "/Users/soh/app/util/wrap.sh java -Xms16g -Xmx16g -jar /Users/soh/app/saf230420-16h03m/saf.jar -k 20 -k1solver /Users/soh/app/saf230420-16h03m/bdd_minisat_all-1.0.2/bdd_minisat_all_release -libname cadical -libpath /Users/soh/app/saf230420-16h03m/cadical/build/ benchmark/automata-network/star/star19.an"
	User time (seconds): 28.88
	System time (seconds): 1.98
	Percent of CPU this job got: 111%
	Elapsed (wall clock) time (h:mm:ss or m:ss): 0:27.72
	Average shared text size (kbytes): 0
	Average unshared data size (kbytes): 0
	Average stack size (kbytes): 0
	Average total size (kbytes): 0
	Maximum resident set size (kbytes): 19119357952
	Average resident set size (kbytes): 0
	Major (requiring I/O) page faults: 0
	Minor (reclaiming a frame) page faults: 1385051
	Voluntary context switches: 20
	Involuntary context switches: 6490
	Swaps: 0
	File system inputs: 0
	File system outputs: 0
	Socket messages sent: 28
	Socket messages received: 0
	Signals delivered: 5
	Page size (bytes): 4096
	Exit status: 0
FINISHED CPU 30.86 MEM 0 MAXMEM 0 STALE 1
#RESULT: UNSAT
#FIN: FIN
#CPU: 30.86
#MAXMEM: 0
c 
#END: [Tue Apr 25 20:16:08 2023]
