#BEGIN: [Tue Apr 25 20:16:47 2023]
#HOST: mini07.local
#TIMELIMIT: 10800
#MEMLIMIT: 0
#FREQ: 10
#SOLVER: saf230420-16h03m-bddcadical
#CSP: benchmark/automata-network/star/star30.an
#K: 31
#COMMAND: /Users/soh/app/util/wrap.sh java -Xms16g -Xmx16g -jar /Users/soh/app/saf230420-16h03m/saf.jar -k 31 -k1solver /Users/soh/app/saf230420-16h03m/bdd_minisat_all-1.0.2/bdd_minisat_all_release -libname cadical -libpath /Users/soh/app/saf230420-16h03m/cadical/build/ benchmark/automata-network/star/star30.an
Using IPASIR SAT Solver and AllSAT Solver
Libpath: /Users/soh/app/saf230420-16h03m/cadical/build/
Libname: cadical
K1solver: /Users/soh/app/saf230420-16h03m/bdd_minisat_all-1.0.2/bdd_minisat_all_release

A1,A2,A3,A4,A5,A6,A7,A8,A9,A10,A11,A12,A13,A14,A15,A16,A17,A18,A19,A20,A21,A22,A23,A24,A25,A26,A27,A28,A29,A30
UNSAT
k: 2, #Var: 540, #Clause: 10234
UNSAT
k: 3, #Var: 990, #Clause: 26496
UNSAT
k: 4, #Var: 1590, #Clause: 50258
UNSAT
k: 5, #Var: 2340, #Clause: 81520
UNSAT
k: 6, #Var: 3240, #Clause: 120282
UNSAT
k: 7, #Var: 4290, #Clause: 166544
UNSAT
k: 8, #Var: 5490, #Clause: 220306
UNSAT
k: 9, #Var: 6840, #Clause: 281568
UNSAT
k: 10, #Var: 8340, #Clause: 350330
UNSAT
k: 11, #Var: 9990, #Clause: 426592
UNSAT
k: 12, #Var: 11790, #Clause: 510354
UNSAT
k: 13, #Var: 13740, #Clause: 601616
UNSAT
k: 14, #Var: 15840, #Clause: 700378
UNSAT
k: 15, #Var: 18090, #Clause: 806640
UNSAT
k: 16, #Var: 20490, #Clause: 920402
UNSAT
k: 17, #Var: 23040, #Clause: 1041664
UNSAT
k: 18, #Var: 25740, #Clause: 1170426
UNSAT
k: 19, #Var: 28590, #Clause: 1306688
UNSAT
k: 20, #Var: 31590, #Clause: 1450450
UNSAT
k: 21, #Var: 34740, #Clause: 1601712
UNSAT
k: 22, #Var: 38040, #Clause: 1760474
UNSAT
k: 23, #Var: 41490, #Clause: 1926736
UNSAT
k: 24, #Var: 45090, #Clause: 2100498
UNSAT
k: 25, #Var: 48840, #Clause: 2281760
UNSAT
k: 26, #Var: 52740, #Clause: 2470522
UNSAT
k: 27, #Var: 56790, #Clause: 2666784
UNSAT
k: 28, #Var: 60990, #Clause: 2870546
UNSAT
k: 29, #Var: 65340, #Clause: 3081808
UNSAT
k: 30, #Var: 69840, #Clause: 3300570
UNSAT
k: 31, #Var: 74490, #Clause: 3526832
#1
000000000000000000000000000000 000000000000000000000000000001 000000000000000000000000000010 000000000000000000000000000100 000000000000000000000000001000 000000000000000000000000010000 000000000000000000000000100000 000000000000000000000001000000 000000000000000000000010000000 000000000000000000000100000000 000000000000000000001000000000 000000000000000000010000000000 000000000000000000100000000000 000000000000000001000000000000 000000000000000010000000000000 000000000000000100000000000000 000000000000001000000000000000 000000000000010000000000000000 000000000000100000000000000000 000000000001000000000000000000 000000000010000000000000000000 000000000100000000000000000000 000000001000000000000000000000 000000010000000000000000000000 000000100000000000000000000000 000001000000000000000000000000 000010000000000000000000000000 000100000000000000000000000000 001000000000000000000000000000 010000000000000000000000000000 100000000000000000000000000000
c found falsified original clause
	Command being timed: "/Users/soh/app/util/wrap.sh java -Xms16g -Xmx16g -jar /Users/soh/app/saf230420-16h03m/saf.jar -k 31 -k1solver /Users/soh/app/saf230420-16h03m/bdd_minisat_all-1.0.2/bdd_minisat_all_release -libname cadical -libpath /Users/soh/app/saf230420-16h03m/cadical/build/ benchmark/automata-network/star/star30.an"
	User time (seconds): 849.20
	System time (seconds): 29.62
	Percent of CPU this job got: 100%
	Elapsed (wall clock) time (h:mm:ss or m:ss): 14:34.26
	Average shared text size (kbytes): 0
	Average unshared data size (kbytes): 0
	Average stack size (kbytes): 0
	Average total size (kbytes): 0
	Maximum resident set size (kbytes): 34934489088
	Average resident set size (kbytes): 0
	Major (requiring I/O) page faults: 0
	Minor (reclaiming a frame) page faults: 15242558
	Voluntary context switches: 23
	Involuntary context switches: 87639
	Swaps: 0
	File system inputs: 0
	File system outputs: 0
	Socket messages sent: 30
	Socket messages received: 0
	Signals delivered: 9
	Page size (bytes): 4096
	Exit status: 0
FINISHED CPU 878.82 MEM 0 MAXMEM 0 STALE 1
#RESULT: UNSAT
#FIN: FIN
#CPU: 878.82
#MAXMEM: 0
c 
#END: [Tue Apr 25 20:31:21 2023]
