#BEGIN: [Tue Apr 25 17:43:50 2023]
#HOST: mini03.local
#TIMELIMIT: 10800
#MEMLIMIT: 0
#FREQ: 10
#SOLVER: saf230420-16h03m-sat4j
#CSP: benchmark/automata-network/abdallah17amb/toy-ex2.an
#K: 4
#COMMAND: /Users/soh/app/util/wrap.sh java -Xms16g -Xmx16g -jar /Users/soh/app/saf230420-16h03m/saf.jar -k 4 benchmark/automata-network/abdallah17amb/toy-ex2.an
Using Sat4j SAT Solver

a,b,c,d
k: 1, #Var: 20, #Clause: 59
#1
0001
#2
1100
#3
1110
k: 2, #Var: 110, #Clause: 638
#1
0100 0102
k: 3, #Var: 198, #Clause: 1517
UNSAT
k: 4, #Var: 314, #Clause: 2782
#1
0210 0211 1210 1211
	Command being timed: "/Users/soh/app/util/wrap.sh java -Xms16g -Xmx16g -jar /Users/soh/app/saf230420-16h03m/saf.jar -k 4 benchmark/automata-network/abdallah17amb/toy-ex2.an"
	User time (seconds): 1.55
	System time (seconds): 0.11
	Percent of CPU this job got: 171%
	Elapsed (wall clock) time (h:mm:ss or m:ss): 0:00.97
	Average shared text size (kbytes): 0
	Average unshared data size (kbytes): 0
	Average stack size (kbytes): 0
	Average total size (kbytes): 0
	Maximum resident set size (kbytes): 667516928
	Average resident set size (kbytes): 0
	Major (requiring I/O) page faults: 0
	Minor (reclaiming a frame) page faults: 44205
	Voluntary context switches: 9
	Involuntary context switches: 2650
	Swaps: 0
	File system inputs: 0
	File system outputs: 0
	Socket messages sent: 17
	Socket messages received: 0
	Signals delivered: 1
	Page size (bytes): 4096
	Exit status: 0
FINISHED CPU 1.66 MEM 0 MAXMEM 0 STALE 1
#RESULT: UNSAT
#FIN: FIN
#CPU: 1.66
#MAXMEM: 0
c 
#END: [Tue Apr 25 17:43:51 2023]
