#BEGIN: [Tue Apr 25 17:43:50 2023]
#HOST: mini07.local
#TIMELIMIT: 10800
#MEMLIMIT: 0
#FREQ: 10
#SOLVER: saf230420-16h03m-sat4j
#CSP: benchmark/automata-network/abdallah17amb/Trp_reg.an
#K: 4
#COMMAND: /Users/soh/app/util/wrap.sh java -Xms16g -Xmx16g -jar /Users/soh/app/saf230420-16h03m/saf.jar -k 4 benchmark/automata-network/abdallah17amb/Trp_reg.an
Using Sat4j SAT Solver

Trp,TrpE,TrpR,Trpext
k: 1, #Var: 22, #Clause: 66
#1
1001
#2
2012
k: 2, #Var: 123, #Clause: 749
UNSAT
k: 3, #Var: 223, #Clause: 1798
UNSAT
k: 4, #Var: 355, #Clause: 3311
UNSAT
	Command being timed: "/Users/soh/app/util/wrap.sh java -Xms16g -Xmx16g -jar /Users/soh/app/saf230420-16h03m/saf.jar -k 4 benchmark/automata-network/abdallah17amb/Trp_reg.an"
	User time (seconds): 1.58
	System time (seconds): 0.11
	Percent of CPU this job got: 171%
	Elapsed (wall clock) time (h:mm:ss or m:ss): 0:00.98
	Average shared text size (kbytes): 0
	Average unshared data size (kbytes): 0
	Average stack size (kbytes): 0
	Average total size (kbytes): 0
	Maximum resident set size (kbytes): 670908416
	Average resident set size (kbytes): 0
	Major (requiring I/O) page faults: 0
	Minor (reclaiming a frame) page faults: 44372
	Voluntary context switches: 10
	Involuntary context switches: 2525
	Swaps: 0
	File system inputs: 0
	File system outputs: 0
	Socket messages sent: 19
	Socket messages received: 0
	Signals delivered: 1
	Page size (bytes): 4096
	Exit status: 0
FINISHED CPU 1.69 MEM 0 MAXMEM 0 STALE 1
#RESULT: UNSAT
#FIN: FIN
#CPU: 1.69
#MAXMEM: 0
c 
#END: [Tue Apr 25 17:43:51 2023]
