#BEGIN: [Fri Apr  7 14:50:24 2023]
#HOST: mini03.local
#TIMELIMIT: 2400
#MEMLIMIT: 0
#FREQ: 10
#SOLVER: cabean201
#CSP: benchmark/boolean-network/pystablemotif-real/2161_Guard_Cell_Abscisic_Acid_Signaling.booleannet.bnet
#K: 1800
#COMMAND: /Users/soh/app/CABEAN-release-2.0.1/BinaryFile/MacOS/cabean benchmark/boolean-network/pystablemotif-real/2161_Guard_Cell_Abscisic_Acid_Signaling.booleannet.bnet
***************************************************************************
                       CABEAN 2.0.0 
 Please check http://satoss.uni.lu/software/CABEAN/ for the latest release.
 Please send any feedback to <cui.su@uni.lu>
***************************************************************************

Command line: /Users/soh/app/CABEAN-release-2.0.1/BinaryFile/MacOS/cabean benchmark/boolean-network/pystablemotif-real/2161_Guard_Cell_Abscisic_Acid_Signaling.booleannet.bnet
Convert the model format: benchmark/boolean-network/pystablemotif-real/2161_Guard_Cell_Abscisic_Acid_Signaling.booleannet.bnet -> benchmark/boolean-network/pystablemotif-real/2161_Guard_Cell_Abscisic_Acid_Signalingbooleannet.ispl
======================== find attractor #1 : 6272 states ========================
: 40 nodes 1 leaves 6272 minterms
0-0-0-0-0---0-0-0---0-0---0-0-0-0-0-1-0-0-0---0-----0-0---0-0-1-0-0-1-0-0-0-0-0-0-0-0-0-  1
0-0-0-0-0-----0-0-----0---1-0-0-0-0---0-0-0---0-----0-0---0-0-1-0-0-1-0-0-0-0-0-0-0-0-0-  1
0-0-0-0-0-----0-0-----1-----0-0-0-0---0-0-0---0-----0-0---0-0-1-0-0-1-0-0-0-0-0-0-0-0-0-  1
0-0-0-0-0-----0-0-----0---1-0-0-0-0---0-0-0---1-----0-0---0-0-1-0-0-1-0-0-0-0-0-0-0-0-0-  1
0-0-0-0-0-----0-0-----1-----0-0-0-0---0-0-0---1-----0-0---0-0-1-0-0-1-0-0-0-0-0-0-0-0-0-  1

======================== find attractor #2 : 6272 states ========================
: 40 nodes 1 leaves 6272 minterms
0-0-0-0-0---0-0-0---0-0---0-0-0-1-0-1-0-0-0---0-----0-0---0-0-1-0-0-1-0-0-0-0-0-0-0-0-0-  1
0-0-0-0-0-----0-0-----0---1-0-0-1-0---0-0-0---0-----0-0---0-0-1-0-0-1-0-0-0-0-0-0-0-0-0-  1
0-0-0-0-0-----0-0-----1-----0-0-1-0---0-0-0---0-----0-0---0-0-1-0-0-1-0-0-0-0-0-0-0-0-0-  1
0-0-0-0-0-----0-0-----0---1-0-0-1-0---0-0-0---1-----0-0---0-0-1-0-0-1-0-0-0-0-0-0-0-0-0-  1
0-0-0-0-0-----0-0-----1-----0-0-1-0---0-0-0---1-----0-0---0-0-1-0-0-1-0-0-0-0-0-0-0-0-0-  1

======================== find attractor #3 : 6272 states ========================
: 40 nodes 1 leaves 6272 minterms
0-0-0-0-0---0-0-0---0-0---0-1-0-0-0-1-0-0-0---0-----0-0---0-0-1-0-0-1-0-1-0-0-0-0-0-0-0-  1
0-0-0-0-0-----0-0-----0---1-1-0-0-0---0-0-0---0-----0-0---0-0-1-0-0-1-0-1-0-0-0-0-0-0-0-  1
0-0-0-0-0-----0-0-----1-----1-0-0-0---0-0-0---0-----0-0---0-0-1-0-0-1-0-1-0-0-0-0-0-0-0-  1
0-0-0-0-0-----0-0-----0---1-1-0-0-0---0-0-0---1-----0-0---0-0-1-0-0-1-0-1-0-0-0-0-0-0-0-  1
0-0-0-0-0-----0-0-----1-----1-0-0-0---0-0-0---1-----0-0---0-0-1-0-0-1-0-1-0-0-0-0-0-0-0-  1

======================== find attractor #4 : 6272 states ========================
: 40 nodes 1 leaves 6272 minterms
0-0-0-0-0---0-0-0---0-0---0-1-0-1-0-1-0-0-0---0-----0-0---0-0-1-0-0-1-0-1-0-0-0-0-0-0-0-  1
0-0-0-0-0-----0-0-----0---1-1-0-1-0---0-0-0---0-----0-0---0-0-1-0-0-1-0-1-0-0-0-0-0-0-0-  1
0-0-0-0-0-----0-0-----1-----1-0-1-0---0-0-0---0-----0-0---0-0-1-0-0-1-0-1-0-0-0-0-0-0-0-  1
0-0-0-0-0-----0-0-----0---1-1-0-1-0---0-0-0---1-----0-0---0-0-1-0-0-1-0-1-0-0-0-0-0-0-0-  1
0-0-0-0-0-----0-0-----1-----1-0-1-0---0-0-0---1-----0-0---0-0-1-0-0-1-0-1-0-0-0-0-0-0-0-  1

======================== find attractor #5 : 6272 states ========================
: 40 nodes 1 leaves 6272 minterms
0-0-0-0-1---0-0-0---0-0---0-0-0-0-1-1-0-0-0---0-----0-0---0-1-1-0-1-1-0-0-1-0-0-0-0-0-0-  1
0-0-0-0-1-----0-0-----0---1-0-0-0-1---0-0-0---0-----0-0---0-1-1-0-1-1-0-0-1-0-0-0-0-0-0-  1
0-0-0-0-1-----0-0-----1-----0-0-0-1---0-0-0---0-----0-0---0-1-1-0-1-1-0-0-1-0-0-0-0-0-0-  1
0-0-0-0-1-----0-0-----0---1-0-0-0-1---0-0-0---1-----0-0---0-1-1-0-1-1-0-0-1-0-0-0-0-0-0-  1
0-0-0-0-1-----0-0-----1-----0-0-0-1---0-0-0---1-----0-0---0-1-1-0-1-1-0-0-1-0-0-0-0-0-0-  1

======================== find attractor #6 : 6272 states ========================
: 40 nodes 1 leaves 6272 minterms
0-0-0-0-1---0-0-0---0-0---0-1-0-0-1-1-0-0-0---0-----0-0---0-1-1-0-1-1-0-1-1-0-0-0-0-0-0-  1
0-0-0-0-1-----0-0-----0---1-1-0-0-1---0-0-0---0-----0-0---0-1-1-0-1-1-0-1-1-0-0-0-0-0-0-  1
0-0-0-0-1-----0-0-----1-----1-0-0-1---0-0-0---0-----0-0---0-1-1-0-1-1-0-1-1-0-0-0-0-0-0-  1
0-0-0-0-1-----0-0-----0---1-1-0-0-1---0-0-0---1-----0-0---0-1-1-0-1-1-0-1-1-0-0-0-0-0-0-  1
0-0-0-0-1-----0-0-----1-----1-0-0-1---0-0-0---1-----0-0---0-1-1-0-1-1-0-1-1-0-0-0-0-0-0-  1

======================== find attractor #7 : 8 states ========================
: 42 nodes 1 leaves 8 minterms
0-1-0-0-0-0-0-0-0-0-0-0-0---1-0-0-0-1-0-0-0---0---1-0-0-0-0-0-1-0-0-1-0-1-0-0-0-0-0-0-0-  1

======================== find attractor #8 : 8 states ========================
: 42 nodes 1 leaves 8 minterms
0-1-0-0-0-0-0-0-0-0-0-0-0---1-0-1-0-1-0-0-0---0---1-0-0-0-0-0-1-0-0-1-0-1-0-0-0-0-0-0-0-  1

======================== find attractor #9 : 6272 states ========================
: 40 nodes 1 leaves 6272 minterms
0-1-0-0-0---0-0-0---0-0---0-0-0-0-0-1-0-0-0---0-----0-0---0-0-1-0-0-1-0-0-0-0-0-0-0-0-0-  1
0-1-0-0-0-----0-0-----0---1-0-0-0-0---0-0-0---0-----0-0---0-0-1-0-0-1-0-0-0-0-0-0-0-0-0-  1
0-1-0-0-0-----0-0-----1-----0-0-0-0---0-0-0---0-----0-0---0-0-1-0-0-1-0-0-0-0-0-0-0-0-0-  1
0-1-0-0-0-----0-0-----0---1-0-0-0-0---0-0-0---1-----0-0---0-0-1-0-0-1-0-0-0-0-0-0-0-0-0-  1
0-1-0-0-0-----0-0-----1-----0-0-0-0---0-0-0---1-----0-0---0-0-1-0-0-1-0-0-0-0-0-0-0-0-0-  1

======================== find attractor #10 : 6272 states ========================
: 40 nodes 1 leaves 6272 minterms
0-1-0-0-0---0-0-0---0-0---0-0-0-1-0-1-0-0-0---0-----0-0---0-0-1-0-0-1-0-0-0-0-0-0-0-0-0-  1
0-1-0-0-0-----0-0-----0---1-0-0-1-0---0-0-0---0-----0-0---0-0-1-0-0-1-0-0-0-0-0-0-0-0-0-  1
0-1-0-0-0-----0-0-----1-----0-0-1-0---0-0-0---0-----0-0---0-0-1-0-0-1-0-0-0-0-0-0-0-0-0-  1
0-1-0-0-0-----0-0-----0---1-0-0-1-0---0-0-0---1-----0-0---0-0-1-0-0-1-0-0-0-0-0-0-0-0-0-  1
0-1-0-0-0-----0-0-----1-----0-0-1-0---0-0-0---1-----0-0---0-0-1-0-0-1-0-0-0-0-0-0-0-0-0-  1

======================== find attractor #11 : 8 states ========================
: 42 nodes 1 leaves 8 minterms
0-1-0-0-1-0-0-0-0-0-0-0-0---1-0-0-1-1-0-0-0---0---1-0-0-0-0-1-1-0-1-1-0-1-1-0-0-0-0-0-0-  1

======================== find attractor #12 : 6272 states ========================
: 40 nodes 1 leaves 6272 minterms
0-1-0-0-1---0-0-0---0-0---0-0-0-0-1-1-0-0-0---0-----0-0---0-1-1-0-1-1-0-0-1-0-0-0-0-0-0-  1
0-1-0-0-1-----0-0-----0---1-0-0-0-1---0-0-0---0-----0-0---0-1-1-0-1-1-0-0-1-0-0-0-0-0-0-  1
0-1-0-0-1-----0-0-----1-----0-0-0-1---0-0-0---0-----0-0---0-1-1-0-1-1-0-0-1-0-0-0-0-0-0-  1
0-1-0-0-1-----0-0-----0---1-0-0-0-1---0-0-0---1-----0-0---0-1-1-0-1-1-0-0-1-0-0-0-0-0-0-  1
0-1-0-0-1-----0-0-----1-----0-0-0-1---0-0-0---1-----0-0---0-1-1-0-1-1-0-0-1-0-0-0-0-0-0-  1

======================== find attractor #13 : 1 states ========================
: 45 nodes 1 leaves 1 minterms
1-0-0-0-1-1-1-1-0-0-0-0-1-1-0-0-0-1-0-0-1-1-1-0-1-0-1-0-0-1-1-0-0-1-0-1-0-1-1-1-1-0-0-1-  1

======================== find attractor #14 : 1 states ========================
: 45 nodes 1 leaves 1 minterms
1-0-0-0-1-1-1-1-0-0-0-0-1-1-0-0-1-1-0-0-1-1-1-0-1-0-1-0-0-1-1-0-0-1-0-1-0-1-1-1-1-0-0-1-  1

======================== find attractor #15 : 1 states ========================
: 45 nodes 1 leaves 1 minterms
1-0-0-0-1-1-1-1-0-0-0-0-1-1-1-0-0-1-0-0-1-1-1-0-1-0-1-0-0-1-1-0-0-1-0-1-1-1-1-1-1-0-0-1-  1

======================== find attractor #16 : 1 states ========================
: 45 nodes 1 leaves 1 minterms
1-0-0-0-1-1-1-1-0-0-0-0-1-1-1-0-1-1-0-0-1-1-1-0-1-0-1-0-0-1-1-0-0-1-0-1-1-1-1-1-1-0-0-1-  1

======================== find attractor #17 : 1 states ========================
: 45 nodes 1 leaves 1 minterms
1-0-1-0-0-1-0-0-0-0-0-0-0-1-0-0-0-0-0-0-1-1-1-0-1-0-1-0-0-1-0-0-0-0-0-1-0-0-0-1-1-0-0-1-  1

======================== find attractor #18 : 1 states ========================
: 45 nodes 1 leaves 1 minterms
1-0-1-0-0-1-0-0-0-0-0-0-0-1-0-0-1-0-0-0-1-1-1-0-1-0-1-0-0-1-0-0-0-0-0-1-0-0-0-1-1-0-0-1-  1

======================== find attractor #19 : 1 states ========================
: 45 nodes 1 leaves 1 minterms
1-0-1-0-0-1-0-0-0-0-0-0-0-1-1-0-0-0-0-0-1-1-1-0-1-0-1-0-0-1-0-0-0-0-0-1-1-0-0-1-1-0-0-1-  1

======================== find attractor #20 : 1 states ========================
: 45 nodes 1 leaves 1 minterms
1-0-1-0-0-1-0-0-0-0-0-0-0-1-1-0-1-0-0-0-1-1-1-0-1-0-1-0-0-1-0-0-0-0-0-1-1-0-0-1-1-0-0-1-  1

======================== find attractor #21 : 1 states ========================
: 45 nodes 1 leaves 1 minterms
1-1-0-0-1-1-1-1-0-0-0-0-1-1-0-0-0-1-0-0-1-1-1-0-1-0-1-0-0-1-1-0-0-1-0-1-0-1-1-1-1-0-0-1-  1

======================== find attractor #22 : 1 states ========================
: 45 nodes 1 leaves 1 minterms
1-1-0-0-1-1-1-1-0-0-0-0-1-1-0-0-1-1-0-0-1-1-1-0-1-0-1-0-0-1-1-0-0-1-0-1-0-1-1-1-1-0-0-1-  1

======================== find attractor #23 : 1 states ========================
: 45 nodes 1 leaves 1 minterms
1-1-0-0-1-1-1-1-0-0-0-0-1-1-1-0-0-1-0-0-1-1-1-0-1-0-1-0-0-1-1-0-0-1-0-1-1-1-1-1-1-0-0-1-  1

======================== find attractor #24 : 1 states ========================
: 45 nodes 1 leaves 1 minterms
1-1-0-0-1-1-1-1-0-0-0-0-1-1-1-0-1-1-0-0-1-1-1-0-1-0-1-0-0-1-1-0-0-1-0-1-1-1-1-1-1-0-0-1-  1

======================== find attractor #25 : 1 states ========================
: 45 nodes 1 leaves 1 minterms
1-1-1-0-0-1-0-0-0-0-0-0-0-1-0-0-0-0-0-0-1-1-1-0-1-0-1-0-0-1-0-0-0-0-0-1-0-0-0-1-1-0-0-1-  1

======================== find attractor #26 : 1 states ========================
: 45 nodes 1 leaves 1 minterms
1-1-1-0-0-1-0-0-0-0-0-0-0-1-0-0-1-0-0-0-1-1-1-0-1-0-1-0-0-1-0-0-0-0-0-1-0-0-0-1-1-0-0-1-  1

======================== find attractor #27 : 1 states ========================
: 45 nodes 1 leaves 1 minterms
1-1-1-0-0-1-0-0-0-0-0-0-0-1-1-0-0-0-0-0-1-1-1-0-1-0-1-0-0-1-0-0-0-0-0-1-1-0-0-1-1-0-0-1-  1

======================== find attractor #28 : 1 states ========================
: 45 nodes 1 leaves 1 minterms
1-1-1-0-0-1-0-0-0-0-0-0-0-1-1-0-1-0-0-0-1-1-1-0-1-0-1-0-0-1-0-0-0-0-0-1-1-0-0-1-1-0-0-1-  1

number of attractors = 28
time for attractor detection=9.493
	Command being timed: "/Users/soh/app/CABEAN-release-2.0.1/BinaryFile/MacOS/cabean benchmark/boolean-network/pystablemotif-real/2161_Guard_Cell_Abscisic_Acid_Signaling.booleannet.bnet"
	User time (seconds): 9.62
	System time (seconds): 0.02
	Percent of CPU this job got: 99%
	Elapsed (wall clock) time (h:mm:ss or m:ss): 0:09.67
	Average shared text size (kbytes): 0
	Average unshared data size (kbytes): 0
	Average stack size (kbytes): 0
	Average total size (kbytes): 0
	Maximum resident set size (kbytes): 237666304
	Average resident set size (kbytes): 0
	Major (requiring I/O) page faults: 0
	Minor (reclaiming a frame) page faults: 14624
	Voluntary context switches: 31
	Involuntary context switches: 755
	Swaps: 0
	File system inputs: 0
	File system outputs: 0
	Socket messages sent: 61
	Socket messages received: 0
	Signals delivered: 0
	Page size (bytes): 4096
	Exit status: 0
FINISHED CPU 9.64 MEM 0 MAXMEM 0 STALE 1
#RESULT: UNK
#FIN: FIN
#CPU: 9.64
#MAXMEM: 0
c 
#END: [Fri Apr  7 14:50:34 2023]
