#BEGIN: [Thu Apr 20 21:24:25 2023]
#HOST: mini16.local
#TIMELIMIT: 2400
#MEMLIMIT: 0
#FREQ: 10
#SOLVER: saf230420-16h03m-sat4j
#CSP: benchmark/boolean-network/pystablemotif-real/2161_Guard_Cell_Abscisic_Acid_Signaling.booleannet.an
#K: 1800
#COMMAND: /Users/soh/app/util/wrap.sh java -Xms16g -Xmx16g -jar /Users/soh/app/saf230420-16h03m/saf.jar -k 256 benchmark/boolean-network/pystablemotif-real/2161_Guard_Cell_Abscisic_Acid_Signaling.booleannet.an
Using Sat4j SAT Solver

ABH1,GCR1,ABA,ERA1,OST1,Actin,InsPK,Ca2_c,KEV,InsP3,PLC,Atrboh,cGMP,InsP6,ROP10,ROP2,Malate,HTPase,NO,ADPRc,AGB1,ROS,SphK,CIS,GPA1,cADPR,Depolar,Ca2_ATPase,Closure,RCN1,PLD,PA,PEPC,RAC1,GC,S1P,ABI1,NOS,AnionEM,KOUT,KAP,NIA12,CaIM,pH
k: 1, #Var: 174, #Clause: 656
#1
00101110000101010000111010101111000100111101
#2
00101110000001000000001000100100000110011101
#3
01101110000001000000001000100100000110011101
#4
00111110000001100000001000100100000110011101
#5
01111110000001100000001000100100000110011101
#6
00111110000101110000111010101111000100111101
#7
01101110000101010000111010101111000100111101
#8
01111110000101110000111010101111000100111101
#9
10111110000101110000111010101111000100111101
#10
10101110000001000000001000100100000110011101
#11
11101110000001000000001000100100000110011101
#12
10111110000001100000001000100100000110011101
#13
11111110000001100000001000100100000110011101
#14
11111110000101110000111010101111000100111101
#15
10101110000101010000111010101111000100111101
#16
11101110000101010000111010101111000100111101
k: 2, #Var: 1082, #Clause: 26098
UNSAT
k: 3, #Var: 1994, #Clause: 74166
UNSAT
k: 4, #Var: 3210, #Clause: 145722
UNSAT
k: 5, #Var: 4730, #Clause: 240766
UNSAT
k: 6, #Var: 6554, #Clause: 359298
UNSAT
k: 7, #Var: 8682, #Clause: 501318
UNSAT
k: 8, #Var: 11114, #Clause: 666826
#1
10010000000000101100000000000000110000000000 10010000000000101100000000000000110000001000 10010000000000101100000000000000110000010000 10010000000000101100000000000000110000011000 10010000000000101100000000100000110000000000 10010000000000101100000000100000110000001000 10010000000000101100000000100000110000010000 10010000000000101100000000100000110000011000
#2
11010000000000101100000000000000110000000000 11010000000000101100000000000000110000001000 11010000000000101100000000000000110000010000 11010000000000101100000000000000110000011000 11010000000000101100000000100000110000000000 11010000000000101100000000100000110000001000 11010000000000101100000000100000110000010000 11010000000000101100000000100000110000011000
#3
10010000000000111100100010000011110000000000 10010000000000111100100010000011110000001000 10010000000000111100100010000011110000010000 10010000000000111100100010000011110000011000 10010000000000111100100010100011110000000000 10010000000000111100100010100011110000001000 10010000000000111100100010100011110000010000 10010000000000111100100010100011110000011000
k: 9, #Var: 13850, #Clause: 855849
TIMEOUT CPU 2400 MEM 0 MAXMEM 0
#RESULT: UNSAT
#FIN: TO
#CPU: 2400
#MAXMEM: 0
c 82576 killed(2). 82578 killed(2). 82577 killed(2). 82576 killed(9). 82578 killed(9). 82577 killed(9). 
#END: [Thu Apr 20 22:04:26 2023]
