#BEGIN: [Thu Apr 20 21:29:26 2023]
#HOST: mini11.local
#TIMELIMIT: 2400
#MEMLIMIT: 0
#FREQ: 10
#SOLVER: saf230420-16h03m-sat4j
#CSP: benchmark/boolean-network/pystablemotif-real/2171_T_Cell_Receptor_Signaling.booleannet.an
#K: 1800
#COMMAND: /Users/soh/app/util/wrap.sh java -Xms16g -Xmx16g -jar /Users/soh/app/saf230420-16h03m/saf.jar -k 256 benchmark/boolean-network/pystablemotif-real/2171_T_Cell_Receptor_Signaling.booleannet.an
Using Sat4j SAT Solver

unknown_input,lckr_input,unknown_input2,cd28_input,cd4,tcrlig_input,unknown_input3,bcl10,grb2,cre,mlk3,pkcth,cblb,creb,cd45,plcga,cam,ccblr,gsk3,sh3bp2,bcat,rasgrp,pdk1,p38,p70s,cyc1,jun,rac1r,ap1,ccblp2,pkb,jnk,erk,pip3,p21c,csk,sos,nfat,card11a,malt1,tcrb,ship1,rac1p1,fos,camk4,bclxl,xx,cd28,cdc42,ip3,camk2,shp2,lat,sre,card11,p27k,lckr,tcrp,vav1,shp1,rlk,vav3,calpr1,fyn,tcrlig,hpk1,lckp1,pi3k,mek,ikb,lckp2,dag,gap,rsk,slp76,zap70,pag,rac1p2,itk,akap79,ikkab,nfkb,raf,abl,calcin,bad,ca,mkk4,pten,plcgb,Dummy,fkhr,mekk1,ikkg,gab2,gadd45,cabin1,dgk,ras,ccblp1,gads
k: 1, #Var: 359, #Clause: 1221
#1
00000000000010000010000000000000001000000000000000000001000000000000010000000000000001000001000010000
#2
00010000000000000000101011000010010000000000011100000000001000000001010000000000000000000000000010000
#3
00011000000000000000101011000010010000000000011100000000001000000001010000000000000000000000000010000
#4
01010000000000000000101011000010010000000000011100000000101000000001010000000000000000000000000010000
#5
01011000000000000000101011000010010000000000011100000000101000000001010000000000000000000000000010000
#6
01010010000000000000101011000010010000000000011100000000101000000001010010000000000000000000000010000
#7
00010010000000000000101011000010010000000000011100000000001000000001010010000000000000000000000010000
#8
00011010000000000000101011000010010000000000011100000000001000000001010010000000000000000000000010000
#9
01011010000000000000101011000010010000000000011100000000101000000001010010000000000000000000000010000
#10
01010110101000000001101111100011010010001000011100011000111001011101011010010000000100010100101011001
#11
00001000000010000010000000000000001000000000000000000001000000000000010000000000000001000001000010000
#12
01000000000010000010000000000000001000000000000000000001100000000000010000000000000001000001000010000
#13
01001000000010000010000000000000001000000000000000000001100000000000010000000000000001000001000010000
#14
01000010000010000010000000000000001000000000000000000001100000000000010010000000000001000001000010000
#15
00000010000010000010000000000000001000000000000000000001000000000000010010000000000001000001000010000
#16
00001010000010000010000000000000001000000000000000000001000000000000010010000000000001000001000010000
#17
01001010000010000010000000000000001000000000000000000001100000000000010010000000000001000001000010000
#18
01100011000010000010000000100001001000000100000010000101100000100000010010000001000001011001100010000
#19
00100001000010000010000000100001001000000100000010000101000000100000010000000001000001011001100010000
#20
00101001000010000010000000100001001000000100000010000101000000100000010000000001000001011001100010000
#21
01100001000010000010000000100001001000000100000010000101100000100000010000000001000001011001100010000
#22
01101001000010000010000000100001001000000100000010000101100000100000010000000001000001011001100010000
#23
01110001000000000010000000100001001000000100001110000101101000100001010000000001000001011001100010000
#24
00110001000000000010000000100001001000000100001110000101001000100001010000000001000001011001100010000
#25
00111001000000000010000000100001001000000100001110000101001000100001010000000001000001011001100010000
#26
01111001000000000010000000100001001000000100001110000101101000100001010000000001000001011001100010000
#27
01110011000000000010000000100001001000000100001110000101101000100001010010000001000001011001100010000
#28
00100011000010000010000000100001001000000100000010000101000000100000010010000001000001011001100010000
#29
00101011000010000010000000100001001000000100000010000101000000100000010010000001000001011001100010000
#30
01101011000010000010000000100001001000000100000010000101100000100000010010000001000001011001100010000
#31
01111011000000000010000000100001001000000100001110000101101000100001010010000001000001011001100010000
#32
00110011000000000010000000100001001000000100001110000101001000100001010010000001000001011001100010000
#33
00111011000000000010000000100001001000000100001110000101001000100001010010000001000001011001100010000
#34
00110111000000000010000000100001001000001100001110000101001000101001010010000001000001011001100011000
#35
00000100000010000010000000000000001000001000000000000001000000001000010000000000000001000001000011000
#36
00010100000000000000101011000010010000001000011100000000001000001001010000000000000000000000000011000
#37
00011100000000000000101011000010010000001000011100000000001000001001010000000000000000000000000011000
#38
00010110000000000000101011000010010000001000011100000000001000001001010010000000000000000000000011000
#39
00011110000000000000101011000010010000001000011100000000001000001001010010000000000000000000000011000
#40
00000110000010000010000000000000001000001000000000000001000000001000010010000000000001000001000011000
#41
00001100000010000010000000000000001000001000000000000001000000001000010000000000000001000001000011000
#42
00001110000010000010000000000000001000001000000000000001000000001000010010000000000001000001000011000
#43
00100111000010000010000000100001001000001100000010000101000000101000010010000001000001011001100011000
#44
00100101000010000010000000100001001000001100000010000101000000101000010000000001000001011001100011000
#45
00101101000010000010000000100001001000001100000010000101000000101000010000000001000001011001100011000
#46
00110101000000000010000000100001001000001100001110000101001000101001010000000001000001011001100011000
#47
00111101000000000010000000100001001000001100001110000101001000101001010000000001000001011001100011000
#48
00111111000000000010000000100001001000001100001110000101001000101001010010000001000001011001100011000
#49
00101111000010000010000000100001001000001100000010000101000000101000010010000001000001011001100011000
#50
01110111101000000011000100100001001010001100001110011101111001111101011010010001000101011101101011001
#51
01010100101000000001101111100011010010001000011100011000111001011101011000010000000100010100101011001
#52
01011100101000000001101111100011010010001000011100011000111001011101011000010000000100010100101011001
#53
01011110101000000001101111100011010010001000011100011000111001011101011010010000000100010100101011001
#54
01000110101010000011000100100001001010001000000000011001111001011100011010010000000101010101101011001
#55
01000100101010000011000100100001001010001000000000011001111001011100011000010000000101010101101011001
#56
01001100101010000011000100100001001010001000000000011001111001011100011000010000000101010101101011001
#57
01001110101010000011000100100001001010001000000000011001111001011100011010010000000101010101101011001
#58
01100111101010000011000100100001001010001100000010011101111001111100011010010001000101011101101011001
#59
01100101101010000011000100100001001010001100000010011101111001111100011000010001000101011101101011001
#60
01101101101010000011000100100001001010001100000010011101111001111100011000010001000101011101101011001
#61
01110101101000000011000100100001001010001100001110011101111001111101011000010001000101011101101011001
#62
01111101101000000011000100100001001010001100001110011101111001111101011000010001000101011101101011001
#63
01111111101000000011000100100001001010001100001110011101111001111101011010010001000101011101101011001
#64
01101111101010000011000100100001001010001100000010011101111001111100011010010001000101011101101011001
#65
10110111001000100110000000110001001000111110001110000111001000101001010010000001000001011001100111000
#66
10010000001000100100101011110011010000010010011100000010001000000001010000000000000000010000000110000
#67
10011000001000100100101011110011010000010010011100000010001000000001010000000000000000010000000110000
#68
11010000001000100100101011110011010000010010011100000010101000000001010000000000000000010000000110000
#69
11010010001000100100101011110011010000010010011100000010101000000001010010000000000000010000000110000
#70
10010010001000100100101011110011010000010010011100000010001000000001010010000000000000010000000110000
#71
10011010001000100100101011110011010000010010011100000010001000000001010010000000000000010000000110000
#72
11110011001000100110000000110001001000110110001110000111101000100001010010000001000001011001100110000
#73
10000000000010100110000000010000001000010000000000000011000000000000010000000000000001000001000110000
#74
10001000000010100110000000010000001000010000000000000011000000000000010000000000000001000001000110000
#75
11000000000010100110000000010000001000010000000000000011100000000000010000000000000001000001000110000
#76
11000010000010100110000000010000001000010000000000000011100000000000010010000000000001000001000110000
#77
10000010000010100110000000010000001000010000000000000011000000000000010010000000000001000001000110000
#78
10001010000010100110000000010000001000010000000000000011000000000000010010000000000001000001000110000
#79
11100011000010100110000000110001001000110100000010000111100000100000010010000001000001011001100110000
#80
10100001000010100110000000110001001000110100000010000111000000100000010000000001000001011001100110000
#81
10101001000010100110000000110001001000110100000010000111000000100000010000000001000001011001100110000
#82
11100001000010100110000000110001001000110100000010000111100000100000010000000001000001011001100110000
#83
11110001001000100110000000110001001000110110001110000111101000100001010000000001000001011001100110000
#84
10110001001000100110000000110001001000110110001110000111001000100001010000000001000001011001100110000
#85
10111001001000100110000000110001001000110110001110000111001000100001010000000001000001011001100110000
#86
10100011000010100110000000110001001000110100000010000111000000100000010010000001000001011001100110000
#87
10101011000010100110000000110001001000110100000010000111000000100000010010000001000001011001100110000
#88
10110011001000100110000000110001001000110110001110000111001000100001010010000001000001011001100110000
#89
10111011001000100110000000110001001000110110001110000111001000100001010010000001000001011001100110000
#90
10111111001000100110000000110001001000111110001110000111001000101001010010000001000001011001100111000
#91
10010100001000100100101011110011010000011010011100000010001000001001010000000000000000010000000111000
#92
10011100001000100100101011110011010000011010011100000010001000001001010000000000000000010000000111000
#93
10010110001000100100101011110011010000011010011100000010001000001001010010000000000000010000000111000
#94
10011110001000100100101011110011010000011010011100000010001000001001010010000000000000010000000111000
#95
10000110000010100110000000010000001000011000000000000011000000001000010010000000000001000001000111000
#96
10000100000010100110000000010000001000011000000000000011000000001000010000000000000001000001000111000
#97
10001100000010100110000000010000001000011000000000000011000000001000010000000000000001000001000111000
#98
10001110000010100110000000010000001000011000000000000011000000001000010010000000000001000001000111000
#99
10100111000010100110000000110001001000111100000010000111000000101000010010000001000001011001100111000
#100
10100101000010100110000000110001001000111100000010000111000000101000010000000001000001011001100111000
#101
10101101000010100110000000110001001000111100000010000111000000101000010000000001000001011001100111000
#102
10110101001000100110000000110001001000111110001110000111001000101001010000000001000001011001100111000
#103
10111101001000100110000000110001001000111110001110000111001000101001010000000001000001011001100111000
#104
10101111000010100110000000110001001000111100000010000111000000101000010010000001000001011001100111000
k: 2, #Var: 2203, #Clause: 110523
UNSAT
k: 3, #Var: 4054, #Clause: 323553
UNSAT
k: 4, #Var: 6522, #Clause: 642049
UNSAT
k: 5, #Var: 9607, #Clause: 1066011
UNSAT
k: 6, #Var: 13309, #Clause: 1595439
UNSAT
k: 7, #Var: 17628, #Clause: 2230333
TIMEOUT CPU 2400 MEM 0 MAXMEM 0
#RESULT: UNSAT
#FIN: TO
#CPU: 2400
#MAXMEM: 0
c 71710 killed(2). 71709 killed(2). 71708 killed(2). 71710 killed(9). 71709 killed(9). 71708 killed(9). 
#END: [Thu Apr 20 22:09:26 2023]
