#BEGIN: [Thu Apr 20 21:30:26 2023]
#HOST: mini12.local
#TIMELIMIT: 2400
#MEMLIMIT: 0
#FREQ: 10
#SOLVER: saf230420-16h03m-sat4j
#CSP: benchmark/boolean-network/pystablemotif-real/2176_T-LGL_Survival_Network_2008.booleannet.an
#K: 1800
#COMMAND: /Users/soh/app/util/wrap.sh java -Xms16g -Xmx16g -jar /Users/soh/app/saf230420-16h03m/saf.jar -k 256 benchmark/boolean-network/pystablemotif-real/2176_T-LGL_Survival_Network_2008.booleannet.an
Using Sat4j SAT Solver

IFN,Stimuli,CD45,Stimuli2,TAX,IL15,PDGF,TRADD,IAP,Fas,FYN,SOCS,SPHK1,IL2RA,RAS,IL2RAT,FLIP,Proliferation,Ceramide,TCR,IFNG,Apoptosis,S1P,GPCR,IL2,STAT3,BID,GAP,CREB,IL2RBT,ZAP70,NFAT,FasT,ERK,Cytoskeleton_signaling,MEK,TPL2,LCK,FasL,NFKB,RANTES,P27,GZMB,CTLA4,A20,Caspase,P2,JAK,IL2RB,TBET,GRB2,TNF,DISC,SMAD,PLCG1,MCL1,IFNGT,PI3K,BclxL,PDGFR,sFas
k: 1, #Var: 355, #Clause: 1788
#1
0000000000000000000000000000000000000000000000000000000000000
#2
0001000000000000000000000000000000000000000000000000000000000
#3
0000010000000000000000000000000000000000000000000000000000000
#4
0001010000000000000000000000000000000000000000000000000000000
#5
0000010000000000000001000000000000000000000000000000000000000
#6
0000000000000000000001000000000000000000000000000000000000000
#7
0100000000000000000001000000000000000000000000000000000000000
#8
0010000000000000000001000000000000000000000000000000000000000
#9
0110000000000000000001000000000000000000000000000000000000000
#10
0011000000000000000001000000000000000000000000000000000000000
#11
0001000000000000000001000000000000000000000000000000000000000
#12
0101000000000000000001000000000000000000000000000000000000000
#13
0111000000000000000001000000000000000000000000000000000000000
#14
0011100000000000000001000000000000000000000000000000000000000
#15
0000100000000000000001000000000000000000000000000000000000000
#16
0100100000000000000001000000000000000000000000000000000000000
#17
0010100000000000000001000000000000000000000000000000000000000
#18
0110100000000000000001000000000000000000000000000000000000000
#19
0111100000000000000001000000000000000000000000000000000000000
#20
0001100000000000000001000000000000000000000000000000000000000
#21
0101100000000000000001000000000000000000000000000000000000000
#22
0011110000000000000001000000000000000000000000000000000000000
#23
0100010000000000000001000000000000000000000000000000000000000
#24
0010010000000000000001000000000000000000000000000000000000000
#25
0110010000000000000001000000000000000000000000000000000000000
#26
0011010000000000000001000000000000000000000000000000000000000
#27
0001010000000000000001000000000000000000000000000000000000000
#28
0101010000000000000001000000000000000000000000000000000000000
#29
0111010000000000000001000000000000000000000000000000000000000
#30
0111110000000000000001000000000000000000000000000000000000000
#31
0000110000000000000001000000000000000000000000000000000000000
#32
0100110000000000000001000000000000000000000000000000000000000
#33
0010110000000000000001000000000000000000000000000000000000000
#34
0110110000000000000001000000000000000000000000000000000000000
#35
0001110000000000000001000000000000000000000000000000000000000
#36
0101110000000000000001000000000000000000000000000000000000000
#37
0001111000000000000001000000000000000000000000000000000000000
#38
0000001000000000000001000000000000000000000000000000000000000
#39
0100001000000000000001000000000000000000000000000000000000000
#40
0010001000000000000001000000000000000000000000000000000000000
#41
0110001000000000000001000000000000000000000000000000000000000
#42
0011001000000000000001000000000000000000000000000000000000000
#43
0001001000000000000001000000000000000000000000000000000000000
#44
0101001000000000000001000000000000000000000000000000000000000
#45
0111001000000000000001000000000000000000000000000000000000000
#46
0011101000000000000001000000000000000000000000000000000000000
#47
0000101000000000000001000000000000000000000000000000000000000
#48
0100101000000000000001000000000000000000000000000000000000000
#49
0010101000000000000001000000000000000000000000000000000000000
#50
0110101000000000000001000000000000000000000000000000000000000
#51
0111101000000000000001000000000000000000000000000000000000000
#52
0001101000000000000001000000000000000000000000000000000000000
#53
0101101000000000000001000000000000000000000000000000000000000
#54
0011111000000000000001000000000000000000000000000000000000000
#55
0000011000000000000001000000000000000000000000000000000000000
#56
0100011000000000000001000000000000000000000000000000000000000
#57
0010011000000000000001000000000000000000000000000000000000000
#58
0110011000000000000001000000000000000000000000000000000000000
#59
0011011000000000000001000000000000000000000000000000000000000
#60
0001011000000000000001000000000000000000000000000000000000000
#61
0101011000000000000001000000000000000000000000000000000000000
#62
0111011000000000000001000000000000000000000000000000000000000
#63
0111111000000000000001000000000000000000000000000000000000000
#64
0000111000000000000001000000000000000000000000000000000000000
#65
0100111000000000000001000000000000000000000000000000000000000
#66
0010111000000000000001000000000000000000000000000000000000000
#67
0110111000000000000001000000000000000000000000000000000000000
#68
0101111000000000000001000000000000000000000000000000000000000
#69
0000010000000000000000000000000000000000000000100000000000000
#70
0000000000000000000000000000000000000000000000100000000000000
#71
0000010010101010100000110100010111111111111010111111011111011
#72
0000010010100010100000000100010111111111111010111111001111001
#73
0001010010100010100010000100010111111111111010011111001111001
#74
0001110010100010100010000100010111111111111010011111001111001
#75
0000110010100010100000000100010111111111111010111111001111001
#76
0000110010101010100000110100010111111111111010111111011111011
#77
0000010010101010100000110100010111111111111010011111011111011
#78
0001010010101010100000110100010111111111111010011111011111011
#79
0000110010101010100000110100010111111111111010011111011111011
#80
0001110010101010100000110100010111111111111010011111011111011
#81
0000111010101010100000110100010111111111111010011111011111011
#82
0000011010101010100000110100010111111111111010011111011111011
#83
0001011010101010100000110100010111111111111010011111011111011
#84
0001111010101010100000110100010111111111111010011111011111011
#85
0000111010101010100000110100010111111111111010111111011111011
#86
0000011010101010100000110100010111111111111010111111011111011
#87
1000011010101010100000110100110111111111111010111111011111011
#88
1000000000000000000000000000000000000000000000000000000000000
#89
1001000000000000000000000000000000000000000000000000000000000
#90
1000010000000000000000000000000000000000000000000000000000000
#91
1001010000000000000000000000000000000000000000000000000000000
#92
1000010000000000000001000000000000000000000000000000000000000
#93
1000000000000000000001000000000000000000000000000000000000000
#94
1100000000000000000001000000000000000000000000000000000000000
#95
1010000000000000000001000000000000000000000000000000000000000
#96
1110000000000000000001000000000000000000000000000000000000000
#97
1011000000000000000001000000000000000000000000000000000000000
#98
1001000000000000000001000000000000000000000000000000000000000
#99
1101000000000000000001000000000000000000000000000000000000000
#100
1111000000000000000001000000000000000000000000000000000000000
#101
1011100000000000000001000000000000000000000000000000000000000
#102
1000100000000000000001000000000000000000000000000000000000000
#103
1100100000000000000001000000000000000000000000000000000000000
#104
1010100000000000000001000000000000000000000000000000000000000
#105
1110100000000000000001000000000000000000000000000000000000000
#106
1111100000000000000001000000000000000000000000000000000000000
#107
1001100000000000000001000000000000000000000000000000000000000
#108
1101100000000000000001000000000000000000000000000000000000000
#109
1011110000000000000001000000000000000000000000000000000000000
#110
1100010000000000000001000000000000000000000000000000000000000
#111
1010010000000000000001000000000000000000000000000000000000000
#112
1110010000000000000001000000000000000000000000000000000000000
#113
1011010000000000000001000000000000000000000000000000000000000
#114
1001010000000000000001000000000000000000000000000000000000000
#115
1101010000000000000001000000000000000000000000000000000000000
#116
1111010000000000000001000000000000000000000000000000000000000
#117
1111110000000000000001000000000000000000000000000000000000000
#118
1000110000000000000001000000000000000000000000000000000000000
#119
1100110000000000000001000000000000000000000000000000000000000
#120
1010110000000000000001000000000000000000000000000000000000000
#121
1110110000000000000001000000000000000000000000000000000000000
#122
1001110000000000000001000000000000000000000000000000000000000
#123
1101110000000000000001000000000000000000000000000000000000000
#124
1001111000000000000001000000000000000000000000000000000000000
#125
1000001000000000000001000000000000000000000000000000000000000
#126
1100001000000000000001000000000000000000000000000000000000000
#127
1010001000000000000001000000000000000000000000000000000000000
#128
1110001000000000000001000000000000000000000000000000000000000
#129
1011001000000000000001000000000000000000000000000000000000000
#130
1001001000000000000001000000000000000000000000000000000000000
#131
1101001000000000000001000000000000000000000000000000000000000
#132
1111001000000000000001000000000000000000000000000000000000000
#133
1011101000000000000001000000000000000000000000000000000000000
#134
1000101000000000000001000000000000000000000000000000000000000
#135
1100101000000000000001000000000000000000000000000000000000000
#136
1010101000000000000001000000000000000000000000000000000000000
#137
1110101000000000000001000000000000000000000000000000000000000
#138
1111101000000000000001000000000000000000000000000000000000000
#139
1001101000000000000001000000000000000000000000000000000000000
#140
1101101000000000000001000000000000000000000000000000000000000
#141
1011111000000000000001000000000000000000000000000000000000000
#142
1000011000000000000001000000000000000000000000000000000000000
#143
1100011000000000000001000000000000000000000000000000000000000
#144
1010011000000000000001000000000000000000000000000000000000000
#145
1110011000000000000001000000000000000000000000000000000000000
#146
1011011000000000000001000000000000000000000000000000000000000
#147
1001011000000000000001000000000000000000000000000000000000000
#148
1101011000000000000001000000000000000000000000000000000000000
#149
1111011000000000000001000000000000000000000000000000000000000
#150
1111111000000000000001000000000000000000000000000000000000000
#151
1000111000000000000001000000000000000000000000000000000000000
#152
1100111000000000000001000000000000000000000000000000000000000
#153
1010111000000000000001000000000000000000000000000000000000000
#154
1110111000000000000001000000000000000000000000000000000000000
#155
1101111000000000000001000000000000000000000000000000000000000
#156
1000010000000000000000000000000000000000000000100000000000000
#157
1000000000000000000000000000000000000000000000100000000000000
#158
1000110010100010100000000100110111111111111010111111001111001
#159
1000010010100010100000000100110111111111111010111111001111001
#160
1001010010100010100010000100110111111111111010011111001111001
#161
1001110010100010100010000100110111111111111010011111001111001
#162
1000010010101010100000110100110111111111111010111111011111011
#163
1000010010101010100000110100110111111111111010011111011111011
#164
1001010010101010100000110100110111111111111010011111011111011
#165
1000110010101010100000110100110111111111111010011111011111011
#166
1001110010101010100000110100110111111111111010011111011111011
#167
1000111010101010100000110100110111111111111010011111011111011
#168
1000011010101010100000110100110111111111111010011111011111011
#169
1001011010101010100000110100110111111111111010011111011111011
#170
1001111010101010100000110100110111111111111010011111011111011
#171
1000111010101010100000110100110111111111111010111111011111011
#172
1000110010101010100000110100110111111111111010111111011111011
k: 2, #Var: 2294, #Clause: 79428
#1
1010010010000011100000001000101111011111100010100011001011101 1010010010000111100000001000101111011111100010100011001011101
#2
1010010010001011100000111000101111011111100010000011011011111 1010010010001111100000111000101111011111100010000011011011111
#3
0011110010000011100010001000001111011111100010000011001011101 0011110010000111100010001000001111011111100010000011001011101
#4
1010100010000011100000001000101111011111100010100011001011101 1010100010000111100000001000101111011111100010100011001011101
#5
0010001010001011100000111000001111011111100010100011011011111 0010001010001111100000111000001111011111100010100011011011111
#6
0011010010001011100000111000001111011111100010000011011011111 0011010010001111100000111000001111011111100010000011011011111
#7
0010000010001011100000111000001111011111100010000011011011111 0010000010001111100000111000001111011111100010000011011011111
#8
0010001010001011100000111000001111011111100010000011011011111 0010001010001111100000111000001111011111100010000011011011111
#9
0011000010001011100000111000001111011111100010000011011011111 0011000010001111100000111000001111011111100010000011011011111
#10
0011000010000011100010001000001111011111100010000011001011101 0011000010000111100010001000001111011111100010000011001011101
#11
0011100010000011100010001000001111011111100010000011001011101 0011100010000111100010001000001111011111100010000011001011101
#12
0011010010000011100010001000001111011111100010000011001011101 0011010010000111100010001000001111011111100010000011001011101
#13
0010010010000011100000001000001111011111100010100011001011101 0010010010000111100000001000001111011111100010100011001011101
#14
0010000010000011100000001000001111011111100010100011001011101 0010000010000111100000001000001111011111100010100011001011101
#15
0010100010000011100000001000001111011111100010100011001011101 0010100010000111100000001000001111011111100010100011001011101
#16
0010110010000011100000001000001111011111100010100011001011101 0010110010000111100000001000001111011111100010100011001011101
#17
0010010010001011100000111000001111011111100010100011011011111 0010010010001111100000111000001111011111100010100011011011111
#18
0010100010001011100000111000001111011111100010000011011011111 0010100010001111100000111000001111011111100010000011011011111
#19
0011100010001011100000111000001111011111100010000011011011111 0011100010001111100000111000001111011111100010000011011011111
#20
0010110010001011100000111000001111011111100010000011011011111 0010110010001111100000111000001111011111100010000011011011111
#21
0010010010001011100000111000001111011111100010000011011011111 0010010010001111100000111000001111011111100010000011011011111
#22
0011110010001011100000111000001111011111100010000011011011111 0011110010001111100000111000001111011111100010000011011011111
#23
0010111010001011100000111000001111011111100010000011011011111 0010111010001111100000111000001111011111100010000011011011111
#24
0011001010001011100000111000001111011111100010000011011011111 0011001010001111100000111000001111011111100010000011011011111
#25
0010101010001011100000111000001111011111100010000011011011111 0010101010001111100000111000001111011111100010000011011011111
#26
0011101010001011100000111000001111011111100010000011011011111 0011101010001111100000111000001111011111100010000011011011111
#27
0011111010001011100000111000001111011111100010000011011011111 0011111010001111100000111000001111011111100010000011011011111
#28
0010011010001011100000111000001111011111100010000011011011111 0010011010001111100000111000001111011111100010000011011011111
#29
0011011010001011100000111000001111011111100010000011011011111 0011011010001111100000111000001111011111100010000011011011111
#30
0010111010001011100000111000001111011111100010100011011011111 0010111010001111100000111000001111011111100010100011011011111
#31
0010000010001011100000111000001111011111100010100011011011111 0010000010001111100000111000001111011111100010100011011011111
#32
0010100010001011100000111000001111011111100010100011011011111 0010100010001111100000111000001111011111100010100011011011111
#33
0010110010001011100000111000001111011111100010100011011011111 0010110010001111100000111000001111011111100010100011011011111
#34
0010011010001011100000111000001111011111100010100011011011111 0010011010001111100000111000001111011111100010100011011011111
#35
0010101010001011100000111000001111011111100010100011011011111 0010101010001111100000111000001111011111100010100011011011111
#36
1010011010001011100000111000101111011111100010100011011011111 1010011010001111100000111000101111011111100010100011011011111
#37
1010000010000011100000001000101111011111100010100011001011101 1010000010000111100000001000101111011111100010100011001011101
#38
1010110010000011100000001000101111011111100010100011001011101 1010110010000111100000001000101111011111100010100011001011101
#39
1010010010001011100000111000101111011111100010100011011011111 1010010010001111100000111000101111011111100010100011011011111
#40
1010000010001011100000111000101111011111100010000011011011111 1010000010001111100000111000101111011111100010000011011011111
#41
1011000010001011100000111000101111011111100010000011011011111 1011000010001111100000111000101111011111100010000011011011111
#42
1010100010001011100000111000101111011111100010000011011011111 1010100010001111100000111000101111011111100010000011011011111
#43
1011100010001011100000111000101111011111100010000011011011111 1011100010001111100000111000101111011111100010000011011011111
#44
1010110010001011100000111000101111011111100010000011011011111 1010110010001111100000111000101111011111100010000011011011111
#45
1011010010001011100000111000101111011111100010000011011011111 1011010010001111100000111000101111011111100010000011011011111
#46
1011110010001011100000111000101111011111100010000011011011111 1011110010001111100000111000101111011111100010000011011011111
#47
1010111010001011100000111000101111011111100010000011011011111 1010111010001111100000111000101111011111100010000011011011111
#48
1010001010001011100000111000101111011111100010000011011011111 1010001010001111100000111000101111011111100010000011011011111
#49
1011001010001011100000111000101111011111100010000011011011111 1011001010001111100000111000101111011111100010000011011011111
#50
1010101010001011100000111000101111011111100010000011011011111 1010101010001111100000111000101111011111100010000011011011111
#51
1011101010001011100000111000101111011111100010000011011011111 1011101010001111100000111000101111011111100010000011011011111
#52
1011111010001011100000111000101111011111100010000011011011111 1011111010001111100000111000101111011111100010000011011011111
#53
1010011010001011100000111000101111011111100010000011011011111 1010011010001111100000111000101111011111100010000011011011111
#54
1011011010001011100000111000101111011111100010000011011011111 1011011010001111100000111000101111011111100010000011011011111
#55
1010111010001011100000111000101111011111100010100011011011111 1010111010001111100000111000101111011111100010100011011011111
#56
1010000010001011100000111000101111011111100010100011011011111 1010000010001111100000111000101111011111100010100011011011111
#57
1010100010001011100000111000101111011111100010100011011011111 1010100010001111100000111000101111011111100010100011011011111
#58
1010110010001011100000111000101111011111100010100011011011111 1010110010001111100000111000101111011111100010100011011011111
#59
1010001010001011100000111000101111011111100010100011011011111 1010001010001111100000111000101111011111100010100011011011111
#60
1010101010001011100000111000101111011111100010100011011011111 1010101010001111100000111000101111011111100010100011011011111
k: 3, #Var: 4241, #Clause: 228410
UNSAT
k: 4, #Var: 6837, #Clause: 450546
#1
1101010010100010100010000100110111111111111010011111001111001 1101010010100010100010000100110111111111111110011111001111001 1101010010100010100110000100110111111111111010011111001111001 1101010010100010100110000100110111111111111110011111001111001
#2
1101010010101010100000110100110111111111111010011111011111011 1101010010101010100000110100110111111111111110011111011111011 1101010010101010100100110100110111111111111010011111011111011 1101010010101010100100110100110111111111111110011111011111011
#3
1101110010100010100010000100110111111111111010011111001111001 1101110010100010100010000100110111111111111110011111001111001 1101110010100010100110000100110111111111111010011111001111001 1101110010100010100110000100110111111111111110011111001111001
#4
0101110010101010100000110100010111111111111010011111011111011 0101110010101010100000110100010111111111111110011111011111011 0101110010101010100100110100010111111111111010011111011111011 0101110010101010100100110100010111111111111110011111011111011
#5
1101110010101010100000110100110111111111111010011111011111011 1101110010101010100000110100110111111111111110011111011111011 1101110010101010100100110100110111111111111010011111011111011 1101110010101010100100110100110111111111111110011111011111011
#6
0101111010101010100000110100010111111111111010011111011111011 0101111010101010100000110100010111111111111110011111011111011 0101111010101010100100110100010111111111111010011111011111011 0101111010101010100100110100010111111111111110011111011111011
#7
0101010010101010100000110100010111111111111010011111011111011 0101010010101010100000110100010111111111111110011111011111011 0101010010101010100100110100010111111111111010011111011111011 0101010010101010100100110100010111111111111110011111011111011
#8
1100110010101010100000110100110111111111111010111111011111011 1100110010101010100000110100110111111111111110111111011111011 1100110010101010100100110100110111111111111010111111011111011 1100110010101010100100110100110111111111111110111111011111011
#9
0100110010101010100000110100010111111111111010111111011111011 0100110010101010100000110100010111111111111110111111011111011 0100110010101010100100110100010111111111111010111111011111011 0100110010101010100100110100010111111111111110111111011111011
#10
0101110010100010100010000100010111111111111010011111001111001 0101110010100010100010000100010111111111111110011111001111001 0101110010100010100110000100010111111111111010011111001111001 0101110010100010100110000100010111111111111110011111001111001
#11
0100010010100010100000000100010111111111111010111111001111001 0100010010100010100000000100010111111111111110111111001111001 0100010010100010100100000100010111111111111010111111001111001 0100010010100010100100000100010111111111111110111111001111001
#12
0100010010101010100000110100010111111111111010111111011111011 0100010010101010100000110100010111111111111110111111011111011 0100010010101010100100110100010111111111111010111111011111011 0100010010101010100100110100010111111111111110111111011111011
#13
0100111010101010100000110100010111111111111010111111011111011 0100111010101010100000110100010111111111111110111111011111011 0100111010101010100100110100010111111111111010111111011111011 0100111010101010100100110100010111111111111110111111011111011
#14
0100011010101010100000110100010111111111111010111111011111011 0100011010101010100000110100010111111111111110111111011111011 0100011010101010100100110100010111111111111010111111011111011 0100011010101010100100110100010111111111111110111111011111011
#15
0100011010101010100000110100010111111111111010011111011111011 0100011010101010100000110100010111111111111110011111011111011 0100011010101010100100110100010111111111111010011111011111011 0100011010101010100100110100010111111111111110011111011111011
#16
0100010010101010100000110100010111111111111010011111011111011 0100010010101010100000110100010111111111111110011111011111011 0100010010101010100100110100010111111111111010011111011111011 0100010010101010100100110100010111111111111110011111011111011
#17
0101011010101010100000110100010111111111111010011111011111011 0101011010101010100000110100010111111111111110011111011111011 0101011010101010100100110100010111111111111010011111011111011 0101011010101010100100110100010111111111111110011111011111011
#18
0100110010100010100000000100010111111111111010111111001111001 0100110010100010100000000100010111111111111110111111001111001 0100110010100010100100000100010111111111111010111111001111001 0100110010100010100100000100010111111111111110111111001111001
#19
0101010010100010100010000100010111111111111010011111001111001 0101010010100010100010000100010111111111111110011111001111001 0101010010100010100110000100010111111111111010011111001111001 0101010010100010100110000100010111111111111110011111001111001
#20
0100110010101010100000110100010111111111111010011111011111011 0100110010101010100000110100010111111111111110011111011111011 0100110010101010100100110100010111111111111010011111011111011 0100110010101010100100110100010111111111111110011111011111011
#21
0100111010101010100000110100010111111111111010011111011111011 0100111010101010100000110100010111111111111110011111011111011 0100111010101010100100110100010111111111111010011111011111011 0100111010101010100100110100010111111111111110011111011111011
#22
1100010010101010100000110100110111111111111010011111011111011 1100010010101010100000110100110111111111111110011111011111011 1100010010101010100100110100110111111111111010011111011111011 1100010010101010100100110100110111111111111110011111011111011
#23
1100010010100010100000000100110111111111111010111111001111001 1100010010100010100000000100110111111111111110111111001111001 1100010010100010100100000100110111111111111010111111001111001 1100010010100010100100000100110111111111111110111111001111001
#24
1100110010100010100000000100110111111111111010111111001111001 1100110010100010100000000100110111111111111110111111001111001 1100110010100010100100000100110111111111111010111111001111001 1100110010100010100100000100110111111111111110111111001111001
#25
1100010010101010100000110100110111111111111010111111011111011 1100010010101010100000110100110111111111111110111111011111011 1100010010101010100100110100110111111111111010111111011111011 1100010010101010100100110100110111111111111110111111011111011
#26
1101111010101010100000110100110111111111111010011111011111011 1101111010101010100000110100110111111111111110011111011111011 1101111010101010100100110100110111111111111010011111011111011 1101111010101010100100110100110111111111111110011111011111011
#27
1100110010101010100000110100110111111111111010011111011111011 1100110010101010100000110100110111111111111110011111011111011 1100110010101010100100110100110111111111111010011111011111011 1100110010101010100100110100110111111111111110011111011111011
#28
1100111010101010100000110100110111111111111010011111011111011 1100111010101010100000110100110111111111111110011111011111011 1100111010101010100100110100110111111111111010011111011111011 1100111010101010100100110100110111111111111110011111011111011
#29
1100011010101010100000110100110111111111111010011111011111011 1100011010101010100000110100110111111111111110011111011111011 1100011010101010100100110100110111111111111010011111011111011 1100011010101010100100110100110111111111111110011111011111011
#30
1101011010101010100000110100110111111111111010011111011111011 1101011010101010100000110100110111111111111110011111011111011 1101011010101010100100110100110111111111111010011111011111011 1101011010101010100100110100110111111111111110011111011111011
#31
1100111010101010100000110100110111111111111010111111011111011 1100111010101010100000110100110111111111111110111111011111011 1100111010101010100100110100110111111111111010111111011111011 1100111010101010100100110100110111111111111110111111011111011
#32
1100011010101010100000110100110111111111111010111111011111011 1100011010101010100000110100110111111111111110111111011111011 1100011010101010100100110100110111111111111010111111011111011 1100011010101010100100110100110111111111111110111111011111011
k: 5, #Var: 10082, #Clause: 746296
UNSAT
k: 6, #Var: 13976, #Clause: 1116104
TIMEOUT CPU 2400 MEM 0 MAXMEM 0
#RESULT: UNSAT
#FIN: TO
#CPU: 2400
#MAXMEM: 0
c 96914 killed(2). 96913 killed(2). 96915 killed(2). 96914 killed(9). 96913 killed(9). 96915 killed(9). 
#END: [Thu Apr 20 22:10:26 2023]
