#BEGIN: [Wed Apr 26 05:11:29 2023]
#HOST: mini09.local
#TIMELIMIT: 2400
#MEMLIMIT: 0
#FREQ: 10
#SOLVER: saf230420-16h03m-bddcadical
#CSP: benchmark/boolean-network/pystablemotif-real/2176_T-LGL_Survival_Network_2008.booleannet.an
#K: 1800
#COMMAND: /Users/soh/app/util/wrap.sh java -Xms16g -Xmx16g -jar /Users/soh/app/saf230420-16h03m/saf.jar -k 1800 -k1solver /Users/soh/app/saf230420-16h03m/bdd_minisat_all-1.0.2/bdd_minisat_all_release -libname cadical -libpath /Users/soh/app/saf230420-16h03m/cadical/build/ benchmark/boolean-network/pystablemotif-real/2176_T-LGL_Survival_Network_2008.booleannet.an
Using IPASIR SAT Solver and AllSAT Solver
Libpath: /Users/soh/app/saf230420-16h03m/cadical/build/
Libname: cadical
K1solver: /Users/soh/app/saf230420-16h03m/bdd_minisat_all-1.0.2/bdd_minisat_all_release

IFN,Stimuli,CD45,Stimuli2,TAX,IL15,PDGF,TRADD,IAP,Fas,FYN,SOCS,SPHK1,IL2RA,RAS,IL2RAT,FLIP,Proliferation,Ceramide,TCR,IFNG,Apoptosis,S1P,GPCR,IL2,STAT3,BID,GAP,CREB,IL2RBT,ZAP70,NFAT,FasT,ERK,Cytoskeleton_signaling,MEK,TPL2,LCK,FasL,NFKB,RANTES,P27,GZMB,CTLA4,A20,Caspase,P2,JAK,IL2RB,TBET,GRB2,TNF,DISC,SMAD,PLCG1,MCL1,IFNGT,PI3K,BclxL,PDGFR,sFas
0000000000000000000000000000000000000000000000000000000000000
0000000000000000000000000000000000000000000000100000000000000
0000000000000000000001000000000000000000000000000000000000000
0000001000000000000001000000000000000000000000000000000000000
0000010000000000000000000000000000000000000000000000000000000
0000010000000000000000000000000000000000000000100000000000000
0000010000000000000001000000000000000000000000000000000000000
0000010010100010100000000100010111111111111010111111001111001
0000010010101010100000110100010111111111111010011111011111011
0000010010101010100000110100010111111111111010111111011111011
0000011000000000000001000000000000000000000000000000000000000
0000011010101010100000110100010111111111111010011111011111011
0000011010101010100000110100010111111111111010111111011111011
0000100000000000000001000000000000000000000000000000000000000
0000101000000000000001000000000000000000000000000000000000000
0000110000000000000001000000000000000000000000000000000000000
0000110010100010100000000100010111111111111010111111001111001
0000110010101010100000110100010111111111111010011111011111011
0000110010101010100000110100010111111111111010111111011111011
0000111000000000000001000000000000000000000000000000000000000
0000111010101010100000110100010111111111111010011111011111011
0000111010101010100000110100010111111111111010111111011111011
0001000000000000000000000000000000000000000000000000000000000
0001000000000000000001000000000000000000000000000000000000000
0001001000000000000001000000000000000000000000000000000000000
0001010000000000000000000000000000000000000000000000000000000
0001010000000000000001000000000000000000000000000000000000000
0001010010100010100010000100010111111111111010011111001111001
0001010010101010100000110100010111111111111010011111011111011
0001011000000000000001000000000000000000000000000000000000000
0001011010101010100000110100010111111111111010011111011111011
0001100000000000000001000000000000000000000000000000000000000
0001101000000000000001000000000000000000000000000000000000000
0001110000000000000001000000000000000000000000000000000000000
0001110010100010100010000100010111111111111010011111001111001
0001110010101010100000110100010111111111111010011111011111011
0001111000000000000001000000000000000000000000000000000000000
0001111010101010100000110100010111111111111010011111011111011
0010000000000000000001000000000000000000000000000000000000000
0010001000000000000001000000000000000000000000000000000000000
0010010000000000000001000000000000000000000000000000000000000
0010011000000000000001000000000000000000000000000000000000000
0010100000000000000001000000000000000000000000000000000000000
0010101000000000000001000000000000000000000000000000000000000
0010110000000000000001000000000000000000000000000000000000000
0010111000000000000001000000000000000000000000000000000000000
0011000000000000000001000000000000000000000000000000000000000
0011001000000000000001000000000000000000000000000000000000000
0011010000000000000001000000000000000000000000000000000000000
0011011000000000000001000000000000000000000000000000000000000
0011100000000000000001000000000000000000000000000000000000000
0011101000000000000001000000000000000000000000000000000000000
0011110000000000000001000000000000000000000000000000000000000
0011111000000000000001000000000000000000000000000000000000000
0100000000000000000001000000000000000000000000000000000000000
0100001000000000000001000000000000000000000000000000000000000
0100010000000000000001000000000000000000000000000000000000000
0100011000000000000001000000000000000000000000000000000000000
0100100000000000000001000000000000000000000000000000000000000
0100101000000000000001000000000000000000000000000000000000000
0100110000000000000001000000000000000000000000000000000000000
0100111000000000000001000000000000000000000000000000000000000
0101000000000000000001000000000000000000000000000000000000000
0101001000000000000001000000000000000000000000000000000000000
0101010000000000000001000000000000000000000000000000000000000
0101011000000000000001000000000000000000000000000000000000000
0101100000000000000001000000000000000000000000000000000000000
0101101000000000000001000000000000000000000000000000000000000
0101110000000000000001000000000000000000000000000000000000000
0101111000000000000001000000000000000000000000000000000000000
0110000000000000000001000000000000000000000000000000000000000
0110001000000000000001000000000000000000000000000000000000000
0110010000000000000001000000000000000000000000000000000000000
0110011000000000000001000000000000000000000000000000000000000
0110100000000000000001000000000000000000000000000000000000000
0110101000000000000001000000000000000000000000000000000000000
0110110000000000000001000000000000000000000000000000000000000
0110111000000000000001000000000000000000000000000000000000000
0111000000000000000001000000000000000000000000000000000000000
0111001000000000000001000000000000000000000000000000000000000
0111010000000000000001000000000000000000000000000000000000000
0111011000000000000001000000000000000000000000000000000000000
0111100000000000000001000000000000000000000000000000000000000
0111101000000000000001000000000000000000000000000000000000000
0111110000000000000001000000000000000000000000000000000000000
0111111000000000000001000000000000000000000000000000000000000
1000000000000000000000000000000000000000000000000000000000000
1000000000000000000000000000000000000000000000100000000000000
1000000000000000000001000000000000000000000000000000000000000
1000001000000000000001000000000000000000000000000000000000000
1000010000000000000000000000000000000000000000000000000000000
1000010000000000000000000000000000000000000000100000000000000
1000010000000000000001000000000000000000000000000000000000000
1000010010100010100000000100110111111111111010111111001111001
1000010010101010100000110100110111111111111010011111011111011
1000010010101010100000110100110111111111111010111111011111011
1000011000000000000001000000000000000000000000000000000000000
1000011010101010100000110100110111111111111010011111011111011
1000011010101010100000110100110111111111111010111111011111011
1000100000000000000001000000000000000000000000000000000000000
1000101000000000000001000000000000000000000000000000000000000
1000110000000000000001000000000000000000000000000000000000000
1000110010100010100000000100110111111111111010111111001111001
1000110010101010100000110100110111111111111010011111011111011
1000110010101010100000110100110111111111111010111111011111011
1000111000000000000001000000000000000000000000000000000000000
1000111010101010100000110100110111111111111010011111011111011
1000111010101010100000110100110111111111111010111111011111011
1001000000000000000000000000000000000000000000000000000000000
1001000000000000000001000000000000000000000000000000000000000
1001001000000000000001000000000000000000000000000000000000000
1001010000000000000000000000000000000000000000000000000000000
1001010000000000000001000000000000000000000000000000000000000
1001010010100010100010000100110111111111111010011111001111001
1001010010101010100000110100110111111111111010011111011111011
1001011000000000000001000000000000000000000000000000000000000
1001011010101010100000110100110111111111111010011111011111011
1001100000000000000001000000000000000000000000000000000000000
1001101000000000000001000000000000000000000000000000000000000
1001110000000000000001000000000000000000000000000000000000000
1001110010100010100010000100110111111111111010011111001111001
1001110010101010100000110100110111111111111010011111011111011
1001111000000000000001000000000000000000000000000000000000000
1001111010101010100000110100110111111111111010011111011111011
1010000000000000000001000000000000000000000000000000000000000
1010001000000000000001000000000000000000000000000000000000000
1010010000000000000001000000000000000000000000000000000000000
1010011000000000000001000000000000000000000000000000000000000
1010100000000000000001000000000000000000000000000000000000000
1010101000000000000001000000000000000000000000000000000000000
1010110000000000000001000000000000000000000000000000000000000
1010111000000000000001000000000000000000000000000000000000000
1011000000000000000001000000000000000000000000000000000000000
1011001000000000000001000000000000000000000000000000000000000
1011010000000000000001000000000000000000000000000000000000000
1011011000000000000001000000000000000000000000000000000000000
1011100000000000000001000000000000000000000000000000000000000
1011101000000000000001000000000000000000000000000000000000000
1011110000000000000001000000000000000000000000000000000000000
1011111000000000000001000000000000000000000000000000000000000
1100000000000000000001000000000000000000000000000000000000000
1100001000000000000001000000000000000000000000000000000000000
1100010000000000000001000000000000000000000000000000000000000
1100011000000000000001000000000000000000000000000000000000000
1100100000000000000001000000000000000000000000000000000000000
1100101000000000000001000000000000000000000000000000000000000
1100110000000000000001000000000000000000000000000000000000000
1100111000000000000001000000000000000000000000000000000000000
1101000000000000000001000000000000000000000000000000000000000
1101001000000000000001000000000000000000000000000000000000000
1101010000000000000001000000000000000000000000000000000000000
1101011000000000000001000000000000000000000000000000000000000
1101100000000000000001000000000000000000000000000000000000000
1101101000000000000001000000000000000000000000000000000000000
1101110000000000000001000000000000000000000000000000000000000
1101111000000000000001000000000000000000000000000000000000000
1110000000000000000001000000000000000000000000000000000000000
1110001000000000000001000000000000000000000000000000000000000
1110010000000000000001000000000000000000000000000000000000000
1110011000000000000001000000000000000000000000000000000000000
1110100000000000000001000000000000000000000000000000000000000
1110101000000000000001000000000000000000000000000000000000000
1110110000000000000001000000000000000000000000000000000000000
1110111000000000000001000000000000000000000000000000000000000
1111000000000000000001000000000000000000000000000000000000000
1111001000000000000001000000000000000000000000000000000000000
1111010000000000000001000000000000000000000000000000000000000
1111011000000000000001000000000000000000000000000000000000000
1111100000000000000001000000000000000000000000000000000000000
1111101000000000000001000000000000000000000000000000000000000
1111110000000000000001000000000000000000000000000000000000000
1111111000000000000001000000000000000000000000000000000000000
k: 2, #Var: 2294, #Clause: 79428
#1
0010001010001011100000111000001111011111100010100011011011111 0010001010001111100000111000001111011111100010100011011011111
#2
0010101010001011100000111000001111011111100010100011011011111 0010101010001111100000111000001111011111100010100011011011111
#3
0010100010001011100000111000001111011111100010100011011011111 0010100010001111100000111000001111011111100010100011011011111
#4
0010000010001011100000111000001111011111100010100011011011111 0010000010001111100000111000001111011111100010100011011011111
#5
1010000010001011100000111000101111011111100010100011011011111 1010000010001111100000111000101111011111100010100011011011111
#6
1010100010001011100000111000101111011111100010100011011011111 1010100010001111100000111000101111011111100010100011011011111
#7
1010101010001011100000111000101111011111100010100011011011111 1010101010001111100000111000101111011111100010100011011011111
#8
1010001010001011100000111000101111011111100010100011011011111 1010001010001111100000111000101111011111100010100011011011111
#9
1010000010000011100000001000101111011111100010100011001011101 1010000010000111100000001000101111011111100010100011001011101
#10
1010100010000011100000001000101111011111100010100011001011101 1010100010000111100000001000101111011111100010100011001011101
#11
0010100010000011100000001000001111011111100010100011001011101 0010100010000111100000001000001111011111100010100011001011101
#12
0010000010000011100000001000001111011111100010100011001011101 0010000010000111100000001000001111011111100010100011001011101
#13
0010000010001011100000111000001111011111100010000011011011111 0010000010001111100000111000001111011111100010000011011011111
#14
0010100010001011100000111000001111011111100010000011011011111 0010100010001111100000111000001111011111100010000011011011111
#15
0011100010001011100000111000001111011111100010000011011011111 0011100010001111100000111000001111011111100010000011011011111
#16
0011000010001011100000111000001111011111100010000011011011111 0011000010001111100000111000001111011111100010000011011011111
#17
0011001010001011100000111000001111011111100010000011011011111 0011001010001111100000111000001111011111100010000011011011111
#18
0011101010001011100000111000001111011111100010000011011011111 0011101010001111100000111000001111011111100010000011011011111
#19
0010101010001011100000111000001111011111100010000011011011111 0010101010001111100000111000001111011111100010000011011011111
#20
0010001010001011100000111000001111011111100010000011011011111 0010001010001111100000111000001111011111100010000011011011111
#21
1010001010001011100000111000101111011111100010000011011011111 1010001010001111100000111000101111011111100010000011011011111
#22
1010101010001011100000111000101111011111100010000011011011111 1010101010001111100000111000101111011111100010000011011011111
#23
1011101010001011100000111000101111011111100010000011011011111 1011101010001111100000111000101111011111100010000011011011111
#24
1011001010001011100000111000101111011111100010000011011011111 1011001010001111100000111000101111011111100010000011011011111
#25
1011000010001011100000111000101111011111100010000011011011111 1011000010001111100000111000101111011111100010000011011011111
#26
1011100010001011100000111000101111011111100010000011011011111 1011100010001111100000111000101111011111100010000011011011111
#27
1010100010001011100000111000101111011111100010000011011011111 1010100010001111100000111000101111011111100010000011011011111
#28
1010000010001011100000111000101111011111100010000011011011111 1010000010001111100000111000101111011111100010000011011011111
#29
0011000010000011100010001000001111011111100010000011001011101 0011000010000111100010001000001111011111100010000011001011101
#30
0011100010000011100010001000001111011111100010000011001011101 0011100010000111100010001000001111011111100010000011001011101
#31
0010110010000011100000001000001111011111100010100011001011101 0010110010000111100000001000001111011111100010100011001011101
#32
1010110010000011100000001000101111011111100010100011001011101 1010110010000111100000001000101111011111100010100011001011101
#33
0011110010000011100010001000001111011111100010000011001011101 0011110010000111100010001000001111011111100010000011001011101
#34
0011110010001011100000111000001111011111100010000011011011111 0011110010001111100000111000001111011111100010000011011011111
#35
0010110010001011100000111000001111011111100010000011011011111 0010110010001111100000111000001111011111100010000011011011111
#36
0011111010001011100000111000001111011111100010000011011011111 0011111010001111100000111000001111011111100010000011011011111
#37
0010111010001011100000111000001111011111100010000011011011111 0010111010001111100000111000001111011111100010000011011011111
#38
1010111010001011100000111000101111011111100010000011011011111 1010111010001111100000111000101111011111100010000011011011111
#39
1011111010001011100000111000101111011111100010000011011011111 1011111010001111100000111000101111011111100010000011011011111
#40
1011110010001011100000111000101111011111100010000011011011111 1011110010001111100000111000101111011111100010000011011011111
#41
1010110010001011100000111000101111011111100010000011011011111 1010110010001111100000111000101111011111100010000011011011111
#42
1010110010001011100000111000101111011111100010100011011011111 1010110010001111100000111000101111011111100010100011011011111
#43
1010111010001011100000111000101111011111100010100011011011111 1010111010001111100000111000101111011111100010100011011011111
#44
0010111010001011100000111000001111011111100010100011011011111 0010111010001111100000111000001111011111100010100011011011111
#45
0010110010001011100000111000001111011111100010100011011011111 0010110010001111100000111000001111011111100010100011011011111
#46
0010010010001011100000111000001111011111100010100011011011111 0010010010001111100000111000001111011111100010100011011011111
#47
0010011010001011100000111000001111011111100010100011011011111 0010011010001111100000111000001111011111100010100011011011111
#48
1010010010001011100000111000101111011111100010100011011011111 1010010010001111100000111000101111011111100010100011011011111
#49
1010011010001011100000111000101111011111100010100011011011111 1010011010001111100000111000101111011111100010100011011011111
#50
1010011010001011100000111000101111011111100010000011011011111 1010011010001111100000111000101111011111100010000011011011111
#51
1011011010001011100000111000101111011111100010000011011011111 1011011010001111100000111000101111011111100010000011011011111
#52
1011010010001011100000111000101111011111100010000011011011111 1011010010001111100000111000101111011111100010000011011011111
#53
1010010010001011100000111000101111011111100010000011011011111 1010010010001111100000111000101111011111100010000011011011111
#54
0011010010001011100000111000001111011111100010000011011011111 0011010010001111100000111000001111011111100010000011011011111
#55
0010010010001011100000111000001111011111100010000011011011111 0010010010001111100000111000001111011111100010000011011011111
#56
0011011010001011100000111000001111011111100010000011011011111 0011011010001111100000111000001111011111100010000011011011111
#57
0010011010001011100000111000001111011111100010000011011011111 0010011010001111100000111000001111011111100010000011011011111
#58
0010010010000011100000001000001111011111100010100011001011101 0010010010000111100000001000001111011111100010100011001011101
#59
1010010010000011100000001000101111011111100010100011001011101 1010010010000111100000001000101111011111100010100011001011101
#60
0011010010000011100010001000001111011111100010000011001011101 0011010010000111100010001000001111011111100010000011001011101
k: 3, #Var: 4241, #Clause: 228410
UNSAT
k: 4, #Var: 6837, #Clause: 450546
#1
1101110010101010100000110100110111111111111010011111011111011 1101110010101010100000110100110111111111111110011111011111011 1101110010101010100100110100110111111111111010011111011111011 1101110010101010100100110100110111111111111110011111011111011
#2
1101010010101010100000110100110111111111111010011111011111011 1101010010101010100000110100110111111111111110011111011111011 1101010010101010100100110100110111111111111010011111011111011 1101010010101010100100110100110111111111111110011111011111011
#3
1101011010101010100000110100110111111111111010011111011111011 1101011010101010100000110100110111111111111110011111011111011 1101011010101010100100110100110111111111111010011111011111011 1101011010101010100100110100110111111111111110011111011111011
#4
1101111010101010100000110100110111111111111010011111011111011 1101111010101010100000110100110111111111111110011111011111011 1101111010101010100100110100110111111111111010011111011111011 1101111010101010100100110100110111111111111110011111011111011
#5
1100111010101010100000110100110111111111111010011111011111011 1100111010101010100000110100110111111111111110011111011111011 1100111010101010100100110100110111111111111010011111011111011 1100111010101010100100110100110111111111111110011111011111011
#6
1100011010101010100000110100110111111111111010011111011111011 1100011010101010100000110100110111111111111110011111011111011 1100011010101010100100110100110111111111111010011111011111011 1100011010101010100100110100110111111111111110011111011111011
#7
1100010010101010100000110100110111111111111010011111011111011 1100010010101010100000110100110111111111111110011111011111011 1100010010101010100100110100110111111111111010011111011111011 1100010010101010100100110100110111111111111110011111011111011
#8
1100110010101010100000110100110111111111111010011111011111011 1100110010101010100000110100110111111111111110011111011111011 1100110010101010100100110100110111111111111010011111011111011 1100110010101010100100110100110111111111111110011111011111011
#9
0101110010100010100010000100010111111111111010011111001111001 0101110010100010100010000100010111111111111110011111001111001 0101110010100010100110000100010111111111111010011111001111001 0101110010100010100110000100010111111111111110011111001111001
#10
0101010010100010100010000100010111111111111010011111001111001 0101010010100010100010000100010111111111111110011111001111001 0101010010100010100110000100010111111111111010011111001111001 0101010010100010100110000100010111111111111110011111001111001
#11
1101110010100010100010000100110111111111111010011111001111001 1101110010100010100010000100110111111111111110011111001111001 1101110010100010100110000100110111111111111010011111001111001 1101110010100010100110000100110111111111111110011111001111001
#12
1101010010100010100010000100110111111111111010011111001111001 1101010010100010100010000100110111111111111110011111001111001 1101010010100010100110000100110111111111111010011111001111001 1101010010100010100110000100110111111111111110011111001111001
#13
0101111010101010100000110100010111111111111010011111011111011 0101111010101010100000110100010111111111111110011111011111011 0101111010101010100100110100010111111111111010011111011111011 0101111010101010100100110100010111111111111110011111011111011
#14
0101011010101010100000110100010111111111111010011111011111011 0101011010101010100000110100010111111111111110011111011111011 0101011010101010100100110100010111111111111010011111011111011 0101011010101010100100110100010111111111111110011111011111011
#15
0101010010101010100000110100010111111111111010011111011111011 0101010010101010100000110100010111111111111110011111011111011 0101010010101010100100110100010111111111111010011111011111011 0101010010101010100100110100010111111111111110011111011111011
#16
0101110010101010100000110100010111111111111010011111011111011 0101110010101010100000110100010111111111111110011111011111011 0101110010101010100100110100010111111111111010011111011111011 0101110010101010100100110100010111111111111110011111011111011
#17
0100110010101010100000110100010111111111111010011111011111011 0100110010101010100000110100010111111111111110011111011111011 0100110010101010100100110100010111111111111010011111011111011 0100110010101010100100110100010111111111111110011111011111011
#18
0100010010101010100000110100010111111111111010011111011111011 0100010010101010100000110100010111111111111110011111011111011 0100010010101010100100110100010111111111111010011111011111011 0100010010101010100100110100010111111111111110011111011111011
#19
0100011010101010100000110100010111111111111010011111011111011 0100011010101010100000110100010111111111111110011111011111011 0100011010101010100100110100010111111111111010011111011111011 0100011010101010100100110100010111111111111110011111011111011
#20
0100111010101010100000110100010111111111111010011111011111011 0100111010101010100000110100010111111111111110011111011111011 0100111010101010100100110100010111111111111010011111011111011 0100111010101010100100110100010111111111111110011111011111011
#21
1100111010101010100000110100110111111111111010111111011111011 1100111010101010100000110100110111111111111110111111011111011 1100111010101010100100110100110111111111111010111111011111011 1100111010101010100100110100110111111111111110111111011111011
#22
1100011010101010100000110100110111111111111010111111011111011 1100011010101010100000110100110111111111111110111111011111011 1100011010101010100100110100110111111111111010111111011111011 1100011010101010100100110100110111111111111110111111011111011
#23
1100010010101010100000110100110111111111111010111111011111011 1100010010101010100000110100110111111111111110111111011111011 1100010010101010100100110100110111111111111010111111011111011 1100010010101010100100110100110111111111111110111111011111011
#24
1100110010101010100000110100110111111111111010111111011111011 1100110010101010100000110100110111111111111110111111011111011 1100110010101010100100110100110111111111111010111111011111011 1100110010101010100100110100110111111111111110111111011111011
#25
0100010010101010100000110100010111111111111010111111011111011 0100010010101010100000110100010111111111111110111111011111011 0100010010101010100100110100010111111111111010111111011111011 0100010010101010100100110100010111111111111110111111011111011
#26
0100110010101010100000110100010111111111111010111111011111011 0100110010101010100000110100010111111111111110111111011111011 0100110010101010100100110100010111111111111010111111011111011 0100110010101010100100110100010111111111111110111111011111011
#27
0100011010101010100000110100010111111111111010111111011111011 0100011010101010100000110100010111111111111110111111011111011 0100011010101010100100110100010111111111111010111111011111011 0100011010101010100100110100010111111111111110111111011111011
#28
0100111010101010100000110100010111111111111010111111011111011 0100111010101010100000110100010111111111111110111111011111011 0100111010101010100100110100010111111111111010111111011111011 0100111010101010100100110100010111111111111110111111011111011
#29
0100110010100010100000000100010111111111111010111111001111001 0100110010100010100000000100010111111111111110111111001111001 0100110010100010100100000100010111111111111010111111001111001 0100110010100010100100000100010111111111111110111111001111001
#30
0100010010100010100000000100010111111111111010111111001111001 0100010010100010100000000100010111111111111110111111001111001 0100010010100010100100000100010111111111111010111111001111001 0100010010100010100100000100010111111111111110111111001111001
#31
1100110010100010100000000100110111111111111010111111001111001 1100110010100010100000000100110111111111111110111111001111001 1100110010100010100100000100110111111111111010111111001111001 1100110010100010100100000100110111111111111110111111001111001
#32
1100010010100010100000000100110111111111111010111111001111001 1100010010100010100000000100110111111111111110111111001111001 1100010010100010100100000100110111111111111010111111001111001 1100010010100010100100000100110111111111111110111111001111001
k: 5, #Var: 10082, #Clause: 746296
UNSAT
k: 6, #Var: 13976, #Clause: 1116104
UNSAT
k: 7, #Var: 18519, #Clause: 1561394
UNSAT
k: 8, #Var: 23711, #Clause: 2085158
TIMEOUT CPU 2400 MEM 0 MAXMEM 0
#RESULT: UNSAT
#FIN: TO
#CPU: 2400
#MAXMEM: 0
c 68104 killed(2). 68102 killed(2). 68103 killed(2). 68104 killed(9). 68102 killed(9). 68103 killed(9). 
#END: [Wed Apr 26 05:51:29 2023]
