#BEGIN: [Fri Apr  7 14:50:29 2023]
#HOST: mini14.local
#TIMELIMIT: 2400
#MEMLIMIT: 0
#FREQ: 10
#SOLVER: cabean201
#CSP: benchmark/boolean-network/pystablemotif-real/2691_T-Cell_Signaling_2006.booleannet.bnet
#K: 1800
#COMMAND: /Users/soh/app/CABEAN-release-2.0.1/BinaryFile/MacOS/cabean benchmark/boolean-network/pystablemotif-real/2691_T-Cell_Signaling_2006.booleannet.bnet
***************************************************************************
                       CABEAN 2.0.0 
 Please check http://satoss.uni.lu/software/CABEAN/ for the latest release.
 Please send any feedback to <cui.su@uni.lu>
***************************************************************************

Command line: /Users/soh/app/CABEAN-release-2.0.1/BinaryFile/MacOS/cabean benchmark/boolean-network/pystablemotif-real/2691_T-Cell_Signaling_2006.booleannet.bnet
Convert the model format: benchmark/boolean-network/pystablemotif-real/2691_T-Cell_Signaling_2006.booleannet.bnet -> benchmark/boolean-network/pystablemotif-real/2691_T-Cell_Signaling_2006booleannet.ispl
Command terminated by signal 11
	Command being timed: "/Users/soh/app/CABEAN-release-2.0.1/BinaryFile/MacOS/cabean benchmark/boolean-network/pystablemotif-real/2691_T-Cell_Signaling_2006.booleannet.bnet"
	User time (seconds): 1.42
	System time (seconds): 0.01
	Percent of CPU this job got: 99%
	Elapsed (wall clock) time (h:mm:ss or m:ss): 0:01.44
	Average shared text size (kbytes): 0
	Average unshared data size (kbytes): 0
	Average stack size (kbytes): 0
	Average total size (kbytes): 0
	Maximum resident set size (kbytes): 115589120
	Average resident set size (kbytes): 0
	Major (requiring I/O) page faults: 0
	Minor (reclaiming a frame) page faults: 7174
	Voluntary context switches: 31
	Involuntary context switches: 132
	Swaps: 0
	File system inputs: 0
	File system outputs: 0
	Socket messages sent: 63
	Socket messages received: 0
	Signals delivered: 0
	Page size (bytes): 4096
	Exit status: 0
FINISHED CPU 1.43 MEM 0 MAXMEM 0 STALE 1
#RESULT: UNK
#FIN: FIN
#CPU: 1.43
#MAXMEM: 0
c 
#END: [Fri Apr  7 14:50:30 2023]
