#BEGIN: [Wed Apr 26 05:13:29 2023]
#HOST: mini15.local
#TIMELIMIT: 2400
#MEMLIMIT: 0
#FREQ: 10
#SOLVER: saf230420-16h03m-bddcadical
#CSP: benchmark/boolean-network/pystablemotif-real/EMT.booleannet.an
#K: 1800
#COMMAND: /Users/soh/app/util/wrap.sh java -Xms16g -Xmx16g -jar /Users/soh/app/saf230420-16h03m/saf.jar -k 1800 -k1solver /Users/soh/app/saf230420-16h03m/bdd_minisat_all-1.0.2/bdd_minisat_all_release -libname cadical -libpath /Users/soh/app/saf230420-16h03m/cadical/build/ benchmark/boolean-network/pystablemotif-real/EMT.booleannet.an
Using IPASIR SAT Solver and AllSAT Solver
Libpath: /Users/soh/app/saf230420-16h03m/cadical/build/
Libname: cadical
K1solver: /Users/soh/app/saf230420-16h03m/bdd_minisat_all-1.0.2/bdd_minisat_all_release

AKT,Dest_compl,AXIN2,Bcatenin_memb,Bcatenin_nuc,BTrCP,CD44,CDC42,cfos,cMet,Csl,Csn,DELTA,DSH,Ecadherin,EGFR,EGR1,EMT,ERK,FGFR,FOXC2,Frizzled,FUS,GLI,GSK3B,HEY1,HIF1A,IGF1R,IKKA,ILK,Jagged,LIV1,LOXL23,MEK,miR200,NFKB,NOTCH,NOTCH_ic,PAK1,Patched,PDGFR,PI3K,RAF,RAS,RKIP,SHH,SNAI2,SMAD,SMO,SNAI1,SOS_GRB2,SRC,STAT,SUFU,TCF_LEF,TGFB,TGFBR,TWIST1,Wnt,ZEB1,ZEB2,EGF,FGF,HGF,Goosecoid,Hypoxia,IGF1,PDGF,CHD1L
000101000000001000000000100000000010000100001000000001000000000000000
000101000000001000000000100000000010000100001010000001000000000000000
001101000000001000000000100000000010000100001000000001000000000000000
001101000000001000000000100000000010000100001010000001000000000000000
010001000000000001000000100000000010000100001000000001000000000000000
010001000000000001000000100000000010000100001010000001000000000000000
010101000000001000000000100000000010000100001000000001000000000000000
010101000000001000000000100000000010000100001010000001000000000000000
011001000000000001000000100000000010000100001000000001000000000000000
011001000000000001000000100000000010000100001010000001000000000000000
011101000000001000000000100000000010000100001000000001000000000000000
011101000000001000000000100000000010000100001010000001000000000000000
101010111111110011101111010011110101111001110111110110111111100000000
k: 2, #Var: 1701, #Clause: 61748
UNSAT
k: 3, #Var: 3138, #Clause: 178602
UNSAT
k: 4, #Var: 5054, #Clause: 352994
UNSAT
k: 5, #Var: 7449, #Clause: 584924
UNSAT
k: 6, #Var: 10323, #Clause: 874392
UNSAT
k: 7, #Var: 13676, #Clause: 1221398
UNSAT
k: 8, #Var: 17508, #Clause: 1625942
UNSAT
k: 9, #Var: 21819, #Clause: 2088024
UNSAT
k: 10, #Var: 26609, #Clause: 2607644
UNSAT
k: 11, #Var: 31878, #Clause: 3184802
UNSAT
k: 12, #Var: 37626, #Clause: 3819498
UNSAT
k: 13, #Var: 43853, #Clause: 4511732
UNSAT
k: 14, #Var: 50559, #Clause: 5261504
UNSAT
k: 15, #Var: 57744, #Clause: 6068814
UNSAT
k: 16, #Var: 65408, #Clause: 6933662
UNSAT
k: 17, #Var: 73551, #Clause: 7856048
UNSAT
k: 18, #Var: 82173, #Clause: 8835972
UNSAT
k: 19, #Var: 91274, #Clause: 9873434
TIMEOUT CPU 2400 MEM 0 MAXMEM 0
#RESULT: UNSAT
#FIN: TO
#CPU: 2400
#MAXMEM: 0
c 73163 killed(2). 73162 killed(2). 73161 killed(2). 73163 killed(9). 73162 killed(9). 73161 killed(9). 
#END: [Wed Apr 26 05:53:30 2023]
