#BEGIN: [Thu Apr 20 21:30:26 2023]
#HOST: mini17.local
#TIMELIMIT: 2400
#MEMLIMIT: 0
#FREQ: 10
#SOLVER: saf230420-16h03m-sat4j
#CSP: benchmark/boolean-network/pystablemotif-real/EMT.booleannet.an
#K: 1800
#COMMAND: /Users/soh/app/util/wrap.sh java -Xms16g -Xmx16g -jar /Users/soh/app/saf230420-16h03m/saf.jar -k 256 benchmark/boolean-network/pystablemotif-real/EMT.booleannet.an
Using Sat4j SAT Solver

AKT,Dest_compl,AXIN2,Bcatenin_memb,Bcatenin_nuc,BTrCP,CD44,CDC42,cfos,cMet,Csl,Csn,DELTA,DSH,Ecadherin,EGFR,EGR1,EMT,ERK,FGFR,FOXC2,Frizzled,FUS,GLI,GSK3B,HEY1,HIF1A,IGF1R,IKKA,ILK,Jagged,LIV1,LOXL23,MEK,miR200,NFKB,NOTCH,NOTCH_ic,PAK1,Patched,PDGFR,PI3K,RAF,RAS,RKIP,SHH,SNAI2,SMAD,SMO,SNAI1,SOS_GRB2,SRC,STAT,SUFU,TCF_LEF,TGFB,TGFBR,TWIST1,Wnt,ZEB1,ZEB2,EGF,FGF,HGF,Goosecoid,Hypoxia,IGF1,PDGF,CHD1L
k: 1, #Var: 274, #Clause: 1082
#1
000101000000001000000000100000000010000100001000000001000000000000000
#2
010101000000001000000000100000000010000100001000000001000000000000000
#3
001101000000001000000000100000000010000100001000000001000000000000000
#4
011101000000001000000000100000000010000100001000000001000000000000000
#5
011001000000000001000000100000000010000100001000000001000000000000000
#6
010001000000000001000000100000000010000100001000000001000000000000000
#7
010001000000000001000000100000000010000100001010000001000000000000000
#8
000101000000001000000000100000000010000100001010000001000000000000000
#9
010101000000001000000000100000000010000100001010000001000000000000000
#10
001101000000001000000000100000000010000100001010000001000000000000000
#11
011101000000001000000000100000000010000100001010000001000000000000000
#12
011001000000000001000000100000000010000100001010000001000000000000000
#13
101010111111110011101111010011110101111001110111110110111111100000000
k: 2, #Var: 1701, #Clause: 61748
UNSAT
k: 3, #Var: 3138, #Clause: 178602
UNSAT
k: 4, #Var: 5054, #Clause: 352994
UNSAT
k: 5, #Var: 7449, #Clause: 584924
UNSAT
k: 6, #Var: 10323, #Clause: 874392
UNSAT
k: 7, #Var: 13676, #Clause: 1221398
UNSAT
k: 8, #Var: 17508, #Clause: 1625942
UNSAT
k: 9, #Var: 21819, #Clause: 2088024
UNSAT
k: 10, #Var: 26609, #Clause: 2607644
UNSAT
k: 11, #Var: 31878, #Clause: 3184802
UNSAT
k: 12, #Var: 37626, #Clause: 3819498
UNSAT
k: 13, #Var: 43853, #Clause: 4511732
TIMEOUT CPU 2400 MEM 0 MAXMEM 0
#RESULT: UNSAT
#FIN: TO
#CPU: 2400
#MAXMEM: 0
c 04486 killed(2). 04487 killed(2). 04485 killed(2). 04486 killed(9). 04487 killed(9). 04485 killed(9). 
#END: [Thu Apr 20 22:10:26 2023]
